# JRE version: Java(TM) SE Runtime Environment (8.0_111-b14) (build 1.8.0_111-b14)
# Java VM: Java HotSpot(TM) 64-Bit Server VM (25.111-b14 mixed mode windows-amd64 compressed oops)
Heap:
 PSYoungGen      total 3479040K, used 141032K [0x00000006eb380000, 0x00000007bff00000, 0x00000007c0000000)
  eden space 3476992K, 3% used [0x00000006eb380000,0x00000006f3b51e48,0x00000007bf700000)
  from space 2048K, 95% used [0x00000007bf700000,0x00000007bf8e8500,0x00000007bf900000)
  to   space 4096K, 0% used [0x00000007bfb00000,0x00000007bfb00000,0x00000007bff00000)
 ParOldGen       total 437248K, used 39862K [0x0000000541a00000, 0x000000055c500000, 0x00000006eb380000)
  object space 437248K, 9% used [0x0000000541a00000,0x00000005440eda40,0x000000055c500000)
 Metaspace       used 14754K, capacity 14991K, committed 15232K, reserved 1062912K
  class space    used 1761K, capacity 1840K, committed 1920K, reserved 1048576K
GC Heap History (10 events):
Event: 99.218 GC heap before
{Heap before GC invocations=1747 (full 862):
 PSYoungGen      total 3480576K, used 139059K [0x00000006eb380000, 0x00000007c0000000, 0x00000007c0000000)
  eden space 3476480K, 3% used [0x00000006eb380000,0x00000006f3b4cc80,0x00000007bf680000)
  from space 4096K, 0% used [0x00000007bfb00000,0x00000007bfb00000,0x00000007bff00000)
  to   space 4608K, 0% used [0x00000007bf680000,0x00000007bf680000,0x00000007bfb00000)
 ParOldGen       total 437248K, used 39863K [0x0000000541a00000, 0x000000055c500000, 0x00000006eb380000)
  object space 437248K, 9% used [0x0000000541a00000,0x00000005440edd80,0x000000055c500000)
 Metaspace       used 14754K, capacity 14991K, committed 15232K, reserved 1062912K
  class space    used 1761K, capacity 1840K, committed 1920K, reserved 1048576K
Event: 99.223 GC heap after
Heap after GC invocations=1747 (full 862):
 PSYoungGen      total 3481088K, used 1008K [0x00000006eb380000, 0x00000007c0000000, 0x00000007c0000000)
  eden space 3476480K, 0% used [0x00000006eb380000,0x00000006eb380000,0x00000007bf680000)
  from space 4608K, 21% used [0x00000007bf680000,0x00000007bf77c280,0x00000007bfb00000)
  to   space 4608K, 0% used [0x00000007bfb80000,0x00000007bfb80000,0x00000007c0000000)
 ParOldGen       total 437248K, used 39863K [0x0000000541a00000, 0x000000055c500000, 0x00000006eb380000)
  object space 437248K, 9% used [0x0000000541a00000,0x00000005440edd80,0x000000055c500000)
 Metaspace       used 14754K, capacity 14991K, committed 15232K, reserved 1062912K
  class space    used 1761K, capacity 1840K, committed 1920K, reserved 1048576K
}
Event: 99.223 GC heap before
{Heap before GC invocations=1748 (full 863):
 PSYoungGen      total 3481088K, used 1008K [0x00000006eb380000, 0x00000007c0000000, 0x00000007c0000000)
  eden space 3476480K, 0% used [0x00000006eb380000,0x00000006eb380000,0x00000007bf680000)
  from space 4608K, 21% used [0x00000007bf680000,0x00000007bf77c280,0x00000007bfb00000)
  to   space 4608K, 0% used [0x00000007bfb80000,0x00000007bfb80000,0x00000007c0000000)
 ParOldGen       total 437248K, used 39863K [0x0000000541a00000, 0x000000055c500000, 0x00000006eb380000)
  object space 437248K, 9% used [0x0000000541a00000,0x00000005440edd80,0x000000055c500000)
 Metaspace       used 14754K, capacity 14991K, committed 15232K, reserved 1062912K
  class space    used 1761K, capacity 1840K, committed 1920K, reserved 1048576K
Event: 99.248 GC heap after
Heap after GC invocations=1748 (full 863):
 PSYoungGen      total 3481088K, used 0K [0x00000006eb380000, 0x00000007c0000000, 0x00000007c0000000)
  eden space 3476480K, 0% used [0x00000006eb380000,0x00000006eb380000,0x00000007bf680000)
  from space 4608K, 0% used [0x00000007bf680000,0x00000007bf680000,0x00000007bfb00000)
  to   space 4608K, 0% used [0x00000007bfb80000,0x00000007bfb80000,0x00000007c0000000)
 ParOldGen       total 437248K, used 39863K [0x0000000541a00000, 0x000000055c500000, 0x00000006eb380000)
  object space 437248K, 9% used [0x0000000541a00000,0x00000005440edc60,0x000000055c500000)
 Metaspace       used 14754K, capacity 14991K, committed 15232K, reserved 1062912K
  class space    used 1761K, capacity 1840K, committed 1920K, reserved 1048576K
}
Event: 99.350 GC heap before
{Heap before GC invocations=1749 (full 863):
 PSYoungGen      total 3481088K, used 139059K [0x00000006eb380000, 0x00000007c0000000, 0x00000007c0000000)
  eden space 3476480K, 3% used [0x00000006eb380000,0x00000006f3b4cc80,0x00000007bf680000)
  from space 4608K, 0% used [0x00000007bf680000,0x00000007bf680000,0x00000007bfb00000)
  to   space 4608K, 0% used [0x00000007bfb80000,0x00000007bfb80000,0x00000007c0000000)
 ParOldGen       total 437248K, used 39863K [0x0000000541a00000, 0x000000055c500000, 0x00000006eb380000)
  object space 437248K, 9% used [0x0000000541a00000,0x00000005440edc60,0x000000055c500000)
 Metaspace       used 14754K, capacity 14991K, committed 15232K, reserved 1062912K
  class space    used 1761K, capacity 1840K, committed 1920K, reserved 1048576K
Event: 99.359 GC heap after
Heap after GC invocations=1749 (full 863):
 PSYoungGen      total 3481600K, used 1008K [0x00000006eb380000, 0x00000007c0000000, 0x00000007c0000000)
  eden space 3476992K, 0% used [0x00000006eb380000,0x00000006eb380000,0x00000007bf700000)
  from space 4608K, 21% used [0x00000007bfb80000,0x00000007bfc7c280,0x00000007c0000000)
  to   space 4608K, 0% used [0x00000007bf700000,0x00000007bf700000,0x00000007bfb80000)
 ParOldGen       total 437248K, used 39863K [0x0000000541a00000, 0x000000055c500000, 0x00000006eb380000)
  object space 437248K, 9% used [0x0000000541a00000,0x00000005440edc60,0x000000055c500000)
 Metaspace       used 14754K, capacity 14991K, committed 15232K, reserved 1062912K
  class space    used 1761K, capacity 1840K, committed 1920K, reserved 1048576K
}
Event: 99.359 GC heap before
{Heap before GC invocations=1750 (full 864):
 PSYoungGen      total 3481600K, used 1008K [0x00000006eb380000, 0x00000007c0000000, 0x00000007c0000000)
  eden space 3476992K, 0% used [0x00000006eb380000,0x00000006eb380000,0x00000007bf700000)
  from space 4608K, 21% used [0x00000007bfb80000,0x00000007bfc7c280,0x00000007c0000000)
  to   space 4608K, 0% used [0x00000007bf700000,0x00000007bf700000,0x00000007bfb80000)
 ParOldGen       total 437248K, used 39863K [0x0000000541a00000, 0x000000055c500000, 0x00000006eb380000)
  object space 437248K, 9% used [0x0000000541a00000,0x00000005440edc60,0x000000055c500000)
 Metaspace       used 14754K, capacity 14991K, committed 15232K, reserved 1062912K
  class space    used 1761K, capacity 1840K, committed 1920K, reserved 1048576K
Event: 99.386 GC heap after
Heap after GC invocations=1750 (full 864):
 PSYoungGen      total 3481600K, used 0K [0x00000006eb380000, 0x00000007c0000000, 0x00000007c0000000)
  eden space 3476992K, 0% used [0x00000006eb380000,0x00000006eb380000,0x00000007bf700000)
  from space 4608K, 0% used [0x00000007bfb80000,0x00000007bfb80000,0x00000007c0000000)
  to   space 4608K, 0% used [0x00000007bf700000,0x00000007bf700000,0x00000007bfb80000)
 ParOldGen       total 437248K, used 39862K [0x0000000541a00000, 0x000000055c500000, 0x00000006eb380000)
  object space 437248K, 9% used [0x0000000541a00000,0x00000005440eda40,0x000000055c500000)
 Metaspace       used 14754K, capacity 14991K, committed 15232K, reserved 1062912K
  class space    used 1761K, capacity 1840K, committed 1920K, reserved 1048576K
}
Event: 99.491 GC heap before
{Heap before GC invocations=1751 (full 864):
 PSYoungGen      total 3481600K, used 139079K [0x00000006eb380000, 0x00000007c0000000, 0x00000007c0000000)
  eden space 3476992K, 3% used [0x00000006eb380000,0x00000006f3b51e80,0x00000007bf700000)
  from space 4608K, 0% used [0x00000007bfb80000,0x00000007bfb80000,0x00000007c0000000)
  to   space 4608K, 0% used [0x00000007bf700000,0x00000007bf700000,0x00000007bfb80000)
 ParOldGen       total 437248K, used 39862K [0x0000000541a00000, 0x000000055c500000, 0x00000006eb380000)
  object space 437248K, 9% used [0x0000000541a00000,0x00000005440eda40,0x000000055c500000)
 Metaspace       used 14754K, capacity 14991K, committed 15232K, reserved 1062912K
  class space    used 1761K, capacity 1840K, committed 1920K, reserved 1048576K
Event: 99.492 GC heap after
Heap after GC invocations=1751 (full 864):
 PSYoungGen      total 3479040K, used 1953K [0x00000006eb380000, 0x00000007bff00000, 0x00000007c0000000)
  eden space 3476992K, 0% used [0x00000006eb380000,0x00000006eb380000,0x00000007bf700000)
  from space 2048K, 95% used [0x00000007bf700000,0x00000007bf8e8500,0x00000007bf900000)
  to   space 4096K, 0% used [0x00000007bfb00000,0x00000007bfb00000,0x00000007bff00000)
 ParOldGen       total 437248K, used 39862K [0x0000000541a00000, 0x000000055c500000, 0x00000006eb380000)
  object space 437248K, 9% used [0x0000000541a00000,0x00000005440eda40,0x000000055c500000)
 Metaspace       used 14754K, capacity 14991K, committed 15232K, reserved 1062912K
  class space    used 1761K, capacity 1840K, committed 1920K, reserved 1048576K
}

