# JRE version: Java(TM) SE Runtime Environment (8.0_111-b14) (build 1.8.0_111-b14)
# Java VM: Java HotSpot(TM) 64-Bit Server VM (25.111-b14 mixed mode windows-amd64 compressed oops)
Heap:
 PSYoungGen      total 2668032K, used 2929K [0x00000006eb380000, 0x00000007aec80000, 0x00000007c0000000)
  eden space 2664960K, 0% used [0x00000006eb380000,0x00000006eb380000,0x000000078de00000)
  from space 3072K, 95% used [0x000000078de00000,0x000000078e0dc780,0x000000078e100000)
  to   space 3072K, 0% used [0x000000078e100000,0x000000078e100000,0x000000078e400000)
 ParOldGen       total 437248K, used 39845K [0x0000000541a00000, 0x000000055c500000, 0x00000006eb380000)
  object space 437248K, 9% used [0x0000000541a00000,0x00000005440e97e0,0x000000055c500000)
 Metaspace       used 15159K, capacity 15343K, committed 15744K, reserved 1062912K
  class space    used 1799K, capacity 1872K, committed 1920K, reserved 1048576K
GC Heap History (10 events):
Event: 325.633 GC heap after
Heap after GC invocations=11394 (full 5628):
 PSYoungGen      total 2668032K, used 0K [0x00000006eb380000, 0x000000078e400000, 0x00000007c0000000)
  eden space 2664960K, 0% used [0x00000006eb380000,0x00000006eb380000,0x000000078de00000)
  from space 3072K, 0% used [0x000000078e100000,0x000000078e100000,0x000000078e400000)
  to   space 3072K, 0% used [0x000000078de00000,0x000000078de00000,0x000000078e100000)
 ParOldGen       total 437248K, used 39841K [0x0000000541a00000, 0x000000055c500000, 0x00000006eb380000)
  object space 437248K, 9% used [0x0000000541a00000,0x00000005440e8570,0x000000055c500000)
 Metaspace       used 15159K, capacity 15343K, committed 15744K, reserved 1062912K
  class space    used 1799K, capacity 1872K, committed 1920K, reserved 1048576K
}
Event: 325.662 GC heap before
{Heap before GC invocations=11395 (full 5628):
 PSYoungGen      total 2668032K, used 46657K [0x00000006eb380000, 0x000000078e400000, 0x00000007c0000000)
  eden space 2664960K, 1% used [0x00000006eb380000,0x00000006ee1105e0,0x000000078de00000)
  from space 3072K, 0% used [0x000000078e100000,0x000000078e100000,0x000000078e400000)
  to   space 3072K, 0% used [0x000000078de00000,0x000000078de00000,0x000000078e100000)
 ParOldGen       total 437248K, used 39841K [0x0000000541a00000, 0x000000055c500000, 0x00000006eb380000)
  object space 437248K, 9% used [0x0000000541a00000,0x00000005440e8570,0x000000055c500000)
 Metaspace       used 15159K, capacity 15343K, committed 15744K, reserved 1062912K
  class space    used 1799K, capacity 1872K, committed 1920K, reserved 1048576K
Event: 325.663 GC heap after
Heap after GC invocations=11395 (full 5628):
 PSYoungGen      total 2668032K, used 2993K [0x00000006eb380000, 0x000000078e400000, 0x00000007c0000000)
  eden space 2664960K, 0% used [0x00000006eb380000,0x00000006eb380000,0x000000078de00000)
  from space 3072K, 97% used [0x000000078de00000,0x000000078e0ec780,0x000000078e100000)
  to   space 3072K, 0% used [0x000000078e100000,0x000000078e100000,0x000000078e400000)
 ParOldGen       total 437248K, used 39841K [0x0000000541a00000, 0x000000055c500000, 0x00000006eb380000)
  object space 437248K, 9% used [0x0000000541a00000,0x00000005440e8570,0x000000055c500000)
 Metaspace       used 15159K, capacity 15343K, committed 15744K, reserved 1062912K
  class space    used 1799K, capacity 1872K, committed 1920K, reserved 1048576K
}
Event: 325.663 GC heap before
{Heap before GC invocations=11396 (full 5629):
 PSYoungGen      total 2668032K, used 2993K [0x00000006eb380000, 0x000000078e400000, 0x00000007c0000000)
  eden space 2664960K, 0% used [0x00000006eb380000,0x00000006eb380000,0x000000078de00000)
  from space 3072K, 97% used [0x000000078de00000,0x000000078e0ec780,0x000000078e100000)
  to   space 3072K, 0% used [0x000000078e100000,0x000000078e100000,0x000000078e400000)
 ParOldGen       total 437248K, used 39841K [0x0000000541a00000, 0x000000055c500000, 0x00000006eb380000)
  object space 437248K, 9% used [0x0000000541a00000,0x00000005440e8570,0x000000055c500000)
 Metaspace       used 15159K, capacity 15343K, committed 15744K, reserved 1062912K
  class space    used 1799K, capacity 1872K, committed 1920K, reserved 1048576K
Event: 325.673 GC heap after
Heap after GC invocations=11396 (full 5629):
 PSYoungGen      total 2668032K, used 0K [0x00000006eb380000, 0x000000078e400000, 0x00000007c0000000)
  eden space 2664960K, 0% used [0x00000006eb380000,0x00000006eb380000,0x000000078de00000)
  from space 3072K, 0% used [0x000000078de00000,0x000000078de00000,0x000000078e100000)
  to   space 3072K, 0% used [0x000000078e100000,0x000000078e100000,0x000000078e400000)
 ParOldGen       total 437248K, used 39845K [0x0000000541a00000, 0x000000055c500000, 0x00000006eb380000)
  object space 437248K, 9% used [0x0000000541a00000,0x00000005440e9538,0x000000055c500000)
 Metaspace       used 15159K, capacity 15343K, committed 15744K, reserved 1062912K
  class space    used 1799K, capacity 1872K, committed 1920K, reserved 1048576K
}
Event: 325.711 GC heap before
{Heap before GC invocations=11397 (full 5629):
 PSYoungGen      total 2668032K, used 46657K [0x00000006eb380000, 0x000000078e400000, 0x00000007c0000000)
  eden space 2664960K, 1% used [0x00000006eb380000,0x00000006ee110600,0x000000078de00000)
  from space 3072K, 0% used [0x000000078de00000,0x000000078de00000,0x000000078e100000)
  to   space 3072K, 0% used [0x000000078e100000,0x000000078e100000,0x000000078e400000)
 ParOldGen       total 437248K, used 39845K [0x0000000541a00000, 0x000000055c500000, 0x00000006eb380000)
  object space 437248K, 9% used [0x0000000541a00000,0x00000005440e9538,0x000000055c500000)
 Metaspace       used 15159K, capacity 15343K, committed 15744K, reserved 1062912K
  class space    used 1799K, capacity 1872K, committed 1920K, reserved 1048576K
Event: 325.712 GC heap after
Heap after GC invocations=11397 (full 5629):
 PSYoungGen      total 2668032K, used 2961K [0x00000006eb380000, 0x000000078e400000, 0x00000007c0000000)
  eden space 2664960K, 0% used [0x00000006eb380000,0x00000006eb380000,0x000000078de00000)
  from space 3072K, 96% used [0x000000078e100000,0x000000078e3e4780,0x000000078e400000)
  to   space 3072K, 0% used [0x000000078de00000,0x000000078de00000,0x000000078e100000)
 ParOldGen       total 437248K, used 39845K [0x0000000541a00000, 0x000000055c500000, 0x00000006eb380000)
  object space 437248K, 9% used [0x0000000541a00000,0x00000005440e9538,0x000000055c500000)
 Metaspace       used 15159K, capacity 15343K, committed 15744K, reserved 1062912K
  class space    used 1799K, capacity 1872K, committed 1920K, reserved 1048576K
}
Event: 325.712 GC heap before
{Heap before GC invocations=11398 (full 5630):
 PSYoungGen      total 2668032K, used 2961K [0x00000006eb380000, 0x000000078e400000, 0x00000007c0000000)
  eden space 2664960K, 0% used [0x00000006eb380000,0x00000006eb380000,0x000000078de00000)
  from space 3072K, 96% used [0x000000078e100000,0x000000078e3e4780,0x000000078e400000)
  to   space 3072K, 0% used [0x000000078de00000,0x000000078de00000,0x000000078e100000)
 ParOldGen       total 437248K, used 39845K [0x0000000541a00000, 0x000000055c500000, 0x00000006eb380000)
  object space 437248K, 9% used [0x0000000541a00000,0x00000005440e9538,0x000000055c500000)
 Metaspace       used 15159K, capacity 15343K, committed 15744K, reserved 1062912K
  class space    used 1799K, capacity 1872K, committed 1920K, reserved 1048576K
Event: 325.722 GC heap after
Heap after GC invocations=11398 (full 5630):
 PSYoungGen      total 2668032K, used 0K [0x00000006eb380000, 0x000000078e400000, 0x00000007c0000000)
  eden space 2664960K, 0% used [0x00000006eb380000,0x00000006eb380000,0x000000078de00000)
  from space 3072K, 0% used [0x000000078e100000,0x000000078e100000,0x000000078e400000)
  to   space 3072K, 0% used [0x000000078de00000,0x000000078de00000,0x000000078e100000)
 ParOldGen       total 437248K, used 39845K [0x0000000541a00000, 0x000000055c500000, 0x00000006eb380000)
  object space 437248K, 9% used [0x0000000541a00000,0x00000005440e97e0,0x000000055c500000)
 Metaspace       used 15159K, capacity 15343K, committed 15744K, reserved 1062912K
  class space    used 1799K, capacity 1872K, committed 1920K, reserved 1048576K
}
Event: 325.770 GC heap before
{Heap before GC invocations=11399 (full 5630):
 PSYoungGen      total 2668032K, used 46657K [0x00000006eb380000, 0x000000078e400000, 0x00000007c0000000)
  eden space 2664960K, 1% used [0x00000006eb380000,0x00000006ee110600,0x000000078de00000)
  from space 3072K, 0% used [0x000000078e100000,0x000000078e100000,0x000000078e400000)
  to   space 3072K, 0% used [0x000000078de00000,0x000000078de00000,0x000000078e100000)
 ParOldGen       total 437248K, used 39845K [0x0000000541a00000, 0x000000055c500000, 0x00000006eb380000)
  object space 437248K, 9% used [0x0000000541a00000,0x00000005440e97e0,0x000000055c500000)
 Metaspace       used 15159K, capacity 15343K, committed 15744K, reserved 1062912K
  class space    used 1799K, capacity 1872K, committed 1920K, reserved 1048576K

