# JRE version: Java(TM) SE Runtime Environment (8.0_111-b14) (build 1.8.0_111-b14)
# Java VM: Java HotSpot(TM) 64-Bit Server VM (25.111-b14 mixed mode windows-amd64 compressed oops)
Heap:
 PSYoungGen      total 2718208K, used 2961K [0x00000006eb380000, 0x00000007b2700000, 0x00000007c0000000)
  eden space 2714624K, 0% used [0x00000006eb380000,0x00000006eb380000,0x0000000790e80000)
  from space 3584K, 82% used [0x0000000790e80000,0x0000000791164780,0x0000000791200000)
  to   space 3584K, 0% used [0x0000000791200000,0x0000000791200000,0x0000000791580000)
 ParOldGen       total 437248K, used 40020K [0x0000000541a00000, 0x000000055c500000, 0x00000006eb380000)
  object space 437248K, 9% used [0x0000000541a00000,0x00000005441152b0,0x000000055c500000)
 Metaspace       used 14898K, capacity 15119K, committed 15488K, reserved 1062912K
  class space    used 1763K, capacity 1840K, committed 1920K, reserved 1048576K
GC Heap History (10 events):
Event: 1743.715 GC heap after
Heap after GC invocations=34707 (full 16945):
 PSYoungGen      total 2718208K, used 0K [0x00000006eb380000, 0x0000000791580000, 0x00000007c0000000)
  eden space 2714624K, 0% used [0x00000006eb380000,0x00000006eb380000,0x0000000790e80000)
  from space 3584K, 0% used [0x0000000791200000,0x0000000791200000,0x0000000791580000)
  to   space 3584K, 0% used [0x0000000790e80000,0x0000000790e80000,0x0000000791200000)
 ParOldGen       total 437248K, used 40018K [0x0000000541a00000, 0x000000055c500000, 0x00000006eb380000)
  object space 437248K, 9% used [0x0000000541a00000,0x00000005441148f0,0x000000055c500000)
 Metaspace       used 14898K, capacity 15119K, committed 15488K, reserved 1062912K
  class space    used 1763K, capacity 1840K, committed 1920K, reserved 1048576K
}
Event: 1743.802 GC heap before
{Heap before GC invocations=34708 (full 16945):
 PSYoungGen      total 2718208K, used 66168K [0x00000006eb380000, 0x0000000791580000, 0x00000007c0000000)
  eden space 2714624K, 2% used [0x00000006eb380000,0x00000006ef41e208,0x0000000790e80000)
  from space 3584K, 0% used [0x0000000791200000,0x0000000791200000,0x0000000791580000)
  to   space 3584K, 0% used [0x0000000790e80000,0x0000000790e80000,0x0000000791200000)
 ParOldGen       total 437248K, used 40018K [0x0000000541a00000, 0x000000055c500000, 0x00000006eb380000)
  object space 437248K, 9% used [0x0000000541a00000,0x00000005441148f0,0x000000055c500000)
 Metaspace       used 14898K, capacity 15119K, committed 15488K, reserved 1062912K
  class space    used 1763K, capacity 1840K, committed 1920K, reserved 1048576K
Event: 1743.803 GC heap after
Heap after GC invocations=34708 (full 16945):
 PSYoungGen      total 2718208K, used 2961K [0x00000006eb380000, 0x0000000791580000, 0x00000007c0000000)
  eden space 2714624K, 0% used [0x00000006eb380000,0x00000006eb380000,0x0000000790e80000)
  from space 3584K, 82% used [0x0000000790e80000,0x0000000791164780,0x0000000791200000)
  to   space 3584K, 0% used [0x0000000791200000,0x0000000791200000,0x0000000791580000)
 ParOldGen       total 437248K, used 40018K [0x0000000541a00000, 0x000000055c500000, 0x00000006eb380000)
  object space 437248K, 9% used [0x0000000541a00000,0x00000005441148f0,0x000000055c500000)
 Metaspace       used 14898K, capacity 15119K, committed 15488K, reserved 1062912K
  class space    used 1763K, capacity 1840K, committed 1920K, reserved 1048576K
}
Event: 1743.803 GC heap before
{Heap before GC invocations=34709 (full 16946):
 PSYoungGen      total 2718208K, used 2961K [0x00000006eb380000, 0x0000000791580000, 0x00000007c0000000)
  eden space 2714624K, 0% used [0x00000006eb380000,0x00000006eb380000,0x0000000790e80000)
  from space 3584K, 82% used [0x0000000790e80000,0x0000000791164780,0x0000000791200000)
  to   space 3584K, 0% used [0x0000000791200000,0x0000000791200000,0x0000000791580000)
 ParOldGen       total 437248K, used 40018K [0x0000000541a00000, 0x000000055c500000, 0x00000006eb380000)
  object space 437248K, 9% used [0x0000000541a00000,0x00000005441148f0,0x000000055c500000)
 Metaspace       used 14898K, capacity 15119K, committed 15488K, reserved 1062912K
  class space    used 1763K, capacity 1840K, committed 1920K, reserved 1048576K
Event: 1743.814 GC heap after
Heap after GC invocations=34709 (full 16946):
 PSYoungGen      total 2718208K, used 0K [0x00000006eb380000, 0x0000000791580000, 0x00000007c0000000)
  eden space 2714624K, 0% used [0x00000006eb380000,0x00000006eb380000,0x0000000790e80000)
  from space 3584K, 0% used [0x0000000790e80000,0x0000000790e80000,0x0000000791200000)
  to   space 3584K, 0% used [0x0000000791200000,0x0000000791200000,0x0000000791580000)
 ParOldGen       total 437248K, used 40021K [0x0000000541a00000, 0x000000055c500000, 0x00000006eb380000)
  object space 437248K, 9% used [0x0000000541a00000,0x00000005441157d0,0x000000055c500000)
 Metaspace       used 14898K, capacity 15119K, committed 15488K, reserved 1062912K
  class space    used 1763K, capacity 1840K, committed 1920K, reserved 1048576K
}
Event: 1743.901 GC heap before
{Heap before GC invocations=34710 (full 16946):
 PSYoungGen      total 2718208K, used 66168K [0x00000006eb380000, 0x0000000791580000, 0x00000007c0000000)
  eden space 2714624K, 2% used [0x00000006eb380000,0x00000006ef41e208,0x0000000790e80000)
  from space 3584K, 0% used [0x0000000790e80000,0x0000000790e80000,0x0000000791200000)
  to   space 3584K, 0% used [0x0000000791200000,0x0000000791200000,0x0000000791580000)
 ParOldGen       total 437248K, used 40021K [0x0000000541a00000, 0x000000055c500000, 0x00000006eb380000)
  object space 437248K, 9% used [0x0000000541a00000,0x00000005441157d0,0x000000055c500000)
 Metaspace       used 14898K, capacity 15119K, committed 15488K, reserved 1062912K
  class space    used 1763K, capacity 1840K, committed 1920K, reserved 1048576K
Event: 1743.903 GC heap after
Heap after GC invocations=34710 (full 16946):
 PSYoungGen      total 2718208K, used 2929K [0x00000006eb380000, 0x0000000791580000, 0x00000007c0000000)
  eden space 2714624K, 0% used [0x00000006eb380000,0x00000006eb380000,0x0000000790e80000)
  from space 3584K, 81% used [0x0000000791200000,0x00000007914dc780,0x0000000791580000)
  to   space 3584K, 0% used [0x0000000790e80000,0x0000000790e80000,0x0000000791200000)
 ParOldGen       total 437248K, used 40021K [0x0000000541a00000, 0x000000055c500000, 0x00000006eb380000)
  object space 437248K, 9% used [0x0000000541a00000,0x00000005441157d0,0x000000055c500000)
 Metaspace       used 14898K, capacity 15119K, committed 15488K, reserved 1062912K
  class space    used 1763K, capacity 1840K, committed 1920K, reserved 1048576K
}
Event: 1743.903 GC heap before
{Heap before GC invocations=34711 (full 16947):
 PSYoungGen      total 2718208K, used 2929K [0x00000006eb380000, 0x0000000791580000, 0x00000007c0000000)
  eden space 2714624K, 0% used [0x00000006eb380000,0x00000006eb380000,0x0000000790e80000)
  from space 3584K, 81% used [0x0000000791200000,0x00000007914dc780,0x0000000791580000)
  to   space 3584K, 0% used [0x0000000790e80000,0x0000000790e80000,0x0000000791200000)
 ParOldGen       total 437248K, used 40021K [0x0000000541a00000, 0x000000055c500000, 0x00000006eb380000)
  object space 437248K, 9% used [0x0000000541a00000,0x00000005441157d0,0x000000055c500000)
 Metaspace       used 14898K, capacity 15119K, committed 15488K, reserved 1062912K
  class space    used 1763K, capacity 1840K, committed 1920K, reserved 1048576K
Event: 1743.914 GC heap after
Heap after GC invocations=34711 (full 16947):
 PSYoungGen      total 2718208K, used 0K [0x00000006eb380000, 0x0000000791580000, 0x00000007c0000000)
  eden space 2714624K, 0% used [0x00000006eb380000,0x00000006eb380000,0x0000000790e80000)
  from space 3584K, 0% used [0x0000000791200000,0x0000000791200000,0x0000000791580000)
  to   space 3584K, 0% used [0x0000000790e80000,0x0000000790e80000,0x0000000791200000)
 ParOldGen       total 437248K, used 40020K [0x0000000541a00000, 0x000000055c500000, 0x00000006eb380000)
  object space 437248K, 9% used [0x0000000541a00000,0x00000005441152b0,0x000000055c500000)
 Metaspace       used 14898K, capacity 15119K, committed 15488K, reserved 1062912K
  class space    used 1763K, capacity 1840K, committed 1920K, reserved 1048576K
}
Event: 1744.004 GC heap before
{Heap before GC invocations=34712 (full 16947):
 PSYoungGen      total 2718208K, used 66168K [0x00000006eb380000, 0x0000000791580000, 0x00000007c0000000)
  eden space 2714624K, 2% used [0x00000006eb380000,0x00000006ef41e208,0x0000000790e80000)
  from space 3584K, 0% used [0x0000000791200000,0x0000000791200000,0x0000000791580000)
  to   space 3584K, 0% used [0x0000000790e80000,0x0000000790e80000,0x0000000791200000)
 ParOldGen       total 437248K, used 40020K [0x0000000541a00000, 0x000000055c500000, 0x00000006eb380000)
  object space 437248K, 9% used [0x0000000541a00000,0x00000005441152b0,0x000000055c500000)
 Metaspace       used 14898K, capacity 15119K, committed 15488K, reserved 1062912K
  class space    used 1763K, capacity 1840K, committed 1920K, reserved 1048576K

