# JRE version: Java(TM) SE Runtime Environment (8.0_111-b14) (build 1.8.0_111-b14)
# Java VM: Java HotSpot(TM) 64-Bit Server VM (25.111-b14 mixed mode windows-amd64 compressed oops)
Heap:
 PSYoungGen      total 3482112K, used 976K [0x00000006eb380000, 0x00000007c0000000, 0x00000007c0000000)
  eden space 3478016K, 0% used [0x00000006eb380000,0x00000006eb380000,0x00000007bf800000)
  from space 4096K, 23% used [0x00000007bf800000,0x00000007bf8f4280,0x00000007bfc00000)
  to   space 4096K, 0% used [0x00000007bfc00000,0x00000007bfc00000,0x00000007c0000000)
 ParOldGen       total 437248K, used 40070K [0x0000000541a00000, 0x000000055c500000, 0x00000006eb380000)
  object space 437248K, 9% used [0x0000000541a00000,0x0000000544121948,0x000000055c500000)
 Metaspace       used 15404K, capacity 15637K, committed 16000K, reserved 1062912K
  class space    used 1839K, capacity 1905K, committed 1920K, reserved 1048576K
GC Heap History (10 events):
Event: 113.645 GC heap after
Heap after GC invocations=3704 (full 1537):
 PSYoungGen      total 3482112K, used 2865K [0x00000006eb380000, 0x00000007c0000000, 0x00000007c0000000)
  eden space 3479040K, 0% used [0x00000006eb380000,0x00000006eb380000,0x00000007bf900000)
  from space 3072K, 93% used [0x00000007bf900000,0x00000007bfbcc780,0x00000007bfc00000)
  to   space 4096K, 0% used [0x00000007bfc00000,0x00000007bfc00000,0x00000007c0000000)
 ParOldGen       total 437248K, used 40070K [0x0000000541a00000, 0x000000055c500000, 0x00000006eb380000)
  object space 437248K, 9% used [0x0000000541a00000,0x00000005441218c0,0x000000055c500000)
 Metaspace       used 15404K, capacity 15637K, committed 16000K, reserved 1062912K
  class space    used 1839K, capacity 1905K, committed 1920K, reserved 1048576K
}
Event: 113.645 GC heap before
{Heap before GC invocations=3705 (full 1538):
 PSYoungGen      total 3482112K, used 2865K [0x00000006eb380000, 0x00000007c0000000, 0x00000007c0000000)
  eden space 3479040K, 0% used [0x00000006eb380000,0x00000006eb380000,0x00000007bf900000)
  from space 3072K, 93% used [0x00000007bf900000,0x00000007bfbcc780,0x00000007bfc00000)
  to   space 4096K, 0% used [0x00000007bfc00000,0x00000007bfc00000,0x00000007c0000000)
 ParOldGen       total 437248K, used 40070K [0x0000000541a00000, 0x000000055c500000, 0x00000006eb380000)
  object space 437248K, 9% used [0x0000000541a00000,0x00000005441218c0,0x000000055c500000)
 Metaspace       used 15404K, capacity 15637K, committed 16000K, reserved 1062912K
  class space    used 1839K, capacity 1905K, committed 1920K, reserved 1048576K
Event: 113.663 GC heap after
Heap after GC invocations=3705 (full 1538):
 PSYoungGen      total 3482112K, used 0K [0x00000006eb380000, 0x00000007c0000000, 0x00000007c0000000)
  eden space 3479040K, 0% used [0x00000006eb380000,0x00000006eb380000,0x00000007bf900000)
  from space 3072K, 0% used [0x00000007bf900000,0x00000007bf900000,0x00000007bfc00000)
  to   space 4096K, 0% used [0x00000007bfc00000,0x00000007bfc00000,0x00000007c0000000)
 ParOldGen       total 437248K, used 40070K [0x0000000541a00000, 0x000000055c500000, 0x00000006eb380000)
  object space 437248K, 9% used [0x0000000541a00000,0x00000005441218c0,0x000000055c500000)
 Metaspace       used 15404K, capacity 15637K, committed 16000K, reserved 1062912K
  class space    used 1839K, capacity 1905K, committed 1920K, reserved 1048576K
}
Event: 113.681 GC heap before
{Heap before GC invocations=3706 (full 1538):
 PSYoungGen      total 3482112K, used 50248K [0x00000006eb380000, 0x00000007c0000000, 0x00000007c0000000)
  eden space 3479040K, 1% used [0x00000006eb380000,0x00000006ee492100,0x00000007bf900000)
  from space 3072K, 0% used [0x00000007bf900000,0x00000007bf900000,0x00000007bfc00000)
  to   space 4096K, 0% used [0x00000007bfc00000,0x00000007bfc00000,0x00000007c0000000)
 ParOldGen       total 437248K, used 40070K [0x0000000541a00000, 0x000000055c500000, 0x00000006eb380000)
  object space 437248K, 9% used [0x0000000541a00000,0x00000005441218c0,0x000000055c500000)
 Metaspace       used 15404K, capacity 15637K, committed 16000K, reserved 1062912K
  class space    used 1839K, capacity 1905K, committed 1920K, reserved 1048576K
Event: 113.682 GC heap after
Heap after GC invocations=3706 (full 1538):
 PSYoungGen      total 3482112K, used 2897K [0x00000006eb380000, 0x00000007c0000000, 0x00000007c0000000)
  eden space 3478016K, 0% used [0x00000006eb380000,0x00000006eb380000,0x00000007bf800000)
  from space 4096K, 70% used [0x00000007bfc00000,0x00000007bfed4780,0x00000007c0000000)
  to   space 4096K, 0% used [0x00000007bf800000,0x00000007bf800000,0x00000007bfc00000)
 ParOldGen       total 437248K, used 40070K [0x0000000541a00000, 0x000000055c500000, 0x00000006eb380000)
  object space 437248K, 9% used [0x0000000541a00000,0x00000005441218c0,0x000000055c500000)
 Metaspace       used 15404K, capacity 15637K, committed 16000K, reserved 1062912K
  class space    used 1839K, capacity 1905K, committed 1920K, reserved 1048576K
}
Event: 113.682 GC heap before
{Heap before GC invocations=3707 (full 1539):
 PSYoungGen      total 3482112K, used 2897K [0x00000006eb380000, 0x00000007c0000000, 0x00000007c0000000)
  eden space 3478016K, 0% used [0x00000006eb380000,0x00000006eb380000,0x00000007bf800000)
  from space 4096K, 70% used [0x00000007bfc00000,0x00000007bfed4780,0x00000007c0000000)
  to   space 4096K, 0% used [0x00000007bf800000,0x00000007bf800000,0x00000007bfc00000)
 ParOldGen       total 437248K, used 40070K [0x0000000541a00000, 0x000000055c500000, 0x00000006eb380000)
  object space 437248K, 9% used [0x0000000541a00000,0x00000005441218c0,0x000000055c500000)
 Metaspace       used 15404K, capacity 15637K, committed 16000K, reserved 1062912K
  class space    used 1839K, capacity 1905K, committed 1920K, reserved 1048576K
Event: 113.707 GC heap after
Heap after GC invocations=3707 (full 1539):
 PSYoungGen      total 3482112K, used 0K [0x00000006eb380000, 0x00000007c0000000, 0x00000007c0000000)
  eden space 3478016K, 0% used [0x00000006eb380000,0x00000006eb380000,0x00000007bf800000)
  from space 4096K, 0% used [0x00000007bfc00000,0x00000007bfc00000,0x00000007c0000000)
  to   space 4096K, 0% used [0x00000007bf800000,0x00000007bf800000,0x00000007bfc00000)
 ParOldGen       total 437248K, used 40070K [0x0000000541a00000, 0x000000055c500000, 0x00000006eb380000)
  object space 437248K, 9% used [0x0000000541a00000,0x0000000544121948,0x000000055c500000)
 Metaspace       used 15404K, capacity 15637K, committed 16000K, reserved 1062912K
  class space    used 1839K, capacity 1905K, committed 1920K, reserved 1048576K
}
Event: 113.721 GC heap before
{Heap before GC invocations=3708 (full 1539):
 PSYoungGen      total 3482112K, used 50233K [0x00000006eb380000, 0x00000007c0000000, 0x00000007c0000000)
  eden space 3478016K, 1% used [0x00000006eb380000,0x00000006ee48e5d8,0x00000007bf800000)
  from space 4096K, 0% used [0x00000007bfc00000,0x00000007bfc00000,0x00000007c0000000)
  to   space 4096K, 0% used [0x00000007bf800000,0x00000007bf800000,0x00000007bfc00000)
 ParOldGen       total 437248K, used 40070K [0x0000000541a00000, 0x000000055c500000, 0x00000006eb380000)
  object space 437248K, 9% used [0x0000000541a00000,0x0000000544121948,0x000000055c500000)
 Metaspace       used 15404K, capacity 15637K, committed 16000K, reserved 1062912K
  class space    used 1839K, capacity 1905K, committed 1920K, reserved 1048576K
Event: 113.724 GC heap after
Heap after GC invocations=3708 (full 1539):
 PSYoungGen      total 3482112K, used 976K [0x00000006eb380000, 0x00000007c0000000, 0x00000007c0000000)
  eden space 3478016K, 0% used [0x00000006eb380000,0x00000006eb380000,0x00000007bf800000)
  from space 4096K, 23% used [0x00000007bf800000,0x00000007bf8f4280,0x00000007bfc00000)
  to   space 4096K, 0% used [0x00000007bfc00000,0x00000007bfc00000,0x00000007c0000000)
 ParOldGen       total 437248K, used 40070K [0x0000000541a00000, 0x000000055c500000, 0x00000006eb380000)
  object space 437248K, 9% used [0x0000000541a00000,0x0000000544121948,0x000000055c500000)
 Metaspace       used 15404K, capacity 15637K, committed 16000K, reserved 1062912K
  class space    used 1839K, capacity 1905K, committed 1920K, reserved 1048576K
}
Event: 113.724 GC heap before
{Heap before GC invocations=3709 (full 1540):
 PSYoungGen      total 3482112K, used 976K [0x00000006eb380000, 0x00000007c0000000, 0x00000007c0000000)
  eden space 3478016K, 0% used [0x00000006eb380000,0x00000006eb380000,0x00000007bf800000)
  from space 4096K, 23% used [0x00000007bf800000,0x00000007bf8f4280,0x00000007bfc00000)
  to   space 4096K, 0% used [0x00000007bfc00000,0x00000007bfc00000,0x00000007c0000000)
 ParOldGen       total 437248K, used 40070K [0x0000000541a00000, 0x000000055c500000, 0x00000006eb380000)
  object space 437248K, 9% used [0x0000000541a00000,0x0000000544121948,0x000000055c500000)
 Metaspace       used 15404K, capacity 15637K, committed 16000K, reserved 1062912K
  class space    used 1839K, capacity 1905K, committed 1920K, reserved 1048576K

