# JRE version: Java(TM) SE Runtime Environment (15.0.2+7) (build 15.0.2+7-27)
# Java VM: Java HotSpot(TM) 64-Bit Server VM (15.0.2+7-27, mixed mode, sharing, tiered, compressed oops, g1 gc, windows-amd64)
GC Precious Log:
 CPUs: 8 total, 8 available
 Memory: 40849M
 Large Page Support: Disabled
 NUMA Support: Disabled
 Compressed Oops: Enabled (Zero based)
 Heap Region Size: 8M
 Heap Min Capacity: 8M
 Heap Initial Capacity: 640M
 Heap Max Capacity: 10216M
 Pre-touch: Disabled
 Parallel Workers: 8
 Concurrent Workers: 2
 Concurrent Refinement Workers: 8
 Periodic GC: Disabled
Heap:
 garbage-first heap   total 49152K, used 21533K [0x0000000581800000, 0x0000000800000000)
  region size 8192K, 1 young (8192K), 0 survivors (0K)
 Metaspace       used 15537K, capacity 15675K, committed 16000K, reserved 1062912K
  class space    used 1501K, capacity 1562K, committed 1664K, reserved 1048576K
GC Heap History (20 events):
Event: 310913.091 GC heap after
{Heap after GC invocations=318338 (full 57697):
 garbage-first heap   total 40960K, used 10822K [0x0000000581800000, 0x0000000800000000)
  region size 8192K, 1 young (8192K), 1 survivors (8192K)
 Metaspace       used 15537K, capacity 15675K, committed 16000K, reserved 1062912K
  class space    used 1501K, capacity 1562K, committed 1664K, reserved 1048576K
}
Event: 310913.544 GC heap before
{Heap before GC invocations=318338 (full 57697):
 garbage-first heap   total 40960K, used 19014K [0x0000000581800000, 0x0000000800000000)
  region size 8192K, 2 young (16384K), 1 survivors (8192K)
 Metaspace       used 15537K, capacity 15675K, committed 16000K, reserved 1062912K
  class space    used 1501K, capacity 1562K, committed 1664K, reserved 1048576K
}
Event: 310913.545 GC heap after
{Heap after GC invocations=318339 (full 57697):
 garbage-first heap   total 40960K, used 10255K [0x0000000581800000, 0x0000000800000000)
  region size 8192K, 1 young (8192K), 1 survivors (8192K)
 Metaspace       used 15537K, capacity 15675K, committed 16000K, reserved 1062912K
  class space    used 1501K, capacity 1562K, committed 1664K, reserved 1048576K
}
Event: 310914.119 GC heap before
{Heap before GC invocations=318339 (full 57697):
 garbage-first heap   total 40960K, used 18447K [0x0000000581800000, 0x0000000800000000)
  region size 8192K, 2 young (16384K), 1 survivors (8192K)
 Metaspace       used 15537K, capacity 15675K, committed 16000K, reserved 1062912K
  class space    used 1501K, capacity 1562K, committed 1664K, reserved 1048576K
}
Event: 310914.120 GC heap after
{Heap after GC invocations=318340 (full 57697):
 garbage-first heap   total 40960K, used 10626K [0x0000000581800000, 0x0000000800000000)
  region size 8192K, 1 young (8192K), 1 survivors (8192K)
 Metaspace       used 15537K, capacity 15675K, committed 16000K, reserved 1062912K
  class space    used 1501K, capacity 1562K, committed 1664K, reserved 1048576K
}
Event: 310915.076 GC heap before
{Heap before GC invocations=318340 (full 57697):
 garbage-first heap   total 40960K, used 18818K [0x0000000581800000, 0x0000000800000000)
  region size 8192K, 2 young (16384K), 1 survivors (8192K)
 Metaspace       used 15537K, capacity 15675K, committed 16000K, reserved 1062912K
  class space    used 1501K, capacity 1562K, committed 1664K, reserved 1048576K
}
Event: 310915.077 GC heap after
{Heap after GC invocations=318341 (full 57697):
 garbage-first heap   total 40960K, used 11180K [0x0000000581800000, 0x0000000800000000)
  region size 8192K, 1 young (8192K), 1 survivors (8192K)
 Metaspace       used 15537K, capacity 15675K, committed 16000K, reserved 1062912K
  class space    used 1501K, capacity 1562K, committed 1664K, reserved 1048576K
}
Event: 310915.268 GC heap before
{Heap before GC invocations=318341 (full 57697):
 garbage-first heap   total 40960K, used 11180K [0x0000000581800000, 0x0000000800000000)
  region size 8192K, 2 young (16384K), 1 survivors (8192K)
 Metaspace       used 15537K, capacity 15675K, committed 16000K, reserved 1062912K
  class space    used 1501K, capacity 1562K, committed 1664K, reserved 1048576K
}
Event: 310915.307 GC heap after
{Heap after GC invocations=318342 (full 57698):
 garbage-first heap   total 40960K, used 8914K [0x0000000581800000, 0x0000000800000000)
  region size 8192K, 0 young (0K), 0 survivors (0K)
 Metaspace       used 15537K, capacity 15675K, committed 16000K, reserved 1062912K
  class space    used 1501K, capacity 1562K, committed 1664K, reserved 1048576K
}
Event: 310915.771 GC heap before
{Heap before GC invocations=318342 (full 57698):
 garbage-first heap   total 40960K, used 17106K [0x0000000581800000, 0x0000000800000000)
  region size 8192K, 1 young (8192K), 0 survivors (0K)
 Metaspace       used 15537K, capacity 15675K, committed 16000K, reserved 1062912K
  class space    used 1501K, capacity 1562K, committed 1664K, reserved 1048576K
}
Event: 310915.772 GC heap after
{Heap after GC invocations=318343 (full 57698):
 garbage-first heap   total 40960K, used 10523K [0x0000000581800000, 0x0000000800000000)
  region size 8192K, 1 young (8192K), 1 survivors (8192K)
 Metaspace       used 15537K, capacity 15675K, committed 16000K, reserved 1062912K
  class space    used 1501K, capacity 1562K, committed 1664K, reserved 1048576K
}
Event: 310916.717 GC heap before
{Heap before GC invocations=318343 (full 57698):
 garbage-first heap   total 40960K, used 18715K [0x0000000581800000, 0x0000000800000000)
  region size 8192K, 2 young (16384K), 1 survivors (8192K)
 Metaspace       used 15537K, capacity 15675K, committed 16000K, reserved 1062912K
  class space    used 1501K, capacity 1562K, committed 1664K, reserved 1048576K
}
Event: 310916.718 GC heap after
{Heap after GC invocations=318344 (full 57698):
 garbage-first heap   total 40960K, used 11227K [0x0000000581800000, 0x0000000800000000)
  region size 8192K, 1 young (8192K), 1 survivors (8192K)
 Metaspace       used 15537K, capacity 15675K, committed 16000K, reserved 1062912K
  class space    used 1501K, capacity 1562K, committed 1664K, reserved 1048576K
}
Event: 310917.762 GC heap before
{Heap before GC invocations=318344 (full 57698):
 garbage-first heap   total 40960K, used 19419K [0x0000000581800000, 0x0000000800000000)
  region size 8192K, 2 young (16384K), 1 survivors (8192K)
 Metaspace       used 15537K, capacity 15675K, committed 16000K, reserved 1062912K
  class space    used 1501K, capacity 1562K, committed 1664K, reserved 1048576K
}
Event: 310917.764 GC heap after
{Heap after GC invocations=318345 (full 57698):
 garbage-first heap   total 40960K, used 11872K [0x0000000581800000, 0x0000000800000000)
  region size 8192K, 1 young (8192K), 1 survivors (8192K)
 Metaspace       used 15537K, capacity 15675K, committed 16000K, reserved 1062912K
  class space    used 1501K, capacity 1562K, committed 1664K, reserved 1048576K
}
Event: 310919.480 GC heap before
{Heap before GC invocations=318345 (full 57698):
 garbage-first heap   total 40960K, used 20064K [0x0000000581800000, 0x0000000800000000)
  region size 8192K, 2 young (16384K), 1 survivors (8192K)
 Metaspace       used 15537K, capacity 15675K, committed 16000K, reserved 1062912K
  class space    used 1501K, capacity 1562K, committed 1664K, reserved 1048576K
}
Event: 310919.482 GC heap after
{Heap after GC invocations=318346 (full 57698):
 garbage-first heap   total 40960K, used 12585K [0x0000000581800000, 0x0000000800000000)
  region size 8192K, 1 young (8192K), 1 survivors (8192K)
 Metaspace       used 15537K, capacity 15675K, committed 16000K, reserved 1062912K
  class space    used 1501K, capacity 1562K, committed 1664K, reserved 1048576K
}
Event: 310920.905 GC heap before
{Heap before GC invocations=318346 (full 57698):
 garbage-first heap   total 40960K, used 20777K [0x0000000581800000, 0x0000000800000000)
  region size 8192K, 2 young (16384K), 1 survivors (8192K)
 Metaspace       used 15537K, capacity 15675K, committed 16000K, reserved 1062912K
  class space    used 1501K, capacity 1562K, committed 1664K, reserved 1048576K
}
Event: 310920.907 GC heap after
{Heap after GC invocations=318347 (full 57698):
 garbage-first heap   total 40960K, used 13341K [0x0000000581800000, 0x0000000800000000)
  region size 8192K, 1 young (8192K), 1 survivors (8192K)
 Metaspace       used 15537K, capacity 15675K, committed 16000K, reserved 1062912K
  class space    used 1501K, capacity 1562K, committed 1664K, reserved 1048576K
}
Event: 310922.223 GC heap before
{Heap before GC invocations=318347 (full 57698):
 garbage-first heap   total 40960K, used 21533K [0x0000000581800000, 0x0000000800000000)
  region size 8192K, 2 young (16384K), 1 survivors (8192K)
 Metaspace       used 15537K, capacity 15675K, committed 16000K, reserved 1062912K
  class space    used 1501K, capacity 1562K, committed 1664K, reserved 1048576K
}

