# JRE version: Java(TM) SE Runtime Environment (15.0.2+7) (build 15.0.2+7-27)
# Java VM: Java HotSpot(TM) 64-Bit Server VM (15.0.2+7-27, mixed mode, sharing, tiered, compressed oops, g1 gc, windows-amd64)
GC Precious Log:
 CPUs: 8 total, 8 available
 Memory: 40849M
 Large Page Support: Disabled
 NUMA Support: Disabled
 Compressed Oops: Enabled (Zero based)
 Heap Region Size: 8M
 Heap Min Capacity: 8M
 Heap Initial Capacity: 640M
 Heap Max Capacity: 10216M
 Pre-touch: Disabled
 Parallel Workers: 8
 Concurrent Workers: 2
 Concurrent Refinement Workers: 8
 Periodic GC: Disabled
Heap:
 garbage-first heap   total 344064K, used 10954K [0x0000000581800000, 0x0000000800000000)
  region size 8192K, 1 young (8192K), 1 survivors (8192K)
 Metaspace       used 15772K, capacity 15920K, committed 16128K, reserved 1062912K
  class space    used 1648K, capacity 1721K, committed 1792K, reserved 1048576K
GC Heap History (20 events):
Event: 473429.536 GC heap after
{Heap after GC invocations=5697847 (full 5653665):
 garbage-first heap   total 32768K, used 8170K [0x0000000581800000, 0x0000000800000000)
  region size 8192K, 0 young (0K), 0 survivors (0K)
 Metaspace       used 15772K, capacity 15920K, committed 16128K, reserved 1062912K
  class space    used 1648K, capacity 1721K, committed 1792K, reserved 1048576K
}
Event: 473429.702 GC heap before
{Heap before GC invocations=5697847 (full 5653665):
 garbage-first heap   total 32768K, used 8170K [0x0000000581800000, 0x0000000800000000)
  region size 8192K, 1 young (8192K), 0 survivors (0K)
 Metaspace       used 15772K, capacity 15920K, committed 16128K, reserved 1062912K
  class space    used 1648K, capacity 1721K, committed 1792K, reserved 1048576K
}
Event: 473429.721 GC heap after
{Heap after GC invocations=5697848 (full 5653666):
 garbage-first heap   total 32768K, used 8192K [0x0000000581800000, 0x0000000800000000)
  region size 8192K, 0 young (0K), 0 survivors (0K)
 Metaspace       used 15772K, capacity 15920K, committed 16128K, reserved 1062912K
  class space    used 1648K, capacity 1721K, committed 1792K, reserved 1048576K
}
Event: 473430.242 GC heap before
{Heap before GC invocations=5697848 (full 5653666):
 garbage-first heap   total 32768K, used 8192K [0x0000000581800000, 0x0000000800000000)
  region size 8192K, 1 young (8192K), 0 survivors (0K)
 Metaspace       used 15772K, capacity 15920K, committed 16128K, reserved 1062912K
  class space    used 1648K, capacity 1721K, committed 1792K, reserved 1048576K
}
Event: 473430.243 GC heap after
{Heap after GC invocations=5697849 (full 5653666):
 garbage-first heap   total 32768K, used 10954K [0x0000000581800000, 0x0000000800000000)
  region size 8192K, 1 young (8192K), 1 survivors (8192K)
 Metaspace       used 15772K, capacity 15920K, committed 16128K, reserved 1062912K
  class space    used 1648K, capacity 1721K, committed 1792K, reserved 1048576K
}
Event: 473430.312 GC heap before
{Heap before GC invocations=5697850 (full 5653666):
 garbage-first heap   total 40960K, used 10042K [0x0000000581800000, 0x0000000800000000)
  region size 8192K, 2 young (16384K), 1 survivors (8192K)
 Metaspace       used 15772K, capacity 15920K, committed 16128K, reserved 1062912K
  class space    used 1648K, capacity 1721K, committed 1792K, reserved 1048576K
}
Event: 473430.333 GC heap after
{Heap after GC invocations=5697851 (full 5653667):
 garbage-first heap   total 32768K, used 8181K [0x0000000581800000, 0x0000000800000000)
  region size 8192K, 0 young (0K), 0 survivors (0K)
 Metaspace       used 15772K, capacity 15920K, committed 16128K, reserved 1062912K
  class space    used 1648K, capacity 1721K, committed 1792K, reserved 1048576K
}
Event: 473430.380 GC heap before
{Heap before GC invocations=5697851 (full 5653667):
 garbage-first heap   total 32768K, used 8181K [0x0000000581800000, 0x0000000800000000)
  region size 8192K, 1 young (8192K), 0 survivors (0K)
 Metaspace       used 15772K, capacity 15920K, committed 16128K, reserved 1062912K
  class space    used 1648K, capacity 1721K, committed 1792K, reserved 1048576K
}
Event: 473430.401 GC heap after
{Heap after GC invocations=5697852 (full 5653668):
 garbage-first heap   total 32768K, used 8172K [0x0000000581800000, 0x0000000800000000)
  region size 8192K, 0 young (0K), 0 survivors (0K)
 Metaspace       used 15772K, capacity 15920K, committed 16128K, reserved 1062912K
  class space    used 1648K, capacity 1721K, committed 1792K, reserved 1048576K
}
Event: 473430.442 GC heap before
{Heap before GC invocations=5697852 (full 5653668):
 garbage-first heap   total 32768K, used 8172K [0x0000000581800000, 0x0000000800000000)
  region size 8192K, 1 young (8192K), 0 survivors (0K)
 Metaspace       used 15772K, capacity 15920K, committed 16128K, reserved 1062912K
  class space    used 1648K, capacity 1721K, committed 1792K, reserved 1048576K
}
Event: 473430.464 GC heap after
{Heap after GC invocations=5697853 (full 5653669):
 garbage-first heap   total 32768K, used 8171K [0x0000000581800000, 0x0000000800000000)
  region size 8192K, 0 young (0K), 0 survivors (0K)
 Metaspace       used 15772K, capacity 15920K, committed 16128K, reserved 1062912K
  class space    used 1648K, capacity 1721K, committed 1792K, reserved 1048576K
}
Event: 473430.494 GC heap before
{Heap before GC invocations=5697853 (full 5653669):
 garbage-first heap   total 32768K, used 8171K [0x0000000581800000, 0x0000000800000000)
  region size 8192K, 1 young (8192K), 0 survivors (0K)
 Metaspace       used 15772K, capacity 15920K, committed 16128K, reserved 1062912K
  class space    used 1648K, capacity 1721K, committed 1792K, reserved 1048576K
}
Event: 473430.515 GC heap after
{Heap after GC invocations=5697854 (full 5653670):
 garbage-first heap   total 32768K, used 8171K [0x0000000581800000, 0x0000000800000000)
  region size 8192K, 0 young (0K), 0 survivors (0K)
 Metaspace       used 15772K, capacity 15920K, committed 16128K, reserved 1062912K
  class space    used 1648K, capacity 1721K, committed 1792K, reserved 1048576K
}
Event: 473430.547 GC heap before
{Heap before GC invocations=5697854 (full 5653670):
 garbage-first heap   total 32768K, used 8171K [0x0000000581800000, 0x0000000800000000)
  region size 8192K, 1 young (8192K), 0 survivors (0K)
 Metaspace       used 15772K, capacity 15920K, committed 16128K, reserved 1062912K
  class space    used 1648K, capacity 1721K, committed 1792K, reserved 1048576K
}
Event: 473430.566 GC heap after
{Heap after GC invocations=5697855 (full 5653671):
 garbage-first heap   total 32768K, used 8175K [0x0000000581800000, 0x0000000800000000)
  region size 8192K, 0 young (0K), 0 survivors (0K)
 Metaspace       used 15772K, capacity 15920K, committed 16128K, reserved 1062912K
  class space    used 1648K, capacity 1721K, committed 1792K, reserved 1048576K
}
Event: 473430.618 GC heap before
{Heap before GC invocations=5697855 (full 5653671):
 garbage-first heap   total 32768K, used 8175K [0x0000000581800000, 0x0000000800000000)
  region size 8192K, 1 young (8192K), 0 survivors (0K)
 Metaspace       used 15772K, capacity 15920K, committed 16128K, reserved 1062912K
  class space    used 1648K, capacity 1721K, committed 1792K, reserved 1048576K
}
Event: 473430.637 GC heap after
{Heap after GC invocations=5697856 (full 5653672):
 garbage-first heap   total 32768K, used 8176K [0x0000000581800000, 0x0000000800000000)
  region size 8192K, 0 young (0K), 0 survivors (0K)
 Metaspace       used 15772K, capacity 15920K, committed 16128K, reserved 1062912K
  class space    used 1648K, capacity 1721K, committed 1792K, reserved 1048576K
}
Event: 473430.783 GC heap before
{Heap before GC invocations=5697856 (full 5653672):
 garbage-first heap   total 32768K, used 8176K [0x0000000581800000, 0x0000000800000000)
  region size 8192K, 1 young (8192K), 0 survivors (0K)
 Metaspace       used 15772K, capacity 15920K, committed 16128K, reserved 1062912K
  class space    used 1648K, capacity 1721K, committed 1792K, reserved 1048576K
}
Event: 473430.803 GC heap after
{Heap after GC invocations=5697857 (full 5653673):
 garbage-first heap   total 32768K, used 8190K [0x0000000581800000, 0x0000000800000000)
  region size 8192K, 0 young (0K), 0 survivors (0K)
 Metaspace       used 15772K, capacity 15920K, committed 16128K, reserved 1062912K
  class space    used 1648K, capacity 1721K, committed 1792K, reserved 1048576K
}
Event: 473431.256 GC heap before
{Heap before GC invocations=5697857 (full 5653673):
 garbage-first heap   total 32768K, used 8190K [0x0000000581800000, 0x0000000800000000)
  region size 8192K, 1 young (8192K), 0 survivors (0K)
 Metaspace       used 15772K, capacity 15920K, committed 16128K, reserved 1062912K
  class space    used 1648K, capacity 1721K, committed 1792K, reserved 1048576K
}

