# JRE version: Java(TM) SE Runtime Environment (15.0.2+7) (build 15.0.2+7-27)
# Java VM: Java HotSpot(TM) 64-Bit Server VM (15.0.2+7-27, mixed mode, sharing, tiered, compressed oops, g1 gc, windows-amd64)
GC Precious Log:
 CPUs: 8 total, 8 available
 Memory: 40849M
 Large Page Support: Disabled
 NUMA Support: Disabled
 Compressed Oops: Enabled (Zero based)
 Heap Region Size: 8M
 Heap Min Capacity: 8M
 Heap Initial Capacity: 640M
 Heap Max Capacity: 10216M
 Pre-touch: Disabled
 Parallel Workers: 8
 Concurrent Workers: 2
 Concurrent Refinement Workers: 8
 Periodic GC: Disabled
Heap:
 garbage-first heap   total 32768K, used 7824K [0x0000000581800000, 0x0000000800000000)
  region size 8192K, 1 young (8192K), 0 survivors (0K)
 Metaspace       used 15923K, capacity 16055K, committed 16384K, reserved 1064960K
  class space    used 1655K, capacity 1726K, committed 1792K, reserved 1048576K
GC Heap History (20 events):
Event: 62144.617 GC heap before
{Heap before GC invocations=486797 (full 481472):
 garbage-first heap   total 32768K, used 7813K [0x0000000581800000, 0x0000000800000000)
  region size 8192K, 1 young (8192K), 0 survivors (0K)
 Metaspace       used 15923K, capacity 16055K, committed 16384K, reserved 1064960K
  class space    used 1655K, capacity 1726K, committed 1792K, reserved 1048576K
}
Event: 62144.642 GC heap after
{Heap after GC invocations=486798 (full 481473):
 garbage-first heap   total 32768K, used 7813K [0x0000000581800000, 0x0000000800000000)
  region size 8192K, 0 young (0K), 0 survivors (0K)
 Metaspace       used 15923K, capacity 16055K, committed 16384K, reserved 1064960K
  class space    used 1655K, capacity 1726K, committed 1792K, reserved 1048576K
}
Event: 62144.664 GC heap before
{Heap before GC invocations=486798 (full 481473):
 garbage-first heap   total 32768K, used 7813K [0x0000000581800000, 0x0000000800000000)
  region size 8192K, 1 young (8192K), 0 survivors (0K)
 Metaspace       used 15923K, capacity 16055K, committed 16384K, reserved 1064960K
  class space    used 1655K, capacity 1726K, committed 1792K, reserved 1048576K
}
Event: 62144.687 GC heap after
{Heap after GC invocations=486799 (full 481474):
 garbage-first heap   total 32768K, used 7812K [0x0000000581800000, 0x0000000800000000)
  region size 8192K, 0 young (0K), 0 survivors (0K)
 Metaspace       used 15923K, capacity 16055K, committed 16384K, reserved 1064960K
  class space    used 1655K, capacity 1726K, committed 1792K, reserved 1048576K
}
Event: 62144.717 GC heap before
{Heap before GC invocations=486799 (full 481474):
 garbage-first heap   total 32768K, used 7812K [0x0000000581800000, 0x0000000800000000)
  region size 8192K, 1 young (8192K), 0 survivors (0K)
 Metaspace       used 15923K, capacity 16055K, committed 16384K, reserved 1064960K
  class space    used 1655K, capacity 1726K, committed 1792K, reserved 1048576K
}
Event: 62144.738 GC heap after
{Heap after GC invocations=486800 (full 481475):
 garbage-first heap   total 32768K, used 7812K [0x0000000581800000, 0x0000000800000000)
  region size 8192K, 0 young (0K), 0 survivors (0K)
 Metaspace       used 15923K, capacity 16055K, committed 16384K, reserved 1064960K
  class space    used 1655K, capacity 1726K, committed 1792K, reserved 1048576K
}
Event: 62144.757 GC heap before
{Heap before GC invocations=486800 (full 481475):
 garbage-first heap   total 32768K, used 7812K [0x0000000581800000, 0x0000000800000000)
  region size 8192K, 1 young (8192K), 0 survivors (0K)
 Metaspace       used 15923K, capacity 16055K, committed 16384K, reserved 1064960K
  class space    used 1655K, capacity 1726K, committed 1792K, reserved 1048576K
}
Event: 62144.778 GC heap after
{Heap after GC invocations=486801 (full 481476):
 garbage-first heap   total 32768K, used 7810K [0x0000000581800000, 0x0000000800000000)
  region size 8192K, 0 young (0K), 0 survivors (0K)
 Metaspace       used 15923K, capacity 16055K, committed 16384K, reserved 1064960K
  class space    used 1655K, capacity 1726K, committed 1792K, reserved 1048576K
}
Event: 62144.804 GC heap before
{Heap before GC invocations=486801 (full 481476):
 garbage-first heap   total 32768K, used 7810K [0x0000000581800000, 0x0000000800000000)
  region size 8192K, 1 young (8192K), 0 survivors (0K)
 Metaspace       used 15923K, capacity 16055K, committed 16384K, reserved 1064960K
  class space    used 1655K, capacity 1726K, committed 1792K, reserved 1048576K
}
Event: 62144.827 GC heap after
{Heap after GC invocations=486802 (full 481477):
 garbage-first heap   total 32768K, used 7811K [0x0000000581800000, 0x0000000800000000)
  region size 8192K, 0 young (0K), 0 survivors (0K)
 Metaspace       used 15923K, capacity 16055K, committed 16384K, reserved 1064960K
  class space    used 1655K, capacity 1726K, committed 1792K, reserved 1048576K
}
Event: 62144.845 GC heap before
{Heap before GC invocations=486802 (full 481477):
 garbage-first heap   total 32768K, used 7811K [0x0000000581800000, 0x0000000800000000)
  region size 8192K, 1 young (8192K), 0 survivors (0K)
 Metaspace       used 15923K, capacity 16055K, committed 16384K, reserved 1064960K
  class space    used 1655K, capacity 1726K, committed 1792K, reserved 1048576K
}
Event: 62144.864 GC heap after
{Heap after GC invocations=486803 (full 481478):
 garbage-first heap   total 32768K, used 7810K [0x0000000581800000, 0x0000000800000000)
  region size 8192K, 0 young (0K), 0 survivors (0K)
 Metaspace       used 15923K, capacity 16055K, committed 16384K, reserved 1064960K
  class space    used 1655K, capacity 1726K, committed 1792K, reserved 1048576K
}
Event: 62144.911 GC heap before
{Heap before GC invocations=486803 (full 481478):
 garbage-first heap   total 32768K, used 7810K [0x0000000581800000, 0x0000000800000000)
  region size 8192K, 1 young (8192K), 0 survivors (0K)
 Metaspace       used 15923K, capacity 16055K, committed 16384K, reserved 1064960K
  class space    used 1655K, capacity 1726K, committed 1792K, reserved 1048576K
}
Event: 62144.933 GC heap after
{Heap after GC invocations=486804 (full 481479):
 garbage-first heap   total 32768K, used 7826K [0x0000000581800000, 0x0000000800000000)
  region size 8192K, 0 young (0K), 0 survivors (0K)
 Metaspace       used 15923K, capacity 16055K, committed 16384K, reserved 1064960K
  class space    used 1655K, capacity 1726K, committed 1792K, reserved 1048576K
}
Event: 62144.977 GC heap before
{Heap before GC invocations=486804 (full 481479):
 garbage-first heap   total 32768K, used 7826K [0x0000000581800000, 0x0000000800000000)
  region size 8192K, 1 young (8192K), 0 survivors (0K)
 Metaspace       used 15923K, capacity 16055K, committed 16384K, reserved 1064960K
  class space    used 1655K, capacity 1726K, committed 1792K, reserved 1048576K
}
Event: 62144.999 GC heap after
{Heap after GC invocations=486805 (full 481480):
 garbage-first heap   total 32768K, used 7825K [0x0000000581800000, 0x0000000800000000)
  region size 8192K, 0 young (0K), 0 survivors (0K)
 Metaspace       used 15923K, capacity 16055K, committed 16384K, reserved 1064960K
  class space    used 1655K, capacity 1726K, committed 1792K, reserved 1048576K
}
Event: 62145.097 GC heap before
{Heap before GC invocations=486805 (full 481480):
 garbage-first heap   total 32768K, used 7825K [0x0000000581800000, 0x0000000800000000)
  region size 8192K, 1 young (8192K), 0 survivors (0K)
 Metaspace       used 15923K, capacity 16055K, committed 16384K, reserved 1064960K
  class space    used 1655K, capacity 1726K, committed 1792K, reserved 1048576K
}
Event: 62145.127 GC heap after
{Heap after GC invocations=486806 (full 481481):
 garbage-first heap   total 32768K, used 7825K [0x0000000581800000, 0x0000000800000000)
  region size 8192K, 0 young (0K), 0 survivors (0K)
 Metaspace       used 15923K, capacity 16055K, committed 16384K, reserved 1064960K
  class space    used 1655K, capacity 1726K, committed 1792K, reserved 1048576K
}
Event: 62145.201 GC heap before
{Heap before GC invocations=486806 (full 481481):
 garbage-first heap   total 32768K, used 7825K [0x0000000581800000, 0x0000000800000000)
  region size 8192K, 1 young (8192K), 0 survivors (0K)
 Metaspace       used 15923K, capacity 16055K, committed 16384K, reserved 1064960K
  class space    used 1655K, capacity 1726K, committed 1792K, reserved 1048576K
}
Event: 62145.225 GC heap after
{Heap after GC invocations=486807 (full 481482):
 garbage-first heap   total 32768K, used 7824K [0x0000000581800000, 0x0000000800000000)
  region size 8192K, 0 young (0K), 0 survivors (0K)
 Metaspace       used 15923K, capacity 16055K, committed 16384K, reserved 1064960K
  class space    used 1655K, capacity 1726K, committed 1792K, reserved 1048576K
}

