# JRE version: Java(TM) SE Runtime Environment (15.0.2+7) (build 15.0.2+7-27)
# Java VM: Java HotSpot(TM) 64-Bit Server VM (15.0.2+7-27, mixed mode, sharing, tiered, compressed oops, g1 gc, windows-amd64)
GC Precious Log:
 CPUs: 8 total, 8 available
 Memory: 40849M
 Large Page Support: Disabled
 NUMA Support: Disabled
 Compressed Oops: Enabled (Zero based)
 Heap Region Size: 8M
 Heap Min Capacity: 8M
 Heap Initial Capacity: 640M
 Heap Max Capacity: 10216M
 Pre-touch: Disabled
 Parallel Workers: 8
 Concurrent Workers: 2
 Concurrent Refinement Workers: 8
 Periodic GC: Disabled
Heap:
 garbage-first heap   total 344064K, used 9805K [0x0000000581800000, 0x0000000800000000)
  region size 8192K, 1 young (8192K), 1 survivors (8192K)
 Metaspace       used 15511K, capacity 15693K, committed 15872K, reserved 1062912K
  class space    used 1635K, capacity 1688K, committed 1792K, reserved 1048576K
GC Heap History (20 events):
Event: 49803.880 GC heap after
{Heap after GC invocations=828899 (full 826670):
 garbage-first heap   total 32768K, used 7962K [0x0000000581800000, 0x0000000800000000)
  region size 8192K, 0 young (0K), 0 survivors (0K)
 Metaspace       used 15511K, capacity 15693K, committed 15872K, reserved 1062912K
  class space    used 1635K, capacity 1688K, committed 1792K, reserved 1048576K
}
Event: 49803.915 GC heap before
{Heap before GC invocations=828899 (full 826670):
 garbage-first heap   total 32768K, used 7962K [0x0000000581800000, 0x0000000800000000)
  region size 8192K, 1 young (8192K), 0 survivors (0K)
 Metaspace       used 15511K, capacity 15693K, committed 15872K, reserved 1062912K
  class space    used 1635K, capacity 1688K, committed 1792K, reserved 1048576K
}
Event: 49803.935 GC heap after
{Heap after GC invocations=828900 (full 826671):
 garbage-first heap   total 32768K, used 7962K [0x0000000581800000, 0x0000000800000000)
  region size 8192K, 0 young (0K), 0 survivors (0K)
 Metaspace       used 15511K, capacity 15693K, committed 15872K, reserved 1062912K
  class space    used 1635K, capacity 1688K, committed 1792K, reserved 1048576K
}
Event: 49803.944 GC heap before
{Heap before GC invocations=828900 (full 826671):
 garbage-first heap   total 32768K, used 7962K [0x0000000581800000, 0x0000000800000000)
  region size 8192K, 1 young (8192K), 0 survivors (0K)
 Metaspace       used 15511K, capacity 15693K, committed 15872K, reserved 1062912K
  class space    used 1635K, capacity 1688K, committed 1792K, reserved 1048576K
}
Event: 49803.961 GC heap after
{Heap after GC invocations=828901 (full 826672):
 garbage-first heap   total 32768K, used 7968K [0x0000000581800000, 0x0000000800000000)
  region size 8192K, 0 young (0K), 0 survivors (0K)
 Metaspace       used 15511K, capacity 15693K, committed 15872K, reserved 1062912K
  class space    used 1635K, capacity 1688K, committed 1792K, reserved 1048576K
}
Event: 49803.984 GC heap before
{Heap before GC invocations=828901 (full 826672):
 garbage-first heap   total 32768K, used 7968K [0x0000000581800000, 0x0000000800000000)
  region size 8192K, 1 young (8192K), 0 survivors (0K)
 Metaspace       used 15511K, capacity 15693K, committed 15872K, reserved 1062912K
  class space    used 1635K, capacity 1688K, committed 1792K, reserved 1048576K
}
Event: 49804.002 GC heap after
{Heap after GC invocations=828902 (full 826673):
 garbage-first heap   total 32768K, used 7975K [0x0000000581800000, 0x0000000800000000)
  region size 8192K, 0 young (0K), 0 survivors (0K)
 Metaspace       used 15511K, capacity 15693K, committed 15872K, reserved 1062912K
  class space    used 1635K, capacity 1688K, committed 1792K, reserved 1048576K
}
Event: 49804.014 GC heap before
{Heap before GC invocations=828902 (full 826673):
 garbage-first heap   total 32768K, used 7975K [0x0000000581800000, 0x0000000800000000)
  region size 8192K, 1 young (8192K), 0 survivors (0K)
 Metaspace       used 15511K, capacity 15693K, committed 15872K, reserved 1062912K
  class space    used 1635K, capacity 1688K, committed 1792K, reserved 1048576K
}
Event: 49804.033 GC heap after
{Heap after GC invocations=828903 (full 826674):
 garbage-first heap   total 32768K, used 7963K [0x0000000581800000, 0x0000000800000000)
  region size 8192K, 0 young (0K), 0 survivors (0K)
 Metaspace       used 15511K, capacity 15693K, committed 15872K, reserved 1062912K
  class space    used 1635K, capacity 1688K, committed 1792K, reserved 1048576K
}
Event: 49804.050 GC heap before
{Heap before GC invocations=828903 (full 826674):
 garbage-first heap   total 32768K, used 7963K [0x0000000581800000, 0x0000000800000000)
  region size 8192K, 1 young (8192K), 0 survivors (0K)
 Metaspace       used 15511K, capacity 15693K, committed 15872K, reserved 1062912K
  class space    used 1635K, capacity 1688K, committed 1792K, reserved 1048576K
}
Event: 49804.075 GC heap after
{Heap after GC invocations=828904 (full 826675):
 garbage-first heap   total 32768K, used 7971K [0x0000000581800000, 0x0000000800000000)
  region size 8192K, 0 young (0K), 0 survivors (0K)
 Metaspace       used 15511K, capacity 15693K, committed 15872K, reserved 1062912K
  class space    used 1635K, capacity 1688K, committed 1792K, reserved 1048576K
}
Event: 49804.089 GC heap before
{Heap before GC invocations=828904 (full 826675):
 garbage-first heap   total 32768K, used 7971K [0x0000000581800000, 0x0000000800000000)
  region size 8192K, 1 young (8192K), 0 survivors (0K)
 Metaspace       used 15511K, capacity 15693K, committed 15872K, reserved 1062912K
  class space    used 1635K, capacity 1688K, committed 1792K, reserved 1048576K
}
Event: 49804.111 GC heap after
{Heap after GC invocations=828905 (full 826676):
 garbage-first heap   total 32768K, used 7965K [0x0000000581800000, 0x0000000800000000)
  region size 8192K, 0 young (0K), 0 survivors (0K)
 Metaspace       used 15511K, capacity 15693K, committed 15872K, reserved 1062912K
  class space    used 1635K, capacity 1688K, committed 1792K, reserved 1048576K
}
Event: 49804.159 GC heap before
{Heap before GC invocations=828905 (full 826676):
 garbage-first heap   total 32768K, used 7965K [0x0000000581800000, 0x0000000800000000)
  region size 8192K, 1 young (8192K), 0 survivors (0K)
 Metaspace       used 15511K, capacity 15693K, committed 15872K, reserved 1062912K
  class space    used 1635K, capacity 1688K, committed 1792K, reserved 1048576K
}
Event: 49804.177 GC heap after
{Heap after GC invocations=828906 (full 826677):
 garbage-first heap   total 32768K, used 7967K [0x0000000581800000, 0x0000000800000000)
  region size 8192K, 0 young (0K), 0 survivors (0K)
 Metaspace       used 15511K, capacity 15693K, committed 15872K, reserved 1062912K
  class space    used 1635K, capacity 1688K, committed 1792K, reserved 1048576K
}
Event: 49804.187 GC heap before
{Heap before GC invocations=828906 (full 826677):
 garbage-first heap   total 32768K, used 7967K [0x0000000581800000, 0x0000000800000000)
  region size 8192K, 1 young (8192K), 0 survivors (0K)
 Metaspace       used 15511K, capacity 15693K, committed 15872K, reserved 1062912K
  class space    used 1635K, capacity 1688K, committed 1792K, reserved 1048576K
}
Event: 49804.204 GC heap after
{Heap after GC invocations=828907 (full 826678):
 garbage-first heap   total 32768K, used 7968K [0x0000000581800000, 0x0000000800000000)
  region size 8192K, 0 young (0K), 0 survivors (0K)
 Metaspace       used 15511K, capacity 15693K, committed 15872K, reserved 1062912K
  class space    used 1635K, capacity 1688K, committed 1792K, reserved 1048576K
}
Event: 49804.266 GC heap before
{Heap before GC invocations=828907 (full 826678):
 garbage-first heap   total 32768K, used 7968K [0x0000000581800000, 0x0000000800000000)
  region size 8192K, 1 young (8192K), 0 survivors (0K)
 Metaspace       used 15511K, capacity 15693K, committed 15872K, reserved 1062912K
  class space    used 1635K, capacity 1688K, committed 1792K, reserved 1048576K
}
Event: 49804.298 GC heap after
{Heap after GC invocations=828908 (full 826679):
 garbage-first heap   total 32768K, used 7961K [0x0000000581800000, 0x0000000800000000)
  region size 8192K, 0 young (0K), 0 survivors (0K)
 Metaspace       used 15511K, capacity 15693K, committed 15872K, reserved 1062912K
  class space    used 1635K, capacity 1688K, committed 1792K, reserved 1048576K
}
Event: 49804.319 GC heap before
{Heap before GC invocations=828908 (full 826679):
 garbage-first heap   total 32768K, used 7961K [0x0000000581800000, 0x0000000800000000)
  region size 8192K, 1 young (8192K), 0 survivors (0K)
 Metaspace       used 15511K, capacity 15693K, committed 15872K, reserved 1062912K
  class space    used 1635K, capacity 1688K, committed 1792K, reserved 1048576K
}

