# JRE version: Java(TM) SE Runtime Environment (15.0.2+7) (build 15.0.2+7-27)
# Java VM: Java HotSpot(TM) 64-Bit Server VM (15.0.2+7-27, mixed mode, sharing, tiered, compressed oops, g1 gc, windows-amd64)
GC Precious Log:
 CPUs: 8 total, 8 available
 Memory: 40849M
 Large Page Support: Disabled
 NUMA Support: Disabled
 Compressed Oops: Enabled (Zero based)
 Heap Region Size: 8M
 Heap Min Capacity: 8M
 Heap Initial Capacity: 640M
 Heap Max Capacity: 10216M
 Pre-touch: Disabled
 Parallel Workers: 8
 Concurrent Workers: 2
 Concurrent Refinement Workers: 8
 Periodic GC: Disabled
Heap:
 garbage-first heap   total 344064K, used 9767K [0x0000000581800000, 0x0000000800000000)
  region size 8192K, 1 young (8192K), 1 survivors (8192K)
 Metaspace       used 15696K, capacity 15866K, committed 16128K, reserved 1062912K
  class space    used 1661K, capacity 1723K, committed 1792K, reserved 1048576K
GC Heap History (20 events):
Event: 48856.028 GC heap after
{Heap after GC invocations=826178 (full 822936):
 garbage-first heap   total 32768K, used 7927K [0x0000000581800000, 0x0000000800000000)
  region size 8192K, 0 young (0K), 0 survivors (0K)
 Metaspace       used 15696K, capacity 15866K, committed 16128K, reserved 1062912K
  class space    used 1661K, capacity 1723K, committed 1792K, reserved 1048576K
}
Event: 48856.037 GC heap before
{Heap before GC invocations=826178 (full 822936):
 garbage-first heap   total 32768K, used 7927K [0x0000000581800000, 0x0000000800000000)
  region size 8192K, 1 young (8192K), 0 survivors (0K)
 Metaspace       used 15696K, capacity 15866K, committed 16128K, reserved 1062912K
  class space    used 1661K, capacity 1723K, committed 1792K, reserved 1048576K
}
Event: 48856.058 GC heap after
{Heap after GC invocations=826179 (full 822937):
 garbage-first heap   total 32768K, used 7927K [0x0000000581800000, 0x0000000800000000)
  region size 8192K, 0 young (0K), 0 survivors (0K)
 Metaspace       used 15696K, capacity 15866K, committed 16128K, reserved 1062912K
  class space    used 1661K, capacity 1723K, committed 1792K, reserved 1048576K
}
Event: 48856.092 GC heap before
{Heap before GC invocations=826179 (full 822937):
 garbage-first heap   total 32768K, used 7927K [0x0000000581800000, 0x0000000800000000)
  region size 8192K, 1 young (8192K), 0 survivors (0K)
 Metaspace       used 15696K, capacity 15866K, committed 16128K, reserved 1062912K
  class space    used 1661K, capacity 1723K, committed 1792K, reserved 1048576K
}
Event: 48856.114 GC heap after
{Heap after GC invocations=826180 (full 822938):
 garbage-first heap   total 32768K, used 7946K [0x0000000581800000, 0x0000000800000000)
  region size 8192K, 0 young (0K), 0 survivors (0K)
 Metaspace       used 15696K, capacity 15866K, committed 16128K, reserved 1062912K
  class space    used 1661K, capacity 1723K, committed 1792K, reserved 1048576K
}
Event: 48856.160 GC heap before
{Heap before GC invocations=826180 (full 822938):
 garbage-first heap   total 32768K, used 7946K [0x0000000581800000, 0x0000000800000000)
  region size 8192K, 1 young (8192K), 0 survivors (0K)
 Metaspace       used 15696K, capacity 15866K, committed 16128K, reserved 1062912K
  class space    used 1661K, capacity 1723K, committed 1792K, reserved 1048576K
}
Event: 48856.184 GC heap after
{Heap after GC invocations=826181 (full 822939):
 garbage-first heap   total 32768K, used 7922K [0x0000000581800000, 0x0000000800000000)
  region size 8192K, 0 young (0K), 0 survivors (0K)
 Metaspace       used 15696K, capacity 15866K, committed 16128K, reserved 1062912K
  class space    used 1661K, capacity 1723K, committed 1792K, reserved 1048576K
}
Event: 48856.209 GC heap before
{Heap before GC invocations=826181 (full 822939):
 garbage-first heap   total 32768K, used 7922K [0x0000000581800000, 0x0000000800000000)
  region size 8192K, 1 young (8192K), 0 survivors (0K)
 Metaspace       used 15696K, capacity 15866K, committed 16128K, reserved 1062912K
  class space    used 1661K, capacity 1723K, committed 1792K, reserved 1048576K
}
Event: 48856.231 GC heap after
{Heap after GC invocations=826182 (full 822940):
 garbage-first heap   total 32768K, used 7928K [0x0000000581800000, 0x0000000800000000)
  region size 8192K, 0 young (0K), 0 survivors (0K)
 Metaspace       used 15696K, capacity 15866K, committed 16128K, reserved 1062912K
  class space    used 1661K, capacity 1723K, committed 1792K, reserved 1048576K
}
Event: 48856.403 GC heap before
{Heap before GC invocations=826182 (full 822940):
 garbage-first heap   total 32768K, used 7928K [0x0000000581800000, 0x0000000800000000)
  region size 8192K, 1 young (8192K), 0 survivors (0K)
 Metaspace       used 15696K, capacity 15866K, committed 16128K, reserved 1062912K
  class space    used 1661K, capacity 1723K, committed 1792K, reserved 1048576K
}
Event: 48856.426 GC heap after
{Heap after GC invocations=826183 (full 822941):
 garbage-first heap   total 32768K, used 7947K [0x0000000581800000, 0x0000000800000000)
  region size 8192K, 0 young (0K), 0 survivors (0K)
 Metaspace       used 15696K, capacity 15866K, committed 16128K, reserved 1062912K
  class space    used 1661K, capacity 1723K, committed 1792K, reserved 1048576K
}
Event: 48856.480 GC heap before
{Heap before GC invocations=826183 (full 822941):
 garbage-first heap   total 32768K, used 7947K [0x0000000581800000, 0x0000000800000000)
  region size 8192K, 1 young (8192K), 0 survivors (0K)
 Metaspace       used 15696K, capacity 15866K, committed 16128K, reserved 1062912K
  class space    used 1661K, capacity 1723K, committed 1792K, reserved 1048576K
}
Event: 48856.505 GC heap after
{Heap after GC invocations=826184 (full 822942):
 garbage-first heap   total 32768K, used 7939K [0x0000000581800000, 0x0000000800000000)
  region size 8192K, 0 young (0K), 0 survivors (0K)
 Metaspace       used 15696K, capacity 15866K, committed 16128K, reserved 1062912K
  class space    used 1661K, capacity 1723K, committed 1792K, reserved 1048576K
}
Event: 48856.558 GC heap before
{Heap before GC invocations=826184 (full 822942):
 garbage-first heap   total 32768K, used 7939K [0x0000000581800000, 0x0000000800000000)
  region size 8192K, 1 young (8192K), 0 survivors (0K)
 Metaspace       used 15696K, capacity 15866K, committed 16128K, reserved 1062912K
  class space    used 1661K, capacity 1723K, committed 1792K, reserved 1048576K
}
Event: 48856.583 GC heap after
{Heap after GC invocations=826185 (full 822943):
 garbage-first heap   total 32768K, used 7929K [0x0000000581800000, 0x0000000800000000)
  region size 8192K, 0 young (0K), 0 survivors (0K)
 Metaspace       used 15696K, capacity 15866K, committed 16128K, reserved 1062912K
  class space    used 1661K, capacity 1723K, committed 1792K, reserved 1048576K
}
Event: 48856.651 GC heap before
{Heap before GC invocations=826185 (full 822943):
 garbage-first heap   total 32768K, used 7929K [0x0000000581800000, 0x0000000800000000)
  region size 8192K, 1 young (8192K), 0 survivors (0K)
 Metaspace       used 15696K, capacity 15866K, committed 16128K, reserved 1062912K
  class space    used 1661K, capacity 1723K, committed 1792K, reserved 1048576K
}
Event: 48856.674 GC heap after
{Heap after GC invocations=826186 (full 822944):
 garbage-first heap   total 32768K, used 7937K [0x0000000581800000, 0x0000000800000000)
  region size 8192K, 0 young (0K), 0 survivors (0K)
 Metaspace       used 15696K, capacity 15866K, committed 16128K, reserved 1062912K
  class space    used 1661K, capacity 1723K, committed 1792K, reserved 1048576K
}
Event: 48856.718 GC heap before
{Heap before GC invocations=826186 (full 822944):
 garbage-first heap   total 32768K, used 7937K [0x0000000581800000, 0x0000000800000000)
  region size 8192K, 1 young (8192K), 0 survivors (0K)
 Metaspace       used 15696K, capacity 15866K, committed 16128K, reserved 1062912K
  class space    used 1661K, capacity 1723K, committed 1792K, reserved 1048576K
}
Event: 48856.753 GC heap after
{Heap after GC invocations=826187 (full 822945):
 garbage-first heap   total 32768K, used 7928K [0x0000000581800000, 0x0000000800000000)
  region size 8192K, 0 young (0K), 0 survivors (0K)
 Metaspace       used 15696K, capacity 15866K, committed 16128K, reserved 1062912K
  class space    used 1661K, capacity 1723K, committed 1792K, reserved 1048576K
}
Event: 48856.776 GC heap before
{Heap before GC invocations=826187 (full 822945):
 garbage-first heap   total 32768K, used 7928K [0x0000000581800000, 0x0000000800000000)
  region size 8192K, 1 young (8192K), 0 survivors (0K)
 Metaspace       used 15696K, capacity 15866K, committed 16128K, reserved 1062912K
  class space    used 1661K, capacity 1723K, committed 1792K, reserved 1048576K
}

