# JRE version: Java(TM) SE Runtime Environment (8.0_111-b14) (build 1.8.0_111-b14)
# Java VM: Java HotSpot(TM) 64-Bit Server VM (25.111-b14 mixed mode windows-amd64 compressed oops)
Heap:
 PSYoungGen      total 190976K, used 9830K [0x00000006eb380000, 0x00000006f8880000, 0x00000007c0000000)
  eden space 163840K, 6% used [0x00000006eb380000,0x00000006ebd199e0,0x00000006f5380000)
  from space 27136K, 0% used [0x00000006f5380000,0x00000006f5380000,0x00000006f6e00000)
  to   space 27136K, 0% used [0x00000006f6e00000,0x00000006f6e00000,0x00000006f8880000)
 ParOldGen       total 437248K, used 40139K [0x0000000541a00000, 0x000000055c500000, 0x00000006eb380000)
  object space 437248K, 9% used [0x0000000541a00000,0x0000000544132e00,0x000000055c500000)
 Metaspace       used 13994K, capacity 14159K, committed 14336K, reserved 1062912K
  class space    used 1710K, capacity 1776K, committed 1792K, reserved 1048576K
GC Heap History (10 events):
Event: 3.731 GC heap before
{Heap before GC invocations=38 (full 19):
 PSYoungGen      total 190976K, used 2865K [0x00000006eb380000, 0x00000006f8880000, 0x00000007c0000000)
  eden space 163840K, 0% used [0x00000006eb380000,0x00000006eb380000,0x00000006f5380000)
  from space 27136K, 10% used [0x00000006f5380000,0x00000006f564c780,0x00000006f6e00000)
  to   space 27136K, 0% used [0x00000006f6e00000,0x00000006f6e00000,0x00000006f8880000)
 ParOldGen       total 437248K, used 39724K [0x0000000541a00000, 0x000000055c500000, 0x00000006eb380000)
  object space 437248K, 9% used [0x0000000541a00000,0x00000005440cb3d0,0x000000055c500000)
 Metaspace       used 13883K, capacity 14095K, committed 14336K, reserved 1062912K
  class space    used 1703K, capacity 1776K, committed 1792K, reserved 1048576K
Event: 3.755 GC heap after
Heap after GC invocations=38 (full 19):
 PSYoungGen      total 190976K, used 0K [0x00000006eb380000, 0x00000006f8880000, 0x00000007c0000000)
  eden space 163840K, 0% used [0x00000006eb380000,0x00000006eb380000,0x00000006f5380000)
  from space 27136K, 0% used [0x00000006f5380000,0x00000006f5380000,0x00000006f6e00000)
  to   space 27136K, 0% used [0x00000006f6e00000,0x00000006f6e00000,0x00000006f8880000)
 ParOldGen       total 437248K, used 39717K [0x0000000541a00000, 0x000000055c500000, 0x00000006eb380000)
  object space 437248K, 9% used [0x0000000541a00000,0x00000005440c97e8,0x000000055c500000)
 Metaspace       used 13883K, capacity 14095K, committed 14336K, reserved 1062912K
  class space    used 1703K, capacity 1776K, committed 1792K, reserved 1048576K
}
Event: 3.795 GC heap before
{Heap before GC invocations=39 (full 19):
 PSYoungGen      total 190976K, used 10743K [0x00000006eb380000, 0x00000006f8880000, 0x00000007c0000000)
  eden space 163840K, 6% used [0x00000006eb380000,0x00000006ebdfdc60,0x00000006f5380000)
  from space 27136K, 0% used [0x00000006f5380000,0x00000006f5380000,0x00000006f6e00000)
  to   space 27136K, 0% used [0x00000006f6e00000,0x00000006f6e00000,0x00000006f8880000)
 ParOldGen       total 437248K, used 39717K [0x0000000541a00000, 0x000000055c500000, 0x00000006eb380000)
  object space 437248K, 9% used [0x0000000541a00000,0x00000005440c97e8,0x000000055c500000)
 Metaspace       used 13891K, capacity 14095K, committed 14336K, reserved 1062912K
  class space    used 1703K, capacity 1776K, committed 1792K, reserved 1048576K
Event: 3.795 GC heap after
Heap after GC invocations=39 (full 19):
 PSYoungGen      total 190976K, used 1985K [0x00000006eb380000, 0x00000006f8880000, 0x00000007c0000000)
  eden space 163840K, 0% used [0x00000006eb380000,0x00000006eb380000,0x00000006f5380000)
  from space 27136K, 7% used [0x00000006f6e00000,0x00000006f6ff0500,0x00000006f8880000)
  to   space 27136K, 0% used [0x00000006f5380000,0x00000006f5380000,0x00000006f6e00000)
 ParOldGen       total 437248K, used 39725K [0x0000000541a00000, 0x000000055c500000, 0x00000006eb380000)
  object space 437248K, 9% used [0x0000000541a00000,0x00000005440cb7e8,0x000000055c500000)
 Metaspace       used 13891K, capacity 14095K, committed 14336K, reserved 1062912K
  class space    used 1703K, capacity 1776K, committed 1792K, reserved 1048576K
}
Event: 3.795 GC heap before
{Heap before GC invocations=40 (full 20):
 PSYoungGen      total 190976K, used 1985K [0x00000006eb380000, 0x00000006f8880000, 0x00000007c0000000)
  eden space 163840K, 0% used [0x00000006eb380000,0x00000006eb380000,0x00000006f5380000)
  from space 27136K, 7% used [0x00000006f6e00000,0x00000006f6ff0500,0x00000006f8880000)
  to   space 27136K, 0% used [0x00000006f5380000,0x00000006f5380000,0x00000006f6e00000)
 ParOldGen       total 437248K, used 39725K [0x0000000541a00000, 0x000000055c500000, 0x00000006eb380000)
  object space 437248K, 9% used [0x0000000541a00000,0x00000005440cb7e8,0x000000055c500000)
 Metaspace       used 13891K, capacity 14095K, committed 14336K, reserved 1062912K
  class space    used 1703K, capacity 1776K, committed 1792K, reserved 1048576K
Event: 3.808 GC heap after
Heap after GC invocations=40 (full 20):
 PSYoungGen      total 190976K, used 0K [0x00000006eb380000, 0x00000006f8880000, 0x00000007c0000000)
  eden space 163840K, 0% used [0x00000006eb380000,0x00000006eb380000,0x00000006f5380000)
  from space 27136K, 0% used [0x00000006f6e00000,0x00000006f6e00000,0x00000006f8880000)
  to   space 27136K, 0% used [0x00000006f5380000,0x00000006f5380000,0x00000006f6e00000)
 ParOldGen       total 437248K, used 39717K [0x0000000541a00000, 0x000000055c500000, 0x00000006eb380000)
  object space 437248K, 9% used [0x0000000541a00000,0x00000005440c9760,0x000000055c500000)
 Metaspace       used 13891K, capacity 14095K, committed 14336K, reserved 1062912K
  class space    used 1703K, capacity 1776K, committed 1792K, reserved 1048576K
}
Event: 3.845 GC heap before
{Heap before GC invocations=41 (full 20):
 PSYoungGen      total 190976K, used 17460K [0x00000006eb380000, 0x00000006f8880000, 0x00000007c0000000)
  eden space 163840K, 10% used [0x00000006eb380000,0x00000006ec48d338,0x00000006f5380000)
  from space 27136K, 0% used [0x00000006f6e00000,0x00000006f6e00000,0x00000006f8880000)
  to   space 27136K, 0% used [0x00000006f5380000,0x00000006f5380000,0x00000006f6e00000)
 ParOldGen       total 437248K, used 39717K [0x0000000541a00000, 0x000000055c500000, 0x00000006eb380000)
  object space 437248K, 9% used [0x0000000541a00000,0x00000005440c9760,0x000000055c500000)
 Metaspace       used 13912K, capacity 14095K, committed 14336K, reserved 1062912K
  class space    used 1703K, capacity 1776K, committed 1792K, reserved 1048576K
Event: 3.847 GC heap after
Heap after GC invocations=41 (full 20):
 PSYoungGen      total 190976K, used 3309K [0x00000006eb380000, 0x00000006f8880000, 0x00000007c0000000)
  eden space 163840K, 0% used [0x00000006eb380000,0x00000006eb380000,0x00000006f5380000)
  from space 27136K, 12% used [0x00000006f5380000,0x00000006f56bb6f0,0x00000006f6e00000)
  to   space 27136K, 0% used [0x00000006f6e00000,0x00000006f6e00000,0x00000006f8880000)
 ParOldGen       total 437248K, used 39725K [0x0000000541a00000, 0x000000055c500000, 0x00000006eb380000)
  object space 437248K, 9% used [0x0000000541a00000,0x00000005440cb760,0x000000055c500000)
 Metaspace       used 13912K, capacity 14095K, committed 14336K, reserved 1062912K
  class space    used 1703K, capacity 1776K, committed 1792K, reserved 1048576K
}
Event: 3.847 GC heap before
{Heap before GC invocations=42 (full 21):
 PSYoungGen      total 190976K, used 3309K [0x00000006eb380000, 0x00000006f8880000, 0x00000007c0000000)
  eden space 163840K, 0% used [0x00000006eb380000,0x00000006eb380000,0x00000006f5380000)
  from space 27136K, 12% used [0x00000006f5380000,0x00000006f56bb6f0,0x00000006f6e00000)
  to   space 27136K, 0% used [0x00000006f6e00000,0x00000006f6e00000,0x00000006f8880000)
 ParOldGen       total 437248K, used 39725K [0x0000000541a00000, 0x000000055c500000, 0x00000006eb380000)
  object space 437248K, 9% used [0x0000000541a00000,0x00000005440cb760,0x000000055c500000)
 Metaspace       used 13912K, capacity 14095K, committed 14336K, reserved 1062912K
  class space    used 1703K, capacity 1776K, committed 1792K, reserved 1048576K
Event: 3.858 GC heap after
Heap after GC invocations=42 (full 21):
 PSYoungGen      total 190976K, used 0K [0x00000006eb380000, 0x00000006f8880000, 0x00000007c0000000)
  eden space 163840K, 0% used [0x00000006eb380000,0x00000006eb380000,0x00000006f5380000)
  from space 27136K, 0% used [0x00000006f5380000,0x00000006f5380000,0x00000006f6e00000)
  to   space 27136K, 0% used [0x00000006f6e00000,0x00000006f6e00000,0x00000006f8880000)
 ParOldGen       total 437248K, used 40139K [0x0000000541a00000, 0x000000055c500000, 0x00000006eb380000)
  object space 437248K, 9% used [0x0000000541a00000,0x0000000544132e00,0x000000055c500000)
 Metaspace       used 13912K, capacity 14095K, committed 14336K, reserved 1062912K
  class space    used 1703K, capacity 1776K, committed 1792K, reserved 1048576K
}

