# JRE version: Java(TM) SE Runtime Environment (8.0_111-b14) (build 1.8.0_111-b14)
# Java VM: Java HotSpot(TM) 64-Bit Server VM (25.111-b14 mixed mode windows-amd64 compressed oops)
Heap:
 PSYoungGen      total 1707520K, used 45438K [0x00000006eb380000, 0x0000000753a80000, 0x00000007c0000000)
  eden space 1703936K, 2% used [0x00000006eb380000,0x00000006edfdf938,0x0000000753380000)
  from space 3584K, 0% used [0x0000000753380000,0x0000000753380000,0x0000000753700000)
  to   space 3584K, 0% used [0x0000000753700000,0x0000000753700000,0x0000000753a80000)
 ParOldGen       total 437248K, used 39834K [0x0000000541a00000, 0x000000055c500000, 0x00000006eb380000)
  object space 437248K, 9% used [0x0000000541a00000,0x00000005440e6ab8,0x000000055c500000)
 Metaspace       used 15020K, capacity 15215K, committed 15488K, reserved 1062912K
  class space    used 1792K, capacity 1872K, committed 1920K, reserved 1048576K
GC Heap History (10 events):
Event: 119.968 GC heap before
{Heap before GC invocations=3922 (full 1947):
 PSYoungGen      total 1707520K, used 2993K [0x00000006eb380000, 0x0000000753a80000, 0x00000007c0000000)
  eden space 1703936K, 0% used [0x00000006eb380000,0x00000006eb380000,0x0000000753380000)
  from space 3584K, 83% used [0x0000000753380000,0x000000075366c780,0x0000000753700000)
  to   space 3584K, 0% used [0x0000000753700000,0x0000000753700000,0x0000000753a80000)
 ParOldGen       total 437248K, used 39835K [0x0000000541a00000, 0x000000055c500000, 0x00000006eb380000)
  object space 437248K, 9% used [0x0000000541a00000,0x00000005440e6cc0,0x000000055c500000)
 Metaspace       used 15020K, capacity 15215K, committed 15488K, reserved 1062912K
  class space    used 1792K, capacity 1872K, committed 1920K, reserved 1048576K
Event: 119.979 GC heap after
Heap after GC invocations=3922 (full 1947):
 PSYoungGen      total 1707520K, used 0K [0x00000006eb380000, 0x0000000753a80000, 0x00000007c0000000)
  eden space 1703936K, 0% used [0x00000006eb380000,0x00000006eb380000,0x0000000753380000)
  from space 3584K, 0% used [0x0000000753380000,0x0000000753380000,0x0000000753700000)
  to   space 3584K, 0% used [0x0000000753700000,0x0000000753700000,0x0000000753a80000)
 ParOldGen       total 437248K, used 39834K [0x0000000541a00000, 0x000000055c500000, 0x00000006eb380000)
  object space 437248K, 9% used [0x0000000541a00000,0x00000005440e6b70,0x000000055c500000)
 Metaspace       used 15020K, capacity 15215K, committed 15488K, reserved 1062912K
  class space    used 1792K, capacity 1872K, committed 1920K, reserved 1048576K
}
Event: 120.020 GC heap before
{Heap before GC invocations=3923 (full 1947):
 PSYoungGen      total 1707520K, used 45438K [0x00000006eb380000, 0x0000000753a80000, 0x00000007c0000000)
  eden space 1703936K, 2% used [0x00000006eb380000,0x00000006edfdf938,0x0000000753380000)
  from space 3584K, 0% used [0x0000000753380000,0x0000000753380000,0x0000000753700000)
  to   space 3584K, 0% used [0x0000000753700000,0x0000000753700000,0x0000000753a80000)
 ParOldGen       total 437248K, used 39834K [0x0000000541a00000, 0x000000055c500000, 0x00000006eb380000)
  object space 437248K, 9% used [0x0000000541a00000,0x00000005440e6b70,0x000000055c500000)
 Metaspace       used 15020K, capacity 15215K, committed 15488K, reserved 1062912K
  class space    used 1792K, capacity 1872K, committed 1920K, reserved 1048576K
Event: 120.021 GC heap after
Heap after GC invocations=3923 (full 1947):
 PSYoungGen      total 1707520K, used 2961K [0x00000006eb380000, 0x0000000753a80000, 0x00000007c0000000)
  eden space 1703936K, 0% used [0x00000006eb380000,0x00000006eb380000,0x0000000753380000)
  from space 3584K, 82% used [0x0000000753700000,0x00000007539e4780,0x0000000753a80000)
  to   space 3584K, 0% used [0x0000000753380000,0x0000000753380000,0x0000000753700000)
 ParOldGen       total 437248K, used 39834K [0x0000000541a00000, 0x000000055c500000, 0x00000006eb380000)
  object space 437248K, 9% used [0x0000000541a00000,0x00000005440e6b70,0x000000055c500000)
 Metaspace       used 15020K, capacity 15215K, committed 15488K, reserved 1062912K
  class space    used 1792K, capacity 1872K, committed 1920K, reserved 1048576K
}
Event: 120.021 GC heap before
{Heap before GC invocations=3924 (full 1948):
 PSYoungGen      total 1707520K, used 2961K [0x00000006eb380000, 0x0000000753a80000, 0x00000007c0000000)
  eden space 1703936K, 0% used [0x00000006eb380000,0x00000006eb380000,0x0000000753380000)
  from space 3584K, 82% used [0x0000000753700000,0x00000007539e4780,0x0000000753a80000)
  to   space 3584K, 0% used [0x0000000753380000,0x0000000753380000,0x0000000753700000)
 ParOldGen       total 437248K, used 39834K [0x0000000541a00000, 0x000000055c500000, 0x00000006eb380000)
  object space 437248K, 9% used [0x0000000541a00000,0x00000005440e6b70,0x000000055c500000)
 Metaspace       used 15020K, capacity 15215K, committed 15488K, reserved 1062912K
  class space    used 1792K, capacity 1872K, committed 1920K, reserved 1048576K
Event: 120.033 GC heap after
Heap after GC invocations=3924 (full 1948):
 PSYoungGen      total 1707520K, used 0K [0x00000006eb380000, 0x0000000753a80000, 0x00000007c0000000)
  eden space 1703936K, 0% used [0x00000006eb380000,0x00000006eb380000,0x0000000753380000)
  from space 3584K, 0% used [0x0000000753700000,0x0000000753700000,0x0000000753a80000)
  to   space 3584K, 0% used [0x0000000753380000,0x0000000753380000,0x0000000753700000)
 ParOldGen       total 437248K, used 39835K [0x0000000541a00000, 0x000000055c500000, 0x00000006eb380000)
  object space 437248K, 9% used [0x0000000541a00000,0x00000005440e6cb0,0x000000055c500000)
 Metaspace       used 15020K, capacity 15215K, committed 15488K, reserved 1062912K
  class space    used 1792K, capacity 1872K, committed 1920K, reserved 1048576K
}
Event: 120.077 GC heap before
{Heap before GC invocations=3925 (full 1948):
 PSYoungGen      total 1707520K, used 45438K [0x00000006eb380000, 0x0000000753a80000, 0x00000007c0000000)
  eden space 1703936K, 2% used [0x00000006eb380000,0x00000006edfdf938,0x0000000753380000)
  from space 3584K, 0% used [0x0000000753700000,0x0000000753700000,0x0000000753a80000)
  to   space 3584K, 0% used [0x0000000753380000,0x0000000753380000,0x0000000753700000)
 ParOldGen       total 437248K, used 39835K [0x0000000541a00000, 0x000000055c500000, 0x00000006eb380000)
  object space 437248K, 9% used [0x0000000541a00000,0x00000005440e6cb0,0x000000055c500000)
 Metaspace       used 15020K, capacity 15215K, committed 15488K, reserved 1062912K
  class space    used 1792K, capacity 1872K, committed 1920K, reserved 1048576K
Event: 120.078 GC heap after
Heap after GC invocations=3925 (full 1948):
 PSYoungGen      total 1707520K, used 2897K [0x00000006eb380000, 0x0000000753a80000, 0x00000007c0000000)
  eden space 1703936K, 0% used [0x00000006eb380000,0x00000006eb380000,0x0000000753380000)
  from space 3584K, 80% used [0x0000000753380000,0x0000000753654780,0x0000000753700000)
  to   space 3584K, 0% used [0x0000000753700000,0x0000000753700000,0x0000000753a80000)
 ParOldGen       total 437248K, used 39835K [0x0000000541a00000, 0x000000055c500000, 0x00000006eb380000)
  object space 437248K, 9% used [0x0000000541a00000,0x00000005440e6cb0,0x000000055c500000)
 Metaspace       used 15020K, capacity 15215K, committed 15488K, reserved 1062912K
  class space    used 1792K, capacity 1872K, committed 1920K, reserved 1048576K
}
Event: 120.078 GC heap before
{Heap before GC invocations=3926 (full 1949):
 PSYoungGen      total 1707520K, used 2897K [0x00000006eb380000, 0x0000000753a80000, 0x00000007c0000000)
  eden space 1703936K, 0% used [0x00000006eb380000,0x00000006eb380000,0x0000000753380000)
  from space 3584K, 80% used [0x0000000753380000,0x0000000753654780,0x0000000753700000)
  to   space 3584K, 0% used [0x0000000753700000,0x0000000753700000,0x0000000753a80000)
 ParOldGen       total 437248K, used 39835K [0x0000000541a00000, 0x000000055c500000, 0x00000006eb380000)
  object space 437248K, 9% used [0x0000000541a00000,0x00000005440e6cb0,0x000000055c500000)
 Metaspace       used 15020K, capacity 15215K, committed 15488K, reserved 1062912K
  class space    used 1792K, capacity 1872K, committed 1920K, reserved 1048576K
Event: 120.090 GC heap after
Heap after GC invocations=3926 (full 1949):
 PSYoungGen      total 1707520K, used 0K [0x00000006eb380000, 0x0000000753a80000, 0x00000007c0000000)
  eden space 1703936K, 0% used [0x00000006eb380000,0x00000006eb380000,0x0000000753380000)
  from space 3584K, 0% used [0x0000000753380000,0x0000000753380000,0x0000000753700000)
  to   space 3584K, 0% used [0x0000000753700000,0x0000000753700000,0x0000000753a80000)
 ParOldGen       total 437248K, used 39834K [0x0000000541a00000, 0x000000055c500000, 0x00000006eb380000)
  object space 437248K, 9% used [0x0000000541a00000,0x00000005440e6ab8,0x000000055c500000)
 Metaspace       used 15020K, capacity 15215K, committed 15488K, reserved 1062912K
  class space    used 1792K, capacity 1872K, committed 1920K, reserved 1048576K
}

