# JRE version: Java(TM) SE Runtime Environment (8.0_111-b14) (build 1.8.0_111-b14)
# Java VM: Java HotSpot(TM) 64-Bit Server VM (25.111-b14 mixed mode windows-amd64 compressed oops)
Heap:
 PSYoungGen      total 1838080K, used 19325K [0x00000006eb380000, 0x000000075b980000, 0x00000007c0000000)
  eden space 1835008K, 1% used [0x00000006eb380000,0x00000006ec65f4e0,0x000000075b380000)
  from space 3072K, 0% used [0x000000075b380000,0x000000075b380000,0x000000075b680000)
  to   space 3072K, 0% used [0x000000075b680000,0x000000075b680000,0x000000075b980000)
 ParOldGen       total 437248K, used 40069K [0x0000000541a00000, 0x000000055c500000, 0x00000006eb380000)
  object space 437248K, 9% used [0x0000000541a00000,0x0000000544121430,0x000000055c500000)
 Metaspace       used 15080K, capacity 15279K, committed 15488K, reserved 1062912K
  class space    used 1798K, capacity 1872K, committed 1920K, reserved 1048576K
GC Heap History (10 events):
Event: 132.303 GC heap before
{Heap before GC invocations=2294 (full 1131):
 PSYoungGen      total 1838080K, used 2993K [0x00000006eb380000, 0x000000075b980000, 0x00000007c0000000)
  eden space 1835008K, 0% used [0x00000006eb380000,0x00000006eb380000,0x000000075b380000)
  from space 3072K, 97% used [0x000000075b380000,0x000000075b66c780,0x000000075b680000)
  to   space 3072K, 0% used [0x000000075b680000,0x000000075b680000,0x000000075b980000)
 ParOldGen       total 437248K, used 40067K [0x0000000541a00000, 0x000000055c500000, 0x00000006eb380000)
  object space 437248K, 9% used [0x0000000541a00000,0x0000000544120c78,0x000000055c500000)
 Metaspace       used 15080K, capacity 15279K, committed 15488K, reserved 1062912K
  class space    used 1798K, capacity 1872K, committed 1920K, reserved 1048576K
Event: 132.319 GC heap after
Heap after GC invocations=2294 (full 1131):
 PSYoungGen      total 1838080K, used 0K [0x00000006eb380000, 0x000000075b980000, 0x00000007c0000000)
  eden space 1835008K, 0% used [0x00000006eb380000,0x00000006eb380000,0x000000075b380000)
  from space 3072K, 0% used [0x000000075b380000,0x000000075b380000,0x000000075b680000)
  to   space 3072K, 0% used [0x000000075b680000,0x000000075b680000,0x000000075b980000)
 ParOldGen       total 437248K, used 40061K [0x0000000541a00000, 0x000000055c500000, 0x00000006eb380000)
  object space 437248K, 9% used [0x0000000541a00000,0x000000054411f658,0x000000055c500000)
 Metaspace       used 15080K, capacity 15279K, committed 15488K, reserved 1062912K
  class space    used 1798K, capacity 1872K, committed 1920K, reserved 1048576K
}
Event: 132.376 GC heap before
{Heap before GC invocations=2295 (full 1131):
 PSYoungGen      total 1838080K, used 19325K [0x00000006eb380000, 0x000000075b980000, 0x00000007c0000000)
  eden space 1835008K, 1% used [0x00000006eb380000,0x00000006ec65f4e0,0x000000075b380000)
  from space 3072K, 0% used [0x000000075b380000,0x000000075b380000,0x000000075b680000)
  to   space 3072K, 0% used [0x000000075b680000,0x000000075b680000,0x000000075b980000)
 ParOldGen       total 437248K, used 40061K [0x0000000541a00000, 0x000000055c500000, 0x00000006eb380000)
  object space 437248K, 9% used [0x0000000541a00000,0x000000054411f658,0x000000055c500000)
 Metaspace       used 15080K, capacity 15279K, committed 15488K, reserved 1062912K
  class space    used 1798K, capacity 1872K, committed 1920K, reserved 1048576K
Event: 132.377 GC heap after
Heap after GC invocations=2295 (full 1131):
 PSYoungGen      total 1838080K, used 2961K [0x00000006eb380000, 0x000000075b980000, 0x00000007c0000000)
  eden space 1835008K, 0% used [0x00000006eb380000,0x00000006eb380000,0x000000075b380000)
  from space 3072K, 96% used [0x000000075b680000,0x000000075b964780,0x000000075b980000)
  to   space 3072K, 0% used [0x000000075b380000,0x000000075b380000,0x000000075b680000)
 ParOldGen       total 437248K, used 40061K [0x0000000541a00000, 0x000000055c500000, 0x00000006eb380000)
  object space 437248K, 9% used [0x0000000541a00000,0x000000054411f658,0x000000055c500000)
 Metaspace       used 15080K, capacity 15279K, committed 15488K, reserved 1062912K
  class space    used 1798K, capacity 1872K, committed 1920K, reserved 1048576K
}
Event: 132.377 GC heap before
{Heap before GC invocations=2296 (full 1132):
 PSYoungGen      total 1838080K, used 2961K [0x00000006eb380000, 0x000000075b980000, 0x00000007c0000000)
  eden space 1835008K, 0% used [0x00000006eb380000,0x00000006eb380000,0x000000075b380000)
  from space 3072K, 96% used [0x000000075b680000,0x000000075b964780,0x000000075b980000)
  to   space 3072K, 0% used [0x000000075b380000,0x000000075b380000,0x000000075b680000)
 ParOldGen       total 437248K, used 40061K [0x0000000541a00000, 0x000000055c500000, 0x00000006eb380000)
  object space 437248K, 9% used [0x0000000541a00000,0x000000054411f658,0x000000055c500000)
 Metaspace       used 15080K, capacity 15279K, committed 15488K, reserved 1062912K
  class space    used 1798K, capacity 1872K, committed 1920K, reserved 1048576K
Event: 132.388 GC heap after
Heap after GC invocations=2296 (full 1132):
 PSYoungGen      total 1838080K, used 0K [0x00000006eb380000, 0x000000075b980000, 0x00000007c0000000)
  eden space 1835008K, 0% used [0x00000006eb380000,0x00000006eb380000,0x000000075b380000)
  from space 3072K, 0% used [0x000000075b680000,0x000000075b680000,0x000000075b980000)
  to   space 3072K, 0% used [0x000000075b380000,0x000000075b380000,0x000000075b680000)
 ParOldGen       total 437248K, used 40063K [0x0000000541a00000, 0x000000055c500000, 0x00000006eb380000)
  object space 437248K, 9% used [0x0000000541a00000,0x000000054411fdf8,0x000000055c500000)
 Metaspace       used 15080K, capacity 15279K, committed 15488K, reserved 1062912K
  class space    used 1798K, capacity 1872K, committed 1920K, reserved 1048576K
}
Event: 132.447 GC heap before
{Heap before GC invocations=2297 (full 1132):
 PSYoungGen      total 1838080K, used 19325K [0x00000006eb380000, 0x000000075b980000, 0x00000007c0000000)
  eden space 1835008K, 1% used [0x00000006eb380000,0x00000006ec65f4e0,0x000000075b380000)
  from space 3072K, 0% used [0x000000075b680000,0x000000075b680000,0x000000075b980000)
  to   space 3072K, 0% used [0x000000075b380000,0x000000075b380000,0x000000075b680000)
 ParOldGen       total 437248K, used 40063K [0x0000000541a00000, 0x000000055c500000, 0x00000006eb380000)
  object space 437248K, 9% used [0x0000000541a00000,0x000000054411fdf8,0x000000055c500000)
 Metaspace       used 15080K, capacity 15279K, committed 15488K, reserved 1062912K
  class space    used 1798K, capacity 1872K, committed 1920K, reserved 1048576K
Event: 132.448 GC heap after
Heap after GC invocations=2297 (full 1132):
 PSYoungGen      total 1838080K, used 2993K [0x00000006eb380000, 0x000000075b980000, 0x00000007c0000000)
  eden space 1835008K, 0% used [0x00000006eb380000,0x00000006eb380000,0x000000075b380000)
  from space 3072K, 97% used [0x000000075b380000,0x000000075b66c780,0x000000075b680000)
  to   space 3072K, 0% used [0x000000075b680000,0x000000075b680000,0x000000075b980000)
 ParOldGen       total 437248K, used 40063K [0x0000000541a00000, 0x000000055c500000, 0x00000006eb380000)
  object space 437248K, 9% used [0x0000000541a00000,0x000000054411fdf8,0x000000055c500000)
 Metaspace       used 15080K, capacity 15279K, committed 15488K, reserved 1062912K
  class space    used 1798K, capacity 1872K, committed 1920K, reserved 1048576K
}
Event: 132.448 GC heap before
{Heap before GC invocations=2298 (full 1133):
 PSYoungGen      total 1838080K, used 2993K [0x00000006eb380000, 0x000000075b980000, 0x00000007c0000000)
  eden space 1835008K, 0% used [0x00000006eb380000,0x00000006eb380000,0x000000075b380000)
  from space 3072K, 97% used [0x000000075b380000,0x000000075b66c780,0x000000075b680000)
  to   space 3072K, 0% used [0x000000075b680000,0x000000075b680000,0x000000075b980000)
 ParOldGen       total 437248K, used 40063K [0x0000000541a00000, 0x000000055c500000, 0x00000006eb380000)
  object space 437248K, 9% used [0x0000000541a00000,0x000000054411fdf8,0x000000055c500000)
 Metaspace       used 15080K, capacity 15279K, committed 15488K, reserved 1062912K
  class space    used 1798K, capacity 1872K, committed 1920K, reserved 1048576K
Event: 132.461 GC heap after
Heap after GC invocations=2298 (full 1133):
 PSYoungGen      total 1838080K, used 0K [0x00000006eb380000, 0x000000075b980000, 0x00000007c0000000)
  eden space 1835008K, 0% used [0x00000006eb380000,0x00000006eb380000,0x000000075b380000)
  from space 3072K, 0% used [0x000000075b380000,0x000000075b380000,0x000000075b680000)
  to   space 3072K, 0% used [0x000000075b680000,0x000000075b680000,0x000000075b980000)
 ParOldGen       total 437248K, used 40069K [0x0000000541a00000, 0x000000055c500000, 0x00000006eb380000)
  object space 437248K, 9% used [0x0000000541a00000,0x0000000544121430,0x000000055c500000)
 Metaspace       used 15080K, capacity 15279K, committed 15488K, reserved 1062912K
  class space    used 1798K, capacity 1872K, committed 1920K, reserved 1048576K
}

