# JRE version: Java(TM) SE Runtime Environment (8.0_111-b14) (build 1.8.0_111-b14)
# Java VM: Java HotSpot(TM) 64-Bit Server VM (25.111-b14 mixed mode windows-amd64 compressed oops)
Heap:
 PSYoungGen      total 941568K, used 36842K [0x00000006eb380000, 0x0000000726380000, 0x00000007c0000000)
  eden space 916480K, 4% used [0x00000006eb380000,0x00000006ed77aa30,0x0000000723280000)
  from space 25088K, 0% used [0x0000000723280000,0x0000000723280000,0x0000000724b00000)
  to   space 23552K, 0% used [0x0000000724c80000,0x0000000724c80000,0x0000000726380000)
 ParOldGen       total 437248K, used 40207K [0x0000000541a00000, 0x000000055c500000, 0x00000006eb380000)
  object space 437248K, 9% used [0x0000000541a00000,0x0000000544143cc8,0x000000055c500000)
 Metaspace       used 14659K, capacity 14831K, committed 15232K, reserved 1062912K
  class space    used 1756K, capacity 1808K, committed 1920K, reserved 1048576K
GC Heap History (10 events):
Event: 32.386 GC heap before
{Heap before GC invocations=500 (full 63):
 PSYoungGen      total 941568K, used 2865K [0x00000006eb380000, 0x0000000726380000, 0x00000007c0000000)
  eden space 916480K, 0% used [0x00000006eb380000,0x00000006eb380000,0x0000000723280000)
  from space 25088K, 11% used [0x0000000723280000,0x000000072354c780,0x0000000724b00000)
  to   space 23552K, 0% used [0x0000000724c80000,0x0000000724c80000,0x0000000726380000)
 ParOldGen       total 437248K, used 40207K [0x0000000541a00000, 0x000000055c500000, 0x00000006eb380000)
  object space 437248K, 9% used [0x0000000541a00000,0x0000000544143cc8,0x000000055c500000)
 Metaspace       used 14647K, capacity 14831K, committed 15232K, reserved 1062912K
  class space    used 1756K, capacity 1808K, committed 1920K, reserved 1048576K
Event: 32.404 GC heap after
Heap after GC invocations=500 (full 63):
 PSYoungGen      total 941568K, used 0K [0x00000006eb380000, 0x0000000726380000, 0x00000007c0000000)
  eden space 916480K, 0% used [0x00000006eb380000,0x00000006eb380000,0x0000000723280000)
  from space 25088K, 0% used [0x0000000723280000,0x0000000723280000,0x0000000724b00000)
  to   space 23552K, 0% used [0x0000000724c80000,0x0000000724c80000,0x0000000726380000)
 ParOldGen       total 437248K, used 40207K [0x0000000541a00000, 0x000000055c500000, 0x00000006eb380000)
  object space 437248K, 9% used [0x0000000541a00000,0x0000000544143cc8,0x000000055c500000)
 Metaspace       used 14647K, capacity 14831K, committed 15232K, reserved 1062912K
  class space    used 1756K, capacity 1808K, committed 1920K, reserved 1048576K
}
Event: 32.416 GC heap before
{Heap before GC invocations=501 (full 63):
 PSYoungGen      total 941568K, used 9164K [0x00000006eb380000, 0x0000000726380000, 0x00000007c0000000)
  eden space 916480K, 1% used [0x00000006eb380000,0x00000006ebc73360,0x0000000723280000)
  from space 25088K, 0% used [0x0000000723280000,0x0000000723280000,0x0000000724b00000)
  to   space 23552K, 0% used [0x0000000724c80000,0x0000000724c80000,0x0000000726380000)
 ParOldGen       total 437248K, used 40207K [0x0000000541a00000, 0x000000055c500000, 0x00000006eb380000)
  object space 437248K, 9% used [0x0000000541a00000,0x0000000544143cc8,0x000000055c500000)
 Metaspace       used 14647K, capacity 14831K, committed 15232K, reserved 1062912K
  class space    used 1756K, capacity 1808K, committed 1920K, reserved 1048576K
Event: 32.417 GC heap after
Heap after GC invocations=501 (full 63):
 PSYoungGen      total 940032K, used 2897K [0x00000006eb380000, 0x0000000726380000, 0x00000007c0000000)
  eden space 916480K, 0% used [0x00000006eb380000,0x00000006eb380000,0x0000000723280000)
  from space 23552K, 12% used [0x0000000724c80000,0x0000000724f54780,0x0000000726380000)
  to   space 25088K, 0% used [0x0000000723280000,0x0000000723280000,0x0000000724b00000)
 ParOldGen       total 437248K, used 40207K [0x0000000541a00000, 0x000000055c500000, 0x00000006eb380000)
  object space 437248K, 9% used [0x0000000541a00000,0x0000000544143cc8,0x000000055c500000)
 Metaspace       used 14647K, capacity 14831K, committed 15232K, reserved 1062912K
  class space    used 1756K, capacity 1808K, committed 1920K, reserved 1048576K
}
Event: 32.417 GC heap before
{Heap before GC invocations=502 (full 64):
 PSYoungGen      total 940032K, used 2897K [0x00000006eb380000, 0x0000000726380000, 0x00000007c0000000)
  eden space 916480K, 0% used [0x00000006eb380000,0x00000006eb380000,0x0000000723280000)
  from space 23552K, 12% used [0x0000000724c80000,0x0000000724f54780,0x0000000726380000)
  to   space 25088K, 0% used [0x0000000723280000,0x0000000723280000,0x0000000724b00000)
 ParOldGen       total 437248K, used 40207K [0x0000000541a00000, 0x000000055c500000, 0x00000006eb380000)
  object space 437248K, 9% used [0x0000000541a00000,0x0000000544143cc8,0x000000055c500000)
 Metaspace       used 14647K, capacity 14831K, committed 15232K, reserved 1062912K
  class space    used 1756K, capacity 1808K, committed 1920K, reserved 1048576K
Event: 32.435 GC heap after
Heap after GC invocations=502 (full 64):
 PSYoungGen      total 940032K, used 0K [0x00000006eb380000, 0x0000000726380000, 0x00000007c0000000)
  eden space 916480K, 0% used [0x00000006eb380000,0x00000006eb380000,0x0000000723280000)
  from space 23552K, 0% used [0x0000000724c80000,0x0000000724c80000,0x0000000726380000)
  to   space 25088K, 0% used [0x0000000723280000,0x0000000723280000,0x0000000724b00000)
 ParOldGen       total 437248K, used 40207K [0x0000000541a00000, 0x000000055c500000, 0x00000006eb380000)
  object space 437248K, 9% used [0x0000000541a00000,0x0000000544143cc8,0x000000055c500000)
 Metaspace       used 14647K, capacity 14831K, committed 15232K, reserved 1062912K
  class space    used 1756K, capacity 1808K, committed 1920K, reserved 1048576K
}
Event: 32.442 GC heap before
{Heap before GC invocations=503 (full 64):
 PSYoungGen      total 940032K, used 9164K [0x00000006eb380000, 0x0000000726380000, 0x00000007c0000000)
  eden space 916480K, 1% used [0x00000006eb380000,0x00000006ebc73360,0x0000000723280000)
  from space 23552K, 0% used [0x0000000724c80000,0x0000000724c80000,0x0000000726380000)
  to   space 25088K, 0% used [0x0000000723280000,0x0000000723280000,0x0000000724b00000)
 ParOldGen       total 437248K, used 40207K [0x0000000541a00000, 0x000000055c500000, 0x00000006eb380000)
  object space 437248K, 9% used [0x0000000541a00000,0x0000000544143cc8,0x000000055c500000)
 Metaspace       used 14647K, capacity 14831K, committed 15232K, reserved 1062912K
  class space    used 1756K, capacity 1808K, committed 1920K, reserved 1048576K
Event: 32.443 GC heap after
Heap after GC invocations=503 (full 64):
 PSYoungGen      total 941568K, used 2865K [0x00000006eb380000, 0x0000000726380000, 0x00000007c0000000)
  eden space 916480K, 0% used [0x00000006eb380000,0x00000006eb380000,0x0000000723280000)
  from space 25088K, 11% used [0x0000000723280000,0x000000072354c780,0x0000000724b00000)
  to   space 23552K, 0% used [0x0000000724c80000,0x0000000724c80000,0x0000000726380000)
 ParOldGen       total 437248K, used 40207K [0x0000000541a00000, 0x000000055c500000, 0x00000006eb380000)
  object space 437248K, 9% used [0x0000000541a00000,0x0000000544143cc8,0x000000055c500000)
 Metaspace       used 14647K, capacity 14831K, committed 15232K, reserved 1062912K
  class space    used 1756K, capacity 1808K, committed 1920K, reserved 1048576K
}
Event: 32.443 GC heap before
{Heap before GC invocations=504 (full 65):
 PSYoungGen      total 941568K, used 2865K [0x00000006eb380000, 0x0000000726380000, 0x00000007c0000000)
  eden space 916480K, 0% used [0x00000006eb380000,0x00000006eb380000,0x0000000723280000)
  from space 25088K, 11% used [0x0000000723280000,0x000000072354c780,0x0000000724b00000)
  to   space 23552K, 0% used [0x0000000724c80000,0x0000000724c80000,0x0000000726380000)
 ParOldGen       total 437248K, used 40207K [0x0000000541a00000, 0x000000055c500000, 0x00000006eb380000)
  object space 437248K, 9% used [0x0000000541a00000,0x0000000544143cc8,0x000000055c500000)
 Metaspace       used 14647K, capacity 14831K, committed 15232K, reserved 1062912K
  class space    used 1756K, capacity 1808K, committed 1920K, reserved 1048576K
Event: 32.462 GC heap after
Heap after GC invocations=504 (full 65):
 PSYoungGen      total 941568K, used 0K [0x00000006eb380000, 0x0000000726380000, 0x00000007c0000000)
  eden space 916480K, 0% used [0x00000006eb380000,0x00000006eb380000,0x0000000723280000)
  from space 25088K, 0% used [0x0000000723280000,0x0000000723280000,0x0000000724b00000)
  to   space 23552K, 0% used [0x0000000724c80000,0x0000000724c80000,0x0000000726380000)
 ParOldGen       total 437248K, used 40207K [0x0000000541a00000, 0x000000055c500000, 0x00000006eb380000)
  object space 437248K, 9% used [0x0000000541a00000,0x0000000544143cc8,0x000000055c500000)
 Metaspace       used 14647K, capacity 14831K, committed 15232K, reserved 1062912K
  class space    used 1756K, capacity 1808K, committed 1920K, reserved 1048576K
}

