# JRE version: Java(TM) SE Runtime Environment (8.0_111-b14) (build 1.8.0_111-b14)
# Java VM: Java HotSpot(TM) 64-Bit Server VM (25.111-b14 mixed mode windows-amd64 compressed oops)
Heap:
 PSYoungGen      total 3280384K, used 131071K [0x00000006eb380000, 0x00000007b3a80000, 0x00000007c0000000)
  eden space 3276800K, 3% used [0x00000006eb380000,0x00000006f337ffb8,0x00000007b3380000)
  from space 3584K, 0% used [0x00000007b3700000,0x00000007b3700000,0x00000007b3a80000)
  to   space 3584K, 0% used [0x00000007b3380000,0x00000007b3380000,0x00000007b3700000)
 ParOldGen       total 437248K, used 40751K [0x0000000541a00000, 0x000000055c500000, 0x00000006eb380000)
  object space 437248K, 9% used [0x0000000541a00000,0x00000005441cbe30,0x000000055c500000)
 Metaspace       used 14797K, capacity 15061K, committed 15232K, reserved 1062912K
  class space    used 1750K, capacity 1843K, committed 1920K, reserved 1048576K
GC Heap History (10 events):
Event: 415.551 GC heap before
{Heap before GC invocations=3353 (full 1615):
 PSYoungGen      total 3280384K, used 131071K [0x00000006eb380000, 0x00000007b3a80000, 0x00000007c0000000)
  eden space 3276800K, 3% used [0x00000006eb380000,0x00000006f337ffb8,0x00000007b3380000)
  from space 3584K, 0% used [0x00000007b3380000,0x00000007b3380000,0x00000007b3700000)
  to   space 3584K, 0% used [0x00000007b3700000,0x00000007b3700000,0x00000007b3a80000)
 ParOldGen       total 437248K, used 40752K [0x0000000541a00000, 0x000000055c500000, 0x00000006eb380000)
  object space 437248K, 9% used [0x0000000541a00000,0x00000005441cc2a0,0x000000055c500000)
 Metaspace       used 14797K, capacity 15061K, committed 15232K, reserved 1062912K
  class space    used 1750K, capacity 1843K, committed 1920K, reserved 1048576K
Event: 415.553 GC heap after
Heap after GC invocations=3353 (full 1615):
 PSYoungGen      total 3280384K, used 2929K [0x00000006eb380000, 0x00000007b3a80000, 0x00000007c0000000)
  eden space 3276800K, 0% used [0x00000006eb380000,0x00000006eb380000,0x00000007b3380000)
  from space 3584K, 81% used [0x00000007b3700000,0x00000007b39dc780,0x00000007b3a80000)
  to   space 3584K, 0% used [0x00000007b3380000,0x00000007b3380000,0x00000007b3700000)
 ParOldGen       total 437248K, used 40752K [0x0000000541a00000, 0x000000055c500000, 0x00000006eb380000)
  object space 437248K, 9% used [0x0000000541a00000,0x00000005441cc2a0,0x000000055c500000)
 Metaspace       used 14797K, capacity 15061K, committed 15232K, reserved 1062912K
  class space    used 1750K, capacity 1843K, committed 1920K, reserved 1048576K
}
Event: 415.553 GC heap before
{Heap before GC invocations=3354 (full 1616):
 PSYoungGen      total 3280384K, used 2929K [0x00000006eb380000, 0x00000007b3a80000, 0x00000007c0000000)
  eden space 3276800K, 0% used [0x00000006eb380000,0x00000006eb380000,0x00000007b3380000)
  from space 3584K, 81% used [0x00000007b3700000,0x00000007b39dc780,0x00000007b3a80000)
  to   space 3584K, 0% used [0x00000007b3380000,0x00000007b3380000,0x00000007b3700000)
 ParOldGen       total 437248K, used 40752K [0x0000000541a00000, 0x000000055c500000, 0x00000006eb380000)
  object space 437248K, 9% used [0x0000000541a00000,0x00000005441cc2a0,0x000000055c500000)
 Metaspace       used 14797K, capacity 15061K, committed 15232K, reserved 1062912K
  class space    used 1750K, capacity 1843K, committed 1920K, reserved 1048576K
Event: 415.572 GC heap after
Heap after GC invocations=3354 (full 1616):
 PSYoungGen      total 3280384K, used 0K [0x00000006eb380000, 0x00000007b3a80000, 0x00000007c0000000)
  eden space 3276800K, 0% used [0x00000006eb380000,0x00000006eb380000,0x00000007b3380000)
  from space 3584K, 0% used [0x00000007b3700000,0x00000007b3700000,0x00000007b3a80000)
  to   space 3584K, 0% used [0x00000007b3380000,0x00000007b3380000,0x00000007b3700000)
 ParOldGen       total 437248K, used 40752K [0x0000000541a00000, 0x000000055c500000, 0x00000006eb380000)
  object space 437248K, 9% used [0x0000000541a00000,0x00000005441cc000,0x000000055c500000)
 Metaspace       used 14797K, capacity 15061K, committed 15232K, reserved 1062912K
  class space    used 1750K, capacity 1843K, committed 1920K, reserved 1048576K
}
Event: 415.700 GC heap before
{Heap before GC invocations=3355 (full 1616):
 PSYoungGen      total 3280384K, used 196607K [0x00000006eb380000, 0x00000007b3a80000, 0x00000007c0000000)
  eden space 3276800K, 5% used [0x00000006eb380000,0x00000006f737ffc8,0x00000007b3380000)
  from space 3584K, 0% used [0x00000007b3700000,0x00000007b3700000,0x00000007b3a80000)
  to   space 3584K, 0% used [0x00000007b3380000,0x00000007b3380000,0x00000007b3700000)
 ParOldGen       total 437248K, used 40752K [0x0000000541a00000, 0x000000055c500000, 0x00000006eb380000)
  object space 437248K, 9% used [0x0000000541a00000,0x00000005441cc000,0x000000055c500000)
 Metaspace       used 14797K, capacity 15061K, committed 15232K, reserved 1062912K
  class space    used 1750K, capacity 1843K, committed 1920K, reserved 1048576K
Event: 415.707 GC heap after
Heap after GC invocations=3355 (full 1616):
 PSYoungGen      total 3280384K, used 2993K [0x00000006eb380000, 0x00000007b3a80000, 0x00000007c0000000)
  eden space 3276800K, 0% used [0x00000006eb380000,0x00000006eb380000,0x00000007b3380000)
  from space 3584K, 83% used [0x00000007b3380000,0x00000007b366c780,0x00000007b3700000)
  to   space 3584K, 0% used [0x00000007b3700000,0x00000007b3700000,0x00000007b3a80000)
 ParOldGen       total 437248K, used 40752K [0x0000000541a00000, 0x000000055c500000, 0x00000006eb380000)
  object space 437248K, 9% used [0x0000000541a00000,0x00000005441cc000,0x000000055c500000)
 Metaspace       used 14797K, capacity 15061K, committed 15232K, reserved 1062912K
  class space    used 1750K, capacity 1843K, committed 1920K, reserved 1048576K
}
Event: 415.767 GC heap before
{Heap before GC invocations=3356 (full 1616):
 PSYoungGen      total 3280384K, used 134065K [0x00000006eb380000, 0x00000007b3a80000, 0x00000007c0000000)
  eden space 3276800K, 3% used [0x00000006eb380000,0x00000006f337ffd0,0x00000007b3380000)
  from space 3584K, 83% used [0x00000007b3380000,0x00000007b366c780,0x00000007b3700000)
  to   space 3584K, 0% used [0x00000007b3700000,0x00000007b3700000,0x00000007b3a80000)
 ParOldGen       total 437248K, used 40752K [0x0000000541a00000, 0x000000055c500000, 0x00000006eb380000)
  object space 437248K, 9% used [0x0000000541a00000,0x00000005441cc000,0x000000055c500000)
 Metaspace       used 14797K, capacity 15061K, committed 15232K, reserved 1062912K
  class space    used 1750K, capacity 1843K, committed 1920K, reserved 1048576K
Event: 415.769 GC heap after
Heap after GC invocations=3356 (full 1616):
 PSYoungGen      total 3280384K, used 2897K [0x00000006eb380000, 0x00000007b3a80000, 0x00000007c0000000)
  eden space 3276800K, 0% used [0x00000006eb380000,0x00000006eb380000,0x00000007b3380000)
  from space 3584K, 80% used [0x00000007b3700000,0x00000007b39d4780,0x00000007b3a80000)
  to   space 3584K, 0% used [0x00000007b3380000,0x00000007b3380000,0x00000007b3700000)
 ParOldGen       total 437248K, used 40792K [0x0000000541a00000, 0x000000055c500000, 0x00000006eb380000)
  object space 437248K, 9% used [0x0000000541a00000,0x00000005441d6000,0x000000055c500000)
 Metaspace       used 14797K, capacity 15061K, committed 15232K, reserved 1062912K
  class space    used 1750K, capacity 1843K, committed 1920K, reserved 1048576K
}
Event: 415.769 GC heap before
{Heap before GC invocations=3357 (full 1617):
 PSYoungGen      total 3280384K, used 2897K [0x00000006eb380000, 0x00000007b3a80000, 0x00000007c0000000)
  eden space 3276800K, 0% used [0x00000006eb380000,0x00000006eb380000,0x00000007b3380000)
  from space 3584K, 80% used [0x00000007b3700000,0x00000007b39d4780,0x00000007b3a80000)
  to   space 3584K, 0% used [0x00000007b3380000,0x00000007b3380000,0x00000007b3700000)
 ParOldGen       total 437248K, used 40792K [0x0000000541a00000, 0x000000055c500000, 0x00000006eb380000)
  object space 437248K, 9% used [0x0000000541a00000,0x00000005441d6000,0x000000055c500000)
 Metaspace       used 14797K, capacity 15061K, committed 15232K, reserved 1062912K
  class space    used 1750K, capacity 1843K, committed 1920K, reserved 1048576K
Event: 415.788 GC heap after
Heap after GC invocations=3357 (full 1617):
 PSYoungGen      total 3280384K, used 0K [0x00000006eb380000, 0x00000007b3a80000, 0x00000007c0000000)
  eden space 3276800K, 0% used [0x00000006eb380000,0x00000006eb380000,0x00000007b3380000)
  from space 3584K, 0% used [0x00000007b3700000,0x00000007b3700000,0x00000007b3a80000)
  to   space 3584K, 0% used [0x00000007b3380000,0x00000007b3380000,0x00000007b3700000)
 ParOldGen       total 437248K, used 40751K [0x0000000541a00000, 0x000000055c500000, 0x00000006eb380000)
  object space 437248K, 9% used [0x0000000541a00000,0x00000005441cbe30,0x000000055c500000)
 Metaspace       used 14797K, capacity 15061K, committed 15232K, reserved 1062912K
  class space    used 1750K, capacity 1843K, committed 1920K, reserved 1048576K
}

