# JRE version: Java(TM) SE Runtime Environment (8.0_111-b14) (build 1.8.0_111-b14)
# Java VM: Java HotSpot(TM) 64-Bit Server VM (25.111-b14 mixed mode windows-amd64 compressed oops)
Heap:
 PSYoungGen      total 3482112K, used 92774K [0x00000006eb380000, 0x00000007bff00000, 0x00000007c0000000)
  eden space 3479040K, 2% used [0x00000006eb380000,0x00000006f0e19988,0x00000007bf900000)
  from space 3072K, 0% used [0x00000007bf900000,0x00000007bf900000,0x00000007bfc00000)
  to   space 3072K, 0% used [0x00000007bfc00000,0x00000007bfc00000,0x00000007bff00000)
 ParOldGen       total 437248K, used 39801K [0x0000000541a00000, 0x000000055c500000, 0x00000006eb380000)
  object space 437248K, 9% used [0x0000000541a00000,0x00000005440de688,0x000000055c500000)
 Metaspace       used 14816K, capacity 15001K, committed 15232K, reserved 1062912K
  class space    used 1771K, capacity 1843K, committed 1920K, reserved 1048576K
GC Heap History (10 events):
Event: 3369.298 GC heap before
{Heap before GC invocations=110103 (full 54878):
 PSYoungGen      total 3482112K, used 2929K [0x00000006eb380000, 0x00000007bff00000, 0x00000007c0000000)
  eden space 3479040K, 0% used [0x00000006eb380000,0x00000006eb380000,0x00000007bf900000)
  from space 3072K, 95% used [0x00000007bf900000,0x00000007bfbdc780,0x00000007bfc00000)
  to   space 3072K, 0% used [0x00000007bfc00000,0x00000007bfc00000,0x00000007bff00000)
 ParOldGen       total 437248K, used 39803K [0x0000000541a00000, 0x000000055c500000, 0x00000006eb380000)
  object space 437248K, 9% used [0x0000000541a00000,0x00000005440dec60,0x000000055c500000)
 Metaspace       used 14816K, capacity 15001K, committed 15232K, reserved 1062912K
  class space    used 1771K, capacity 1843K, committed 1920K, reserved 1048576K
Event: 3369.310 GC heap after
Heap after GC invocations=110103 (full 54878):
 PSYoungGen      total 3482112K, used 0K [0x00000006eb380000, 0x00000007bff00000, 0x00000007c0000000)
  eden space 3479040K, 0% used [0x00000006eb380000,0x00000006eb380000,0x00000007bf900000)
  from space 3072K, 0% used [0x00000007bf900000,0x00000007bf900000,0x00000007bfc00000)
  to   space 3072K, 0% used [0x00000007bfc00000,0x00000007bfc00000,0x00000007bff00000)
 ParOldGen       total 437248K, used 39801K [0x0000000541a00000, 0x000000055c500000, 0x00000006eb380000)
  object space 437248K, 9% used [0x0000000541a00000,0x00000005440de710,0x000000055c500000)
 Metaspace       used 14816K, capacity 15001K, committed 15232K, reserved 1062912K
  class space    used 1771K, capacity 1843K, committed 1920K, reserved 1048576K
}
Event: 3369.360 GC heap before
{Heap before GC invocations=110104 (full 54878):
 PSYoungGen      total 3482112K, used 92774K [0x00000006eb380000, 0x00000007bff00000, 0x00000007c0000000)
  eden space 3479040K, 2% used [0x00000006eb380000,0x00000006f0e19988,0x00000007bf900000)
  from space 3072K, 0% used [0x00000007bf900000,0x00000007bf900000,0x00000007bfc00000)
  to   space 3072K, 0% used [0x00000007bfc00000,0x00000007bfc00000,0x00000007bff00000)
 ParOldGen       total 437248K, used 39801K [0x0000000541a00000, 0x000000055c500000, 0x00000006eb380000)
  object space 437248K, 9% used [0x0000000541a00000,0x00000005440de710,0x000000055c500000)
 Metaspace       used 14816K, capacity 15001K, committed 15232K, reserved 1062912K
  class space    used 1771K, capacity 1843K, committed 1920K, reserved 1048576K
Event: 3369.361 GC heap after
Heap after GC invocations=110104 (full 54878):
 PSYoungGen      total 3482112K, used 2929K [0x00000006eb380000, 0x00000007bff00000, 0x00000007c0000000)
  eden space 3479040K, 0% used [0x00000006eb380000,0x00000006eb380000,0x00000007bf900000)
  from space 3072K, 95% used [0x00000007bfc00000,0x00000007bfedc780,0x00000007bff00000)
  to   space 3072K, 0% used [0x00000007bf900000,0x00000007bf900000,0x00000007bfc00000)
 ParOldGen       total 437248K, used 39801K [0x0000000541a00000, 0x000000055c500000, 0x00000006eb380000)
  object space 437248K, 9% used [0x0000000541a00000,0x00000005440de710,0x000000055c500000)
 Metaspace       used 14816K, capacity 15001K, committed 15232K, reserved 1062912K
  class space    used 1771K, capacity 1843K, committed 1920K, reserved 1048576K
}
Event: 3369.361 GC heap before
{Heap before GC invocations=110105 (full 54879):
 PSYoungGen      total 3482112K, used 2929K [0x00000006eb380000, 0x00000007bff00000, 0x00000007c0000000)
  eden space 3479040K, 0% used [0x00000006eb380000,0x00000006eb380000,0x00000007bf900000)
  from space 3072K, 95% used [0x00000007bfc00000,0x00000007bfedc780,0x00000007bff00000)
  to   space 3072K, 0% used [0x00000007bf900000,0x00000007bf900000,0x00000007bfc00000)
 ParOldGen       total 437248K, used 39801K [0x0000000541a00000, 0x000000055c500000, 0x00000006eb380000)
  object space 437248K, 9% used [0x0000000541a00000,0x00000005440de710,0x000000055c500000)
 Metaspace       used 14816K, capacity 15001K, committed 15232K, reserved 1062912K
  class space    used 1771K, capacity 1843K, committed 1920K, reserved 1048576K
Event: 3369.372 GC heap after
Heap after GC invocations=110105 (full 54879):
 PSYoungGen      total 3482112K, used 0K [0x00000006eb380000, 0x00000007bff00000, 0x00000007c0000000)
  eden space 3479040K, 0% used [0x00000006eb380000,0x00000006eb380000,0x00000007bf900000)
  from space 3072K, 0% used [0x00000007bfc00000,0x00000007bfc00000,0x00000007bff00000)
  to   space 3072K, 0% used [0x00000007bf900000,0x00000007bf900000,0x00000007bfc00000)
 ParOldGen       total 437248K, used 39802K [0x0000000541a00000, 0x000000055c500000, 0x00000006eb380000)
  object space 437248K, 9% used [0x0000000541a00000,0x00000005440debd8,0x000000055c500000)
 Metaspace       used 14816K, capacity 15001K, committed 15232K, reserved 1062912K
  class space    used 1771K, capacity 1843K, committed 1920K, reserved 1048576K
}
Event: 3369.420 GC heap before
{Heap before GC invocations=110106 (full 54879):
 PSYoungGen      total 3482112K, used 92774K [0x00000006eb380000, 0x00000007bff00000, 0x00000007c0000000)
  eden space 3479040K, 2% used [0x00000006eb380000,0x00000006f0e19988,0x00000007bf900000)
  from space 3072K, 0% used [0x00000007bfc00000,0x00000007bfc00000,0x00000007bff00000)
  to   space 3072K, 0% used [0x00000007bf900000,0x00000007bf900000,0x00000007bfc00000)
 ParOldGen       total 437248K, used 39802K [0x0000000541a00000, 0x000000055c500000, 0x00000006eb380000)
  object space 437248K, 9% used [0x0000000541a00000,0x00000005440debd8,0x000000055c500000)
 Metaspace       used 14816K, capacity 15001K, committed 15232K, reserved 1062912K
  class space    used 1771K, capacity 1843K, committed 1920K, reserved 1048576K
Event: 3369.421 GC heap after
Heap after GC invocations=110106 (full 54879):
 PSYoungGen      total 3482112K, used 2961K [0x00000006eb380000, 0x00000007bff00000, 0x00000007c0000000)
  eden space 3479040K, 0% used [0x00000006eb380000,0x00000006eb380000,0x00000007bf900000)
  from space 3072K, 96% used [0x00000007bf900000,0x00000007bfbe4780,0x00000007bfc00000)
  to   space 3072K, 0% used [0x00000007bfc00000,0x00000007bfc00000,0x00000007bff00000)
 ParOldGen       total 437248K, used 39802K [0x0000000541a00000, 0x000000055c500000, 0x00000006eb380000)
  object space 437248K, 9% used [0x0000000541a00000,0x00000005440debd8,0x000000055c500000)
 Metaspace       used 14816K, capacity 15001K, committed 15232K, reserved 1062912K
  class space    used 1771K, capacity 1843K, committed 1920K, reserved 1048576K
}
Event: 3369.421 GC heap before
{Heap before GC invocations=110107 (full 54880):
 PSYoungGen      total 3482112K, used 2961K [0x00000006eb380000, 0x00000007bff00000, 0x00000007c0000000)
  eden space 3479040K, 0% used [0x00000006eb380000,0x00000006eb380000,0x00000007bf900000)
  from space 3072K, 96% used [0x00000007bf900000,0x00000007bfbe4780,0x00000007bfc00000)
  to   space 3072K, 0% used [0x00000007bfc00000,0x00000007bfc00000,0x00000007bff00000)
 ParOldGen       total 437248K, used 39802K [0x0000000541a00000, 0x000000055c500000, 0x00000006eb380000)
  object space 437248K, 9% used [0x0000000541a00000,0x00000005440debd8,0x000000055c500000)
 Metaspace       used 14816K, capacity 15001K, committed 15232K, reserved 1062912K
  class space    used 1771K, capacity 1843K, committed 1920K, reserved 1048576K
Event: 3369.433 GC heap after
Heap after GC invocations=110107 (full 54880):
 PSYoungGen      total 3482112K, used 0K [0x00000006eb380000, 0x00000007bff00000, 0x00000007c0000000)
  eden space 3479040K, 0% used [0x00000006eb380000,0x00000006eb380000,0x00000007bf900000)
  from space 3072K, 0% used [0x00000007bf900000,0x00000007bf900000,0x00000007bfc00000)
  to   space 3072K, 0% used [0x00000007bfc00000,0x00000007bfc00000,0x00000007bff00000)
 ParOldGen       total 437248K, used 39801K [0x0000000541a00000, 0x000000055c500000, 0x00000006eb380000)
  object space 437248K, 9% used [0x0000000541a00000,0x00000005440de688,0x000000055c500000)
 Metaspace       used 14816K, capacity 15001K, committed 15232K, reserved 1062912K
  class space    used 1771K, capacity 1843K, committed 1920K, reserved 1048576K
}

