# JRE version: Java(TM) SE Runtime Environment (15.0.2+7) (build 15.0.2+7-27)
# Java VM: Java HotSpot(TM) 64-Bit Server VM (15.0.2+7-27, mixed mode, sharing, tiered, compressed oops, g1 gc, windows-amd64)
GC Precious Log:
 CPUs: 8 total, 8 available
 Memory: 40849M
 Large Page Support: Disabled
 NUMA Support: Disabled
 Compressed Oops: Enabled (Zero based)
 Heap Region Size: 8M
 Heap Min Capacity: 8M
 Heap Initial Capacity: 640M
 Heap Max Capacity: 10216M
 Pre-touch: Disabled
 Parallel Workers: 8
 Concurrent Workers: 2
 Concurrent Refinement Workers: 8
 Periodic GC: Disabled
Heap:
 garbage-first heap   total 196608K, used 99845K [0x0000000581800000, 0x0000000800000000)
  region size 8192K, 8 young (65536K), 1 survivors (8192K)
 Metaspace       used 15444K, capacity 15588K, committed 16000K, reserved 1062912K
  class space    used 1502K, capacity 1558K, committed 1664K, reserved 1048576K
GC Heap History (20 events):
Event: 58753.022 GC heap before
{Heap before GC invocations=375912 (full 112852):
 garbage-first heap   total 196608K, used 98409K [0x0000000581800000, 0x0000000800000000)
  region size 8192K, 7 young (57344K), 0 survivors (0K)
 Metaspace       used 15430K, capacity 15588K, committed 16000K, reserved 1062912K
  class space    used 1502K, capacity 1558K, committed 1664K, reserved 1048576K
}
Event: 58753.040 GC heap after
{Heap after GC invocations=375913 (full 112853):
 garbage-first heap   total 196608K, used 49255K [0x0000000581800000, 0x0000000800000000)
  region size 8192K, 0 young (0K), 0 survivors (0K)
 Metaspace       used 15430K, capacity 15588K, committed 16000K, reserved 1062912K
  class space    used 1502K, capacity 1558K, committed 1664K, reserved 1048576K
}
Event: 58753.304 GC heap before
{Heap before GC invocations=375913 (full 112853):
 garbage-first heap   total 196608K, used 98407K [0x0000000581800000, 0x0000000800000000)
  region size 8192K, 7 young (57344K), 0 survivors (0K)
 Metaspace       used 15430K, capacity 15588K, committed 16000K, reserved 1062912K
  class space    used 1502K, capacity 1558K, committed 1664K, reserved 1048576K
}
Event: 58753.322 GC heap after
{Heap after GC invocations=375914 (full 112854):
 garbage-first heap   total 196608K, used 49278K [0x0000000581800000, 0x0000000800000000)
  region size 8192K, 0 young (0K), 0 survivors (0K)
 Metaspace       used 15430K, capacity 15588K, committed 16000K, reserved 1062912K
  class space    used 1502K, capacity 1558K, committed 1664K, reserved 1048576K
}
Event: 58753.577 GC heap before
{Heap before GC invocations=375914 (full 112854):
 garbage-first heap   total 196608K, used 98430K [0x0000000581800000, 0x0000000800000000)
  region size 8192K, 7 young (57344K), 0 survivors (0K)
 Metaspace       used 15430K, capacity 15588K, committed 16000K, reserved 1062912K
  class space    used 1502K, capacity 1558K, committed 1664K, reserved 1048576K
}
Event: 58753.594 GC heap after
{Heap after GC invocations=375915 (full 112855):
 garbage-first heap   total 196608K, used 49272K [0x0000000581800000, 0x0000000800000000)
  region size 8192K, 0 young (0K), 0 survivors (0K)
 Metaspace       used 15430K, capacity 15588K, committed 16000K, reserved 1062912K
  class space    used 1502K, capacity 1558K, committed 1664K, reserved 1048576K
}
Event: 58753.850 GC heap before
{Heap before GC invocations=375915 (full 112855):
 garbage-first heap   total 196608K, used 90232K [0x0000000581800000, 0x0000000800000000)
  region size 8192K, 7 young (57344K), 0 survivors (0K)
 Metaspace       used 15430K, capacity 15588K, committed 16000K, reserved 1062912K
  class space    used 1502K, capacity 1558K, committed 1664K, reserved 1048576K
}
Event: 58753.867 GC heap after
{Heap after GC invocations=375916 (full 112856):
 garbage-first heap   total 196608K, used 49272K [0x0000000581800000, 0x0000000800000000)
  region size 8192K, 0 young (0K), 0 survivors (0K)
 Metaspace       used 15430K, capacity 15588K, committed 16000K, reserved 1062912K
  class space    used 1502K, capacity 1558K, committed 1664K, reserved 1048576K
}
Event: 58754.136 GC heap before
{Heap before GC invocations=375916 (full 112856):
 garbage-first heap   total 196608K, used 90232K [0x0000000581800000, 0x0000000800000000)
  region size 8192K, 7 young (57344K), 0 survivors (0K)
 Metaspace       used 15430K, capacity 15588K, committed 16000K, reserved 1062912K
  class space    used 1502K, capacity 1558K, committed 1664K, reserved 1048576K
}
Event: 58754.154 GC heap after
{Heap after GC invocations=375917 (full 112857):
 garbage-first heap   total 196608K, used 49262K [0x0000000581800000, 0x0000000800000000)
  region size 8192K, 0 young (0K), 0 survivors (0K)
 Metaspace       used 15430K, capacity 15588K, committed 16000K, reserved 1062912K
  class space    used 1502K, capacity 1558K, committed 1664K, reserved 1048576K
}
Event: 58754.422 GC heap before
{Heap before GC invocations=375917 (full 112857):
 garbage-first heap   total 196608K, used 90222K [0x0000000581800000, 0x0000000800000000)
  region size 8192K, 7 young (57344K), 0 survivors (0K)
 Metaspace       used 15430K, capacity 15588K, committed 16000K, reserved 1062912K
  class space    used 1502K, capacity 1558K, committed 1664K, reserved 1048576K
}
Event: 58754.439 GC heap after
{Heap after GC invocations=375918 (full 112858):
 garbage-first heap   total 196608K, used 49257K [0x0000000581800000, 0x0000000800000000)
  region size 8192K, 0 young (0K), 0 survivors (0K)
 Metaspace       used 15430K, capacity 15588K, committed 16000K, reserved 1062912K
  class space    used 1502K, capacity 1558K, committed 1664K, reserved 1048576K
}
Event: 58754.701 GC heap before
{Heap before GC invocations=375918 (full 112858):
 garbage-first heap   total 196608K, used 98409K [0x0000000581800000, 0x0000000800000000)
  region size 8192K, 7 young (57344K), 0 survivors (0K)
 Metaspace       used 15430K, capacity 15588K, committed 16000K, reserved 1062912K
  class space    used 1502K, capacity 1558K, committed 1664K, reserved 1048576K
}
Event: 58754.722 GC heap after
{Heap after GC invocations=375919 (full 112859):
 garbage-first heap   total 196608K, used 49280K [0x0000000581800000, 0x0000000800000000)
  region size 8192K, 0 young (0K), 0 survivors (0K)
 Metaspace       used 15430K, capacity 15588K, committed 16000K, reserved 1062912K
  class space    used 1502K, capacity 1558K, committed 1664K, reserved 1048576K
}
Event: 61714.169 GC heap before
{Heap before GC invocations=375919 (full 112859):
 garbage-first heap   total 196608K, used 131200K [0x0000000581800000, 0x0000000800000000)
  region size 8192K, 11 young (90112K), 0 survivors (0K)
 Metaspace       used 15430K, capacity 15588K, committed 16000K, reserved 1062912K
  class space    used 1502K, capacity 1558K, committed 1664K, reserved 1048576K
}
Event: 61714.170 GC heap after
{Heap after GC invocations=375920 (full 112859):
 garbage-first heap   total 196608K, used 50271K [0x0000000581800000, 0x0000000800000000)
  region size 8192K, 1 young (8192K), 1 survivors (8192K)
 Metaspace       used 15430K, capacity 15588K, committed 16000K, reserved 1062912K
  class space    used 1502K, capacity 1558K, committed 1664K, reserved 1048576K
}
Event: 61722.241 GC heap before
{Heap before GC invocations=375921 (full 112859):
 garbage-first heap   total 196608K, used 123999K [0x0000000581800000, 0x0000000800000000)
  region size 8192K, 11 young (90112K), 1 survivors (8192K)
 Metaspace       used 15430K, capacity 15588K, committed 16000K, reserved 1062912K
  class space    used 1502K, capacity 1558K, committed 1664K, reserved 1048576K
}
Event: 61722.241 GC heap after
{Heap after GC invocations=375922 (full 112859):
 garbage-first heap   total 196608K, used 50267K [0x0000000581800000, 0x0000000800000000)
  region size 8192K, 1 young (8192K), 1 survivors (8192K)
 Metaspace       used 15430K, capacity 15588K, committed 16000K, reserved 1062912K
  class space    used 1502K, capacity 1558K, committed 1664K, reserved 1048576K
}
Event: 61737.807 GC heap before
{Heap before GC invocations=375922 (full 112859):
 garbage-first heap   total 196608K, used 132187K [0x0000000581800000, 0x0000000800000000)
  region size 8192K, 12 young (98304K), 1 survivors (8192K)
 Metaspace       used 15444K, capacity 15588K, committed 16000K, reserved 1062912K
  class space    used 1502K, capacity 1558K, committed 1664K, reserved 1048576K
}
Event: 61737.808 GC heap after
{Heap after GC invocations=375923 (full 112859):
 garbage-first heap   total 196608K, used 50693K [0x0000000581800000, 0x0000000800000000)
  region size 8192K, 1 young (8192K), 1 survivors (8192K)
 Metaspace       used 15444K, capacity 15588K, committed 16000K, reserved 1062912K
  class space    used 1502K, capacity 1558K, committed 1664K, reserved 1048576K
}

