# JRE version: Java(TM) SE Runtime Environment (8.0_111-b14) (build 1.8.0_111-b14)
# Java VM: Java HotSpot(TM) 64-Bit Server VM (25.111-b14 mixed mode windows-amd64 compressed oops)
Heap:
 PSYoungGen      total 190976K, used 7466K [0x00000006eb380000, 0x00000006f8880000, 0x00000007c0000000)
  eden space 163840K, 4% used [0x00000006eb380000,0x00000006ebaca8e0,0x00000006f5380000)
  from space 27136K, 0% used [0x00000006f6e00000,0x00000006f6e00000,0x00000006f8880000)
  to   space 27136K, 0% used [0x00000006f5380000,0x00000006f5380000,0x00000006f6e00000)
 ParOldGen       total 437248K, used 39699K [0x0000000541a00000, 0x000000055c500000, 0x00000006eb380000)
  object space 437248K, 9% used [0x0000000541a00000,0x00000005440c4df8,0x000000055c500000)
 Metaspace       used 14554K, capacity 14799K, committed 14976K, reserved 1062912K
  class space    used 1765K, capacity 1840K, committed 1920K, reserved 1048576K
GC Heap History (10 events):
Event: 21.947 GC heap before
{Heap before GC invocations=156 (full 78):
 PSYoungGen      total 190976K, used 1953K [0x00000006eb380000, 0x00000006f8880000, 0x00000007c0000000)
  eden space 163840K, 0% used [0x00000006eb380000,0x00000006eb380000,0x00000006f5380000)
  from space 27136K, 7% used [0x00000006f6e00000,0x00000006f6fe8500,0x00000006f8880000)
  to   space 27136K, 0% used [0x00000006f5380000,0x00000006f5380000,0x00000006f6e00000)
 ParOldGen       total 437248K, used 39700K [0x0000000541a00000, 0x000000055c500000, 0x00000006eb380000)
  object space 437248K, 9% used [0x0000000541a00000,0x00000005440c5070,0x000000055c500000)
 Metaspace       used 14553K, capacity 14799K, committed 14976K, reserved 1062912K
  class space    used 1765K, capacity 1840K, committed 1920K, reserved 1048576K
Event: 21.961 GC heap after
Heap after GC invocations=156 (full 78):
 PSYoungGen      total 190976K, used 0K [0x00000006eb380000, 0x00000006f8880000, 0x00000007c0000000)
  eden space 163840K, 0% used [0x00000006eb380000,0x00000006eb380000,0x00000006f5380000)
  from space 27136K, 0% used [0x00000006f6e00000,0x00000006f6e00000,0x00000006f8880000)
  to   space 27136K, 0% used [0x00000006f5380000,0x00000006f5380000,0x00000006f6e00000)
 ParOldGen       total 437248K, used 39699K [0x0000000541a00000, 0x000000055c500000, 0x00000006eb380000)
  object space 437248K, 9% used [0x0000000541a00000,0x00000005440c4c98,0x000000055c500000)
 Metaspace       used 14553K, capacity 14799K, committed 14976K, reserved 1062912K
  class space    used 1765K, capacity 1840K, committed 1920K, reserved 1048576K
}
Event: 22.062 GC heap before
{Heap before GC invocations=157 (full 78):
 PSYoungGen      total 190976K, used 8378K [0x00000006eb380000, 0x00000006f8880000, 0x00000007c0000000)
  eden space 163840K, 5% used [0x00000006eb380000,0x00000006ebbaeb60,0x00000006f5380000)
  from space 27136K, 0% used [0x00000006f6e00000,0x00000006f6e00000,0x00000006f8880000)
  to   space 27136K, 0% used [0x00000006f5380000,0x00000006f5380000,0x00000006f6e00000)
 ParOldGen       total 437248K, used 39699K [0x0000000541a00000, 0x000000055c500000, 0x00000006eb380000)
  object space 437248K, 9% used [0x0000000541a00000,0x00000005440c4c98,0x000000055c500000)
 Metaspace       used 14553K, capacity 14799K, committed 14976K, reserved 1062912K
  class space    used 1765K, capacity 1840K, committed 1920K, reserved 1048576K
Event: 22.063 GC heap after
Heap after GC invocations=157 (full 78):
 PSYoungGen      total 190976K, used 1953K [0x00000006eb380000, 0x00000006f8880000, 0x00000007c0000000)
  eden space 163840K, 0% used [0x00000006eb380000,0x00000006eb380000,0x00000006f5380000)
  from space 27136K, 7% used [0x00000006f5380000,0x00000006f5568500,0x00000006f6e00000)
  to   space 27136K, 0% used [0x00000006f6e00000,0x00000006f6e00000,0x00000006f8880000)
 ParOldGen       total 437248K, used 39699K [0x0000000541a00000, 0x000000055c500000, 0x00000006eb380000)
  object space 437248K, 9% used [0x0000000541a00000,0x00000005440c4c98,0x000000055c500000)
 Metaspace       used 14553K, capacity 14799K, committed 14976K, reserved 1062912K
  class space    used 1765K, capacity 1840K, committed 1920K, reserved 1048576K
}
Event: 22.063 GC heap before
{Heap before GC invocations=158 (full 79):
 PSYoungGen      total 190976K, used 1953K [0x00000006eb380000, 0x00000006f8880000, 0x00000007c0000000)
  eden space 163840K, 0% used [0x00000006eb380000,0x00000006eb380000,0x00000006f5380000)
  from space 27136K, 7% used [0x00000006f5380000,0x00000006f5568500,0x00000006f6e00000)
  to   space 27136K, 0% used [0x00000006f6e00000,0x00000006f6e00000,0x00000006f8880000)
 ParOldGen       total 437248K, used 39699K [0x0000000541a00000, 0x000000055c500000, 0x00000006eb380000)
  object space 437248K, 9% used [0x0000000541a00000,0x00000005440c4c98,0x000000055c500000)
 Metaspace       used 14553K, capacity 14799K, committed 14976K, reserved 1062912K
  class space    used 1765K, capacity 1840K, committed 1920K, reserved 1048576K
Event: 22.079 GC heap after
Heap after GC invocations=158 (full 79):
 PSYoungGen      total 190976K, used 0K [0x00000006eb380000, 0x00000006f8880000, 0x00000007c0000000)
  eden space 163840K, 0% used [0x00000006eb380000,0x00000006eb380000,0x00000006f5380000)
  from space 27136K, 0% used [0x00000006f5380000,0x00000006f5380000,0x00000006f6e00000)
  to   space 27136K, 0% used [0x00000006f6e00000,0x00000006f6e00000,0x00000006f8880000)
 ParOldGen       total 437248K, used 39700K [0x0000000541a00000, 0x000000055c500000, 0x00000006eb380000)
  object space 437248K, 9% used [0x0000000541a00000,0x00000005440c5110,0x000000055c500000)
 Metaspace       used 14553K, capacity 14799K, committed 14976K, reserved 1062912K
  class space    used 1765K, capacity 1840K, committed 1920K, reserved 1048576K
}
Event: 22.152 GC heap before
{Heap before GC invocations=159 (full 79):
 PSYoungGen      total 190976K, used 11655K [0x00000006eb380000, 0x00000006f8880000, 0x00000007c0000000)
  eden space 163840K, 7% used [0x00000006eb380000,0x00000006ebee1ea8,0x00000006f5380000)
  from space 27136K, 0% used [0x00000006f5380000,0x00000006f5380000,0x00000006f6e00000)
  to   space 27136K, 0% used [0x00000006f6e00000,0x00000006f6e00000,0x00000006f8880000)
 ParOldGen       total 437248K, used 39700K [0x0000000541a00000, 0x000000055c500000, 0x00000006eb380000)
  object space 437248K, 9% used [0x0000000541a00000,0x00000005440c5110,0x000000055c500000)
 Metaspace       used 14553K, capacity 14799K, committed 14976K, reserved 1062912K
  class space    used 1765K, capacity 1840K, committed 1920K, reserved 1048576K
Event: 22.155 GC heap after
Heap after GC invocations=159 (full 79):
 PSYoungGen      total 190976K, used 1921K [0x00000006eb380000, 0x00000006f8880000, 0x00000007c0000000)
  eden space 163840K, 0% used [0x00000006eb380000,0x00000006eb380000,0x00000006f5380000)
  from space 27136K, 7% used [0x00000006f6e00000,0x00000006f6fe0500,0x00000006f8880000)
  to   space 27136K, 0% used [0x00000006f5380000,0x00000006f5380000,0x00000006f6e00000)
 ParOldGen       total 437248K, used 39708K [0x0000000541a00000, 0x000000055c500000, 0x00000006eb380000)
  object space 437248K, 9% used [0x0000000541a00000,0x00000005440c7110,0x000000055c500000)
 Metaspace       used 14553K, capacity 14799K, committed 14976K, reserved 1062912K
  class space    used 1765K, capacity 1840K, committed 1920K, reserved 1048576K
}
Event: 22.155 GC heap before
{Heap before GC invocations=160 (full 80):
 PSYoungGen      total 190976K, used 1921K [0x00000006eb380000, 0x00000006f8880000, 0x00000007c0000000)
  eden space 163840K, 0% used [0x00000006eb380000,0x00000006eb380000,0x00000006f5380000)
  from space 27136K, 7% used [0x00000006f6e00000,0x00000006f6fe0500,0x00000006f8880000)
  to   space 27136K, 0% used [0x00000006f5380000,0x00000006f5380000,0x00000006f6e00000)
 ParOldGen       total 437248K, used 39708K [0x0000000541a00000, 0x000000055c500000, 0x00000006eb380000)
  object space 437248K, 9% used [0x0000000541a00000,0x00000005440c7110,0x000000055c500000)
 Metaspace       used 14553K, capacity 14799K, committed 14976K, reserved 1062912K
  class space    used 1765K, capacity 1840K, committed 1920K, reserved 1048576K
Event: 22.177 GC heap after
Heap after GC invocations=160 (full 80):
 PSYoungGen      total 190976K, used 0K [0x00000006eb380000, 0x00000006f8880000, 0x00000007c0000000)
  eden space 163840K, 0% used [0x00000006eb380000,0x00000006eb380000,0x00000006f5380000)
  from space 27136K, 0% used [0x00000006f6e00000,0x00000006f6e00000,0x00000006f8880000)
  to   space 27136K, 0% used [0x00000006f5380000,0x00000006f5380000,0x00000006f6e00000)
 ParOldGen       total 437248K, used 39699K [0x0000000541a00000, 0x000000055c500000, 0x00000006eb380000)
  object space 437248K, 9% used [0x0000000541a00000,0x00000005440c4df8,0x000000055c500000)
 Metaspace       used 14553K, capacity 14799K, committed 14976K, reserved 1062912K
  class space    used 1765K, capacity 1840K, committed 1920K, reserved 1048576K
}

