# JRE version: Java(TM) SE Runtime Environment (8.0_111-b14) (build 1.8.0_111-b14)
# Java VM: Java HotSpot(TM) 64-Bit Server VM (25.111-b14 mixed mode windows-amd64 compressed oops)
Heap:
 PSYoungGen      total 2500096K, used 69471K [0x00000006eb380000, 0x0000000784080000, 0x00000007c0000000)
  eden space 2496512K, 2% used [0x00000006eb380000,0x00000006ef483650,0x0000000783980000)
  from space 3584K, 80% used [0x0000000783d00000,0x0000000783fd4780,0x0000000784080000)
  to   space 3584K, 0% used [0x0000000783980000,0x0000000783980000,0x0000000783d00000)
 ParOldGen       total 437248K, used 39818K [0x0000000541a00000, 0x000000055c500000, 0x00000006eb380000)
  object space 437248K, 9% used [0x0000000541a00000,0x00000005440e2950,0x000000055c500000)
 Metaspace       used 14997K, capacity 15215K, committed 15488K, reserved 1062912K
  class space    used 1798K, capacity 1872K, committed 1920K, reserved 1048576K
GC Heap History (10 events):
Event: 44.932 GC heap before
{Heap before GC invocations=1279 (full 430):
 PSYoungGen      total 2500096K, used 2897K [0x00000006eb380000, 0x0000000784080000, 0x00000007c0000000)
  eden space 2496512K, 0% used [0x00000006eb380000,0x00000006eb380000,0x0000000783980000)
  from space 3584K, 80% used [0x0000000783980000,0x0000000783c54780,0x0000000783d00000)
  to   space 3584K, 0% used [0x0000000783d00000,0x0000000783d00000,0x0000000784080000)
 ParOldGen       total 437248K, used 39850K [0x0000000541a00000, 0x000000055c500000, 0x00000006eb380000)
  object space 437248K, 9% used [0x0000000541a00000,0x00000005440ea8e0,0x000000055c500000)
 Metaspace       used 14997K, capacity 15215K, committed 15488K, reserved 1062912K
  class space    used 1798K, capacity 1872K, committed 1920K, reserved 1048576K
Event: 44.947 GC heap after
Heap after GC invocations=1279 (full 430):
 PSYoungGen      total 2500096K, used 0K [0x00000006eb380000, 0x0000000784080000, 0x00000007c0000000)
  eden space 2496512K, 0% used [0x00000006eb380000,0x00000006eb380000,0x0000000783980000)
  from space 3584K, 0% used [0x0000000783980000,0x0000000783980000,0x0000000783d00000)
  to   space 3584K, 0% used [0x0000000783d00000,0x0000000783d00000,0x0000000784080000)
 ParOldGen       total 437248K, used 39818K [0x0000000541a00000, 0x000000055c500000, 0x00000006eb380000)
  object space 437248K, 9% used [0x0000000541a00000,0x00000005440e29c0,0x000000055c500000)
 Metaspace       used 14997K, capacity 15215K, committed 15488K, reserved 1062912K
  class space    used 1798K, capacity 1872K, committed 1920K, reserved 1048576K
}
Event: 44.984 GC heap before
{Heap before GC invocations=1280 (full 430):
 PSYoungGen      total 2500096K, used 66573K [0x00000006eb380000, 0x0000000784080000, 0x00000007c0000000)
  eden space 2496512K, 2% used [0x00000006eb380000,0x00000006ef483650,0x0000000783980000)
  from space 3584K, 0% used [0x0000000783980000,0x0000000783980000,0x0000000783d00000)
  to   space 3584K, 0% used [0x0000000783d00000,0x0000000783d00000,0x0000000784080000)
 ParOldGen       total 437248K, used 39818K [0x0000000541a00000, 0x000000055c500000, 0x00000006eb380000)
  object space 437248K, 9% used [0x0000000541a00000,0x00000005440e29c0,0x000000055c500000)
 Metaspace       used 14997K, capacity 15215K, committed 15488K, reserved 1062912K
  class space    used 1798K, capacity 1872K, committed 1920K, reserved 1048576K
Event: 44.985 GC heap after
Heap after GC invocations=1280 (full 430):
 PSYoungGen      total 2500096K, used 2897K [0x00000006eb380000, 0x0000000784080000, 0x00000007c0000000)
  eden space 2496512K, 0% used [0x00000006eb380000,0x00000006eb380000,0x0000000783980000)
  from space 3584K, 80% used [0x0000000783d00000,0x0000000783fd4780,0x0000000784080000)
  to   space 3584K, 0% used [0x0000000783980000,0x0000000783980000,0x0000000783d00000)
 ParOldGen       total 437248K, used 39818K [0x0000000541a00000, 0x000000055c500000, 0x00000006eb380000)
  object space 437248K, 9% used [0x0000000541a00000,0x00000005440e29c0,0x000000055c500000)
 Metaspace       used 14997K, capacity 15215K, committed 15488K, reserved 1062912K
  class space    used 1798K, capacity 1872K, committed 1920K, reserved 1048576K
}
Event: 45.022 GC heap before
{Heap before GC invocations=1281 (full 430):
 PSYoungGen      total 2500096K, used 69471K [0x00000006eb380000, 0x0000000784080000, 0x00000007c0000000)
  eden space 2496512K, 2% used [0x00000006eb380000,0x00000006ef483650,0x0000000783980000)
  from space 3584K, 80% used [0x0000000783d00000,0x0000000783fd4780,0x0000000784080000)
  to   space 3584K, 0% used [0x0000000783980000,0x0000000783980000,0x0000000783d00000)
 ParOldGen       total 437248K, used 39818K [0x0000000541a00000, 0x000000055c500000, 0x00000006eb380000)
  object space 437248K, 9% used [0x0000000541a00000,0x00000005440e29c0,0x000000055c500000)
 Metaspace       used 14997K, capacity 15215K, committed 15488K, reserved 1062912K
  class space    used 1798K, capacity 1872K, committed 1920K, reserved 1048576K
Event: 45.023 GC heap after
Heap after GC invocations=1281 (full 430):
 PSYoungGen      total 2500096K, used 2897K [0x00000006eb380000, 0x0000000784080000, 0x00000007c0000000)
  eden space 2496512K, 0% used [0x00000006eb380000,0x00000006eb380000,0x0000000783980000)
  from space 3584K, 80% used [0x0000000783980000,0x0000000783c54780,0x0000000783d00000)
  to   space 3584K, 0% used [0x0000000783d00000,0x0000000783d00000,0x0000000784080000)
 ParOldGen       total 437248K, used 39826K [0x0000000541a00000, 0x000000055c500000, 0x00000006eb380000)
  object space 437248K, 9% used [0x0000000541a00000,0x00000005440e49c0,0x000000055c500000)
 Metaspace       used 14997K, capacity 15215K, committed 15488K, reserved 1062912K
  class space    used 1798K, capacity 1872K, committed 1920K, reserved 1048576K
}
Event: 45.023 GC heap before
{Heap before GC invocations=1282 (full 431):
 PSYoungGen      total 2500096K, used 2897K [0x00000006eb380000, 0x0000000784080000, 0x00000007c0000000)
  eden space 2496512K, 0% used [0x00000006eb380000,0x00000006eb380000,0x0000000783980000)
  from space 3584K, 80% used [0x0000000783980000,0x0000000783c54780,0x0000000783d00000)
  to   space 3584K, 0% used [0x0000000783d00000,0x0000000783d00000,0x0000000784080000)
 ParOldGen       total 437248K, used 39826K [0x0000000541a00000, 0x000000055c500000, 0x00000006eb380000)
  object space 437248K, 9% used [0x0000000541a00000,0x00000005440e49c0,0x000000055c500000)
 Metaspace       used 14997K, capacity 15215K, committed 15488K, reserved 1062912K
  class space    used 1798K, capacity 1872K, committed 1920K, reserved 1048576K
Event: 45.036 GC heap after
Heap after GC invocations=1282 (full 431):
 PSYoungGen      total 2500096K, used 0K [0x00000006eb380000, 0x0000000784080000, 0x00000007c0000000)
  eden space 2496512K, 0% used [0x00000006eb380000,0x00000006eb380000,0x0000000783980000)
  from space 3584K, 0% used [0x0000000783980000,0x0000000783980000,0x0000000783d00000)
  to   space 3584K, 0% used [0x0000000783d00000,0x0000000783d00000,0x0000000784080000)
 ParOldGen       total 437248K, used 39818K [0x0000000541a00000, 0x000000055c500000, 0x00000006eb380000)
  object space 437248K, 9% used [0x0000000541a00000,0x00000005440e2950,0x000000055c500000)
 Metaspace       used 14997K, capacity 15215K, committed 15488K, reserved 1062912K
  class space    used 1798K, capacity 1872K, committed 1920K, reserved 1048576K
}
Event: 45.070 GC heap before
{Heap before GC invocations=1283 (full 431):
 PSYoungGen      total 2500096K, used 66573K [0x00000006eb380000, 0x0000000784080000, 0x00000007c0000000)
  eden space 2496512K, 2% used [0x00000006eb380000,0x00000006ef483650,0x0000000783980000)
  from space 3584K, 0% used [0x0000000783980000,0x0000000783980000,0x0000000783d00000)
  to   space 3584K, 0% used [0x0000000783d00000,0x0000000783d00000,0x0000000784080000)
 ParOldGen       total 437248K, used 39818K [0x0000000541a00000, 0x000000055c500000, 0x00000006eb380000)
  object space 437248K, 9% used [0x0000000541a00000,0x00000005440e2950,0x000000055c500000)
 Metaspace       used 14997K, capacity 15215K, committed 15488K, reserved 1062912K
  class space    used 1798K, capacity 1872K, committed 1920K, reserved 1048576K
Event: 45.072 GC heap after
Heap after GC invocations=1283 (full 431):
 PSYoungGen      total 2500096K, used 2897K [0x00000006eb380000, 0x0000000784080000, 0x00000007c0000000)
  eden space 2496512K, 0% used [0x00000006eb380000,0x00000006eb380000,0x0000000783980000)
  from space 3584K, 80% used [0x0000000783d00000,0x0000000783fd4780,0x0000000784080000)
  to   space 3584K, 0% used [0x0000000783980000,0x0000000783980000,0x0000000783d00000)
 ParOldGen       total 437248K, used 39818K [0x0000000541a00000, 0x000000055c500000, 0x00000006eb380000)
  object space 437248K, 9% used [0x0000000541a00000,0x00000005440e2950,0x000000055c500000)
 Metaspace       used 14997K, capacity 15215K, committed 15488K, reserved 1062912K
  class space    used 1798K, capacity 1872K, committed 1920K, reserved 1048576K
}

