# JRE version: Java(TM) SE Runtime Environment (15.0.2+7) (build 15.0.2+7-27)
# Java VM: Java HotSpot(TM) 64-Bit Server VM (15.0.2+7-27, mixed mode, sharing, tiered, compressed oops, g1 gc, windows-amd64)
GC Precious Log:
 CPUs: 8 total, 8 available
 Memory: 40849M
 Large Page Support: Disabled
 NUMA Support: Disabled
 Compressed Oops: Enabled (Zero based)
 Heap Region Size: 8M
 Heap Min Capacity: 8M
 Heap Initial Capacity: 640M
 Heap Max Capacity: 10216M
 Pre-touch: Disabled
 Parallel Workers: 8
 Concurrent Workers: 2
 Concurrent Refinement Workers: 8
 Periodic GC: Disabled
Heap:
 garbage-first heap   total 163840K, used 49063K [0x0000000581800000, 0x0000000800000000)
  region size 8192K, 1 young (8192K), 0 survivors (0K)
 Metaspace       used 14924K, capacity 15080K, committed 15488K, reserved 1062912K
  class space    used 1462K, capacity 1534K, committed 1664K, reserved 1048576K
GC Heap History (20 events):
Event: 14865.335 GC heap before
{Heap before GC invocations=135472 (full 134277):
 garbage-first heap   total 163840K, used 49073K [0x0000000581800000, 0x0000000800000000)
  region size 8192K, 1 young (8192K), 0 survivors (0K)
 Metaspace       used 14924K, capacity 15080K, committed 15488K, reserved 1062912K
  class space    used 1462K, capacity 1534K, committed 1664K, reserved 1048576K
}
Event: 14865.349 GC heap after
{Heap after GC invocations=135473 (full 134278):
 garbage-first heap   total 163840K, used 49057K [0x0000000581800000, 0x0000000800000000)
  region size 8192K, 0 young (0K), 0 survivors (0K)
 Metaspace       used 14924K, capacity 15080K, committed 15488K, reserved 1062912K
  class space    used 1462K, capacity 1534K, committed 1664K, reserved 1048576K
}
Event: 14865.403 GC heap before
{Heap before GC invocations=135473 (full 134278):
 garbage-first heap   total 163840K, used 49057K [0x0000000581800000, 0x0000000800000000)
  region size 8192K, 1 young (8192K), 0 survivors (0K)
 Metaspace       used 14924K, capacity 15080K, committed 15488K, reserved 1062912K
  class space    used 1462K, capacity 1534K, committed 1664K, reserved 1048576K
}
Event: 14865.419 GC heap after
{Heap after GC invocations=135474 (full 134279):
 garbage-first heap   total 163840K, used 49059K [0x0000000581800000, 0x0000000800000000)
  region size 8192K, 0 young (0K), 0 survivors (0K)
 Metaspace       used 14924K, capacity 15080K, committed 15488K, reserved 1062912K
  class space    used 1462K, capacity 1534K, committed 1664K, reserved 1048576K
}
Event: 14865.442 GC heap before
{Heap before GC invocations=135474 (full 134279):
 garbage-first heap   total 163840K, used 49059K [0x0000000581800000, 0x0000000800000000)
  region size 8192K, 1 young (8192K), 0 survivors (0K)
 Metaspace       used 14924K, capacity 15080K, committed 15488K, reserved 1062912K
  class space    used 1462K, capacity 1534K, committed 1664K, reserved 1048576K
}
Event: 14865.457 GC heap after
{Heap after GC invocations=135475 (full 134280):
 garbage-first heap   total 163840K, used 49060K [0x0000000581800000, 0x0000000800000000)
  region size 8192K, 0 young (0K), 0 survivors (0K)
 Metaspace       used 14924K, capacity 15080K, committed 15488K, reserved 1062912K
  class space    used 1462K, capacity 1534K, committed 1664K, reserved 1048576K
}
Event: 14865.510 GC heap before
{Heap before GC invocations=135475 (full 134280):
 garbage-first heap   total 163840K, used 49060K [0x0000000581800000, 0x0000000800000000)
  region size 8192K, 1 young (8192K), 0 survivors (0K)
 Metaspace       used 14924K, capacity 15080K, committed 15488K, reserved 1062912K
  class space    used 1462K, capacity 1534K, committed 1664K, reserved 1048576K
}
Event: 14865.523 GC heap after
{Heap after GC invocations=135476 (full 134281):
 garbage-first heap   total 163840K, used 49059K [0x0000000581800000, 0x0000000800000000)
  region size 8192K, 0 young (0K), 0 survivors (0K)
 Metaspace       used 14924K, capacity 15080K, committed 15488K, reserved 1062912K
  class space    used 1462K, capacity 1534K, committed 1664K, reserved 1048576K
}
Event: 14865.578 GC heap before
{Heap before GC invocations=135476 (full 134281):
 garbage-first heap   total 163840K, used 49059K [0x0000000581800000, 0x0000000800000000)
  region size 8192K, 1 young (8192K), 0 survivors (0K)
 Metaspace       used 14924K, capacity 15080K, committed 15488K, reserved 1062912K
  class space    used 1462K, capacity 1534K, committed 1664K, reserved 1048576K
}
Event: 14865.593 GC heap after
{Heap after GC invocations=135477 (full 134282):
 garbage-first heap   total 163840K, used 49065K [0x0000000581800000, 0x0000000800000000)
  region size 8192K, 0 young (0K), 0 survivors (0K)
 Metaspace       used 14924K, capacity 15080K, committed 15488K, reserved 1062912K
  class space    used 1462K, capacity 1534K, committed 1664K, reserved 1048576K
}
Event: 14865.640 GC heap before
{Heap before GC invocations=135477 (full 134282):
 garbage-first heap   total 163840K, used 49065K [0x0000000581800000, 0x0000000800000000)
  region size 8192K, 1 young (8192K), 0 survivors (0K)
 Metaspace       used 14924K, capacity 15080K, committed 15488K, reserved 1062912K
  class space    used 1462K, capacity 1534K, committed 1664K, reserved 1048576K
}
Event: 14865.656 GC heap after
{Heap after GC invocations=135478 (full 134283):
 garbage-first heap   total 163840K, used 49058K [0x0000000581800000, 0x0000000800000000)
  region size 8192K, 0 young (0K), 0 survivors (0K)
 Metaspace       used 14924K, capacity 15080K, committed 15488K, reserved 1062912K
  class space    used 1462K, capacity 1534K, committed 1664K, reserved 1048576K
}
Event: 14865.734 GC heap before
{Heap before GC invocations=135478 (full 134283):
 garbage-first heap   total 163840K, used 49058K [0x0000000581800000, 0x0000000800000000)
  region size 8192K, 1 young (8192K), 0 survivors (0K)
 Metaspace       used 14924K, capacity 15080K, committed 15488K, reserved 1062912K
  class space    used 1462K, capacity 1534K, committed 1664K, reserved 1048576K
}
Event: 14865.748 GC heap after
{Heap after GC invocations=135479 (full 134284):
 garbage-first heap   total 163840K, used 49058K [0x0000000581800000, 0x0000000800000000)
  region size 8192K, 0 young (0K), 0 survivors (0K)
 Metaspace       used 14924K, capacity 15080K, committed 15488K, reserved 1062912K
  class space    used 1462K, capacity 1534K, committed 1664K, reserved 1048576K
}
Event: 14865.786 GC heap before
{Heap before GC invocations=135479 (full 134284):
 garbage-first heap   total 163840K, used 49058K [0x0000000581800000, 0x0000000800000000)
  region size 8192K, 1 young (8192K), 0 survivors (0K)
 Metaspace       used 14924K, capacity 15080K, committed 15488K, reserved 1062912K
  class space    used 1462K, capacity 1534K, committed 1664K, reserved 1048576K
}
Event: 14865.802 GC heap after
{Heap after GC invocations=135480 (full 134285):
 garbage-first heap   total 163840K, used 49063K [0x0000000581800000, 0x0000000800000000)
  region size 8192K, 0 young (0K), 0 survivors (0K)
 Metaspace       used 14924K, capacity 15080K, committed 15488K, reserved 1062912K
  class space    used 1462K, capacity 1534K, committed 1664K, reserved 1048576K
}
Event: 14865.869 GC heap before
{Heap before GC invocations=135480 (full 134285):
 garbage-first heap   total 163840K, used 49063K [0x0000000581800000, 0x0000000800000000)
  region size 8192K, 1 young (8192K), 0 survivors (0K)
 Metaspace       used 14924K, capacity 15080K, committed 15488K, reserved 1062912K
  class space    used 1462K, capacity 1534K, committed 1664K, reserved 1048576K
}
Event: 14865.885 GC heap after
{Heap after GC invocations=135481 (full 134286):
 garbage-first heap   total 163840K, used 49058K [0x0000000581800000, 0x0000000800000000)
  region size 8192K, 0 young (0K), 0 survivors (0K)
 Metaspace       used 14924K, capacity 15080K, committed 15488K, reserved 1062912K
  class space    used 1462K, capacity 1534K, committed 1664K, reserved 1048576K
}
Event: 14865.972 GC heap before
{Heap before GC invocations=135481 (full 134286):
 garbage-first heap   total 163840K, used 49058K [0x0000000581800000, 0x0000000800000000)
  region size 8192K, 1 young (8192K), 0 survivors (0K)
 Metaspace       used 14924K, capacity 15080K, committed 15488K, reserved 1062912K
  class space    used 1462K, capacity 1534K, committed 1664K, reserved 1048576K
}
Event: 14865.993 GC heap after
{Heap after GC invocations=135482 (full 134287):
 garbage-first heap   total 163840K, used 49063K [0x0000000581800000, 0x0000000800000000)
  region size 8192K, 0 young (0K), 0 survivors (0K)
 Metaspace       used 14924K, capacity 15080K, committed 15488K, reserved 1062912K
  class space    used 1462K, capacity 1534K, committed 1664K, reserved 1048576K
}

