# JRE version: Java(TM) SE Runtime Environment (15.0.2+7) (build 15.0.2+7-27)
# Java VM: Java HotSpot(TM) 64-Bit Server VM (15.0.2+7-27, mixed mode, sharing, tiered, compressed oops, g1 gc, windows-amd64)
GC Precious Log:
 CPUs: 8 total, 8 available
 Memory: 40849M
 Large Page Support: Disabled
 NUMA Support: Disabled
 Compressed Oops: Enabled (Zero based)
 Heap Region Size: 8M
 Heap Min Capacity: 8M
 Heap Initial Capacity: 640M
 Heap Max Capacity: 10216M
 Pre-touch: Disabled
 Parallel Workers: 8
 Concurrent Workers: 2
 Concurrent Refinement Workers: 8
 Periodic GC: Disabled
Heap:
 garbage-first heap   total 237568K, used 97122K [0x0000000581800000, 0x0000000800000000)
  region size 8192K, 2 young (16384K), 1 survivors (8192K)
 Metaspace       used 14346K, capacity 14503K, committed 14848K, reserved 1062912K
  class space    used 1445K, capacity 1493K, committed 1536K, reserved 1048576K
GC Heap History (20 events):
Event: 143713.591 GC heap before
{Heap before GC invocations=849357 (full 272619):
 garbage-first heap   total 196608K, used 96881K [0x0000000581800000, 0x0000000800000000)
  region size 8192K, 4 young (32768K), 1 survivors (8192K)
 Metaspace       used 14346K, capacity 14503K, committed 14848K, reserved 1062912K
  class space    used 1445K, capacity 1493K, committed 1536K, reserved 1048576K
}
Event: 143713.594 GC heap after
{Heap after GC invocations=849358 (full 272619):
 garbage-first heap   total 196608K, used 96355K [0x0000000581800000, 0x0000000800000000)
  region size 8192K, 1 young (8192K), 1 survivors (8192K)
 Metaspace       used 14346K, capacity 14503K, committed 14848K, reserved 1062912K
  class space    used 1445K, capacity 1493K, committed 1536K, reserved 1048576K
}
Event: 143713.747 GC heap before
{Heap before GC invocations=849358 (full 272619):
 garbage-first heap   total 196608K, used 96355K [0x0000000581800000, 0x0000000800000000)
  region size 8192K, 2 young (16384K), 1 survivors (8192K)
 Metaspace       used 14346K, capacity 14503K, committed 14848K, reserved 1062912K
  class space    used 1445K, capacity 1493K, committed 1536K, reserved 1048576K
}
Event: 143713.762 GC heap after
{Heap after GC invocations=849359 (full 272620):
 garbage-first heap   total 196608K, used 48812K [0x0000000581800000, 0x0000000800000000)
  region size 8192K, 0 young (0K), 0 survivors (0K)
 Metaspace       used 14346K, capacity 14503K, committed 14848K, reserved 1062912K
  class space    used 1445K, capacity 1493K, committed 1536K, reserved 1048576K
}
Event: 143713.974 GC heap before
{Heap before GC invocations=849359 (full 272620):
 garbage-first heap   total 196608K, used 73388K [0x0000000581800000, 0x0000000800000000)
  region size 8192K, 3 young (24576K), 0 survivors (0K)
 Metaspace       used 14346K, capacity 14503K, committed 14848K, reserved 1062912K
  class space    used 1445K, capacity 1493K, committed 1536K, reserved 1048576K
}
Event: 143713.977 GC heap after
{Heap after GC invocations=849360 (full 272620):
 garbage-first heap   total 196608K, used 72769K [0x0000000581800000, 0x0000000800000000)
  region size 8192K, 1 young (8192K), 1 survivors (8192K)
 Metaspace       used 14346K, capacity 14503K, committed 14848K, reserved 1062912K
  class space    used 1445K, capacity 1493K, committed 1536K, reserved 1048576K
}
Event: 143714.061 GC heap before
{Heap before GC invocations=849360 (full 272620):
 garbage-first heap   total 196608K, used 97345K [0x0000000581800000, 0x0000000800000000)
  region size 8192K, 4 young (32768K), 1 survivors (8192K)
 Metaspace       used 14346K, capacity 14503K, committed 14848K, reserved 1062912K
  class space    used 1445K, capacity 1493K, committed 1536K, reserved 1048576K
}
Event: 143714.065 GC heap after
{Heap after GC invocations=849361 (full 272620):
 garbage-first heap   total 237568K, used 95965K [0x0000000581800000, 0x0000000800000000)
  region size 8192K, 1 young (8192K), 1 survivors (8192K)
 Metaspace       used 14346K, capacity 14503K, committed 14848K, reserved 1062912K
  class space    used 1445K, capacity 1493K, committed 1536K, reserved 1048576K
}
Event: 143714.218 GC heap before
{Heap before GC invocations=849361 (full 272620):
 garbage-first heap   total 237568K, used 95965K [0x0000000581800000, 0x0000000800000000)
  region size 8192K, 2 young (16384K), 1 survivors (8192K)
 Metaspace       used 14346K, capacity 14503K, committed 14848K, reserved 1062912K
  class space    used 1445K, capacity 1493K, committed 1536K, reserved 1048576K
}
Event: 143714.235 GC heap after
{Heap after GC invocations=849362 (full 272621):
 garbage-first heap   total 196608K, used 48785K [0x0000000581800000, 0x0000000800000000)
  region size 8192K, 0 young (0K), 0 survivors (0K)
 Metaspace       used 14346K, capacity 14503K, committed 14848K, reserved 1062912K
  class space    used 1445K, capacity 1493K, committed 1536K, reserved 1048576K
}
Event: 143714.439 GC heap before
{Heap before GC invocations=849362 (full 272621):
 garbage-first heap   total 196608K, used 73361K [0x0000000581800000, 0x0000000800000000)
  region size 8192K, 3 young (24576K), 0 survivors (0K)
 Metaspace       used 14346K, capacity 14503K, committed 14848K, reserved 1062912K
  class space    used 1445K, capacity 1493K, committed 1536K, reserved 1048576K
}
Event: 143714.442 GC heap after
{Heap after GC invocations=849363 (full 272621):
 garbage-first heap   total 196608K, used 72256K [0x0000000581800000, 0x0000000800000000)
  region size 8192K, 1 young (8192K), 1 survivors (8192K)
 Metaspace       used 14346K, capacity 14503K, committed 14848K, reserved 1062912K
  class space    used 1445K, capacity 1493K, committed 1536K, reserved 1048576K
}
Event: 143714.528 GC heap before
{Heap before GC invocations=849363 (full 272621):
 garbage-first heap   total 196608K, used 96832K [0x0000000581800000, 0x0000000800000000)
  region size 8192K, 4 young (32768K), 1 survivors (8192K)
 Metaspace       used 14346K, capacity 14503K, committed 14848K, reserved 1062912K
  class space    used 1445K, capacity 1493K, committed 1536K, reserved 1048576K
}
Event: 143714.532 GC heap after
{Heap after GC invocations=849364 (full 272621):
 garbage-first heap   total 196608K, used 95934K [0x0000000581800000, 0x0000000800000000)
  region size 8192K, 1 young (8192K), 1 survivors (8192K)
 Metaspace       used 14346K, capacity 14503K, committed 14848K, reserved 1062912K
  class space    used 1445K, capacity 1493K, committed 1536K, reserved 1048576K
}
Event: 143714.700 GC heap before
{Heap before GC invocations=849364 (full 272621):
 garbage-first heap   total 196608K, used 95934K [0x0000000581800000, 0x0000000800000000)
  region size 8192K, 2 young (16384K), 1 survivors (8192K)
 Metaspace       used 14346K, capacity 14503K, committed 14848K, reserved 1062912K
  class space    used 1445K, capacity 1493K, committed 1536K, reserved 1048576K
}
Event: 143714.716 GC heap after
{Heap after GC invocations=849365 (full 272622):
 garbage-first heap   total 196608K, used 48846K [0x0000000581800000, 0x0000000800000000)
  region size 8192K, 0 young (0K), 0 survivors (0K)
 Metaspace       used 14346K, capacity 14503K, committed 14848K, reserved 1062912K
  class space    used 1445K, capacity 1493K, committed 1536K, reserved 1048576K
}
Event: 143714.934 GC heap before
{Heap before GC invocations=849365 (full 272622):
 garbage-first heap   total 196608K, used 73422K [0x0000000581800000, 0x0000000800000000)
  region size 8192K, 3 young (24576K), 0 survivors (0K)
 Metaspace       used 14346K, capacity 14503K, committed 14848K, reserved 1062912K
  class space    used 1445K, capacity 1493K, committed 1536K, reserved 1048576K
}
Event: 143714.936 GC heap after
{Heap after GC invocations=849366 (full 272622):
 garbage-first heap   total 196608K, used 73316K [0x0000000581800000, 0x0000000800000000)
  region size 8192K, 1 young (8192K), 1 survivors (8192K)
 Metaspace       used 14346K, capacity 14503K, committed 14848K, reserved 1062912K
  class space    used 1445K, capacity 1493K, committed 1536K, reserved 1048576K
}
Event: 143715.015 GC heap before
{Heap before GC invocations=849366 (full 272622):
 garbage-first heap   total 196608K, used 97892K [0x0000000581800000, 0x0000000800000000)
  region size 8192K, 4 young (32768K), 1 survivors (8192K)
 Metaspace       used 14346K, capacity 14503K, committed 14848K, reserved 1062912K
  class space    used 1445K, capacity 1493K, committed 1536K, reserved 1048576K
}
Event: 143715.018 GC heap after
{Heap after GC invocations=849367 (full 272622):
 garbage-first heap   total 237568K, used 97122K [0x0000000581800000, 0x0000000800000000)
  region size 8192K, 1 young (8192K), 1 survivors (8192K)
 Metaspace       used 14346K, capacity 14503K, committed 14848K, reserved 1062912K
  class space    used 1445K, capacity 1493K, committed 1536K, reserved 1048576K
}

