# JRE version: Java(TM) SE Runtime Environment (8.0_111-b14) (build 1.8.0_111-b14)
# Java VM: Java HotSpot(TM) 64-Bit Server VM (25.111-b14 mixed mode windows-amd64 compressed oops)
Heap:
 PSYoungGen      total 3219456K, used 2865K [0x00000006eb380000, 0x00000007b2b00000, 0x00000007c0000000)
  eden space 3200512K, 0% used [0x00000006eb380000,0x00000006eb380000,0x00000007ae900000)
  from space 18944K, 15% used [0x00000007af500000,0x00000007af7cc780,0x00000007b0780000)
  to   space 12288K, 0% used [0x00000007ae900000,0x00000007ae900000,0x00000007af500000)
 ParOldGen       total 437248K, used 40032K [0x0000000541a00000, 0x000000055c500000, 0x00000006eb380000)
  object space 437248K, 9% used [0x0000000541a00000,0x0000000544118008,0x000000055c500000)
 Metaspace       used 14715K, capacity 14927K, committed 15232K, reserved 1062912K
  class space    used 1761K, capacity 1840K, committed 1920K, reserved 1048576K
GC Heap History (10 events):
Event: 37.993 GC heap after
Heap after GC invocations=406 (full 42):
 PSYoungGen      total 3219456K, used 2897K [0x00000006eb380000, 0x00000007b2b00000, 0x00000007c0000000)
  eden space 3200512K, 0% used [0x00000006eb380000,0x00000006eb380000,0x00000007ae900000)
  from space 18944K, 15% used [0x00000007af500000,0x00000007af7d4780,0x00000007b0780000)
  to   space 12288K, 0% used [0x00000007ae900000,0x00000007ae900000,0x00000007af500000)
 ParOldGen       total 437248K, used 40000K [0x0000000541a00000, 0x000000055c500000, 0x00000006eb380000)
  object space 437248K, 9% used [0x0000000541a00000,0x0000000544110008,0x000000055c500000)
 Metaspace       used 14715K, capacity 14927K, committed 15232K, reserved 1062912K
  class space    used 1761K, capacity 1840K, committed 1920K, reserved 1048576K
}
Event: 38.003 GC heap before
{Heap before GC invocations=407 (full 42):
 PSYoungGen      total 3219456K, used 67869K [0x00000006eb380000, 0x00000007b2b00000, 0x00000007c0000000)
  eden space 3200512K, 2% used [0x00000006eb380000,0x00000006ef2f2e88,0x00000007ae900000)
  from space 18944K, 15% used [0x00000007af500000,0x00000007af7d4780,0x00000007b0780000)
  to   space 12288K, 0% used [0x00000007ae900000,0x00000007ae900000,0x00000007af500000)
 ParOldGen       total 437248K, used 40000K [0x0000000541a00000, 0x000000055c500000, 0x00000006eb380000)
  object space 437248K, 9% used [0x0000000541a00000,0x0000000544110008,0x000000055c500000)
 Metaspace       used 14715K, capacity 14927K, committed 15232K, reserved 1062912K
  class space    used 1761K, capacity 1840K, committed 1920K, reserved 1048576K
Event: 38.004 GC heap after
Heap after GC invocations=407 (full 42):
 PSYoungGen      total 3212800K, used 2897K [0x00000006eb380000, 0x00000007b2b00000, 0x00000007c0000000)
  eden space 3200512K, 0% used [0x00000006eb380000,0x00000006eb380000,0x00000007ae900000)
  from space 12288K, 23% used [0x00000007ae900000,0x00000007aebd4780,0x00000007af500000)
  to   space 18944K, 0% used [0x00000007af500000,0x00000007af500000,0x00000007b0780000)
 ParOldGen       total 437248K, used 40008K [0x0000000541a00000, 0x000000055c500000, 0x00000006eb380000)
  object space 437248K, 9% used [0x0000000541a00000,0x0000000544112008,0x000000055c500000)
 Metaspace       used 14715K, capacity 14927K, committed 15232K, reserved 1062912K
  class space    used 1761K, capacity 1840K, committed 1920K, reserved 1048576K
}
Event: 38.016 GC heap before
{Heap before GC invocations=408 (full 42):
 PSYoungGen      total 3212800K, used 67869K [0x00000006eb380000, 0x00000007b2b00000, 0x00000007c0000000)
  eden space 3200512K, 2% used [0x00000006eb380000,0x00000006ef2f2e88,0x00000007ae900000)
  from space 12288K, 23% used [0x00000007ae900000,0x00000007aebd4780,0x00000007af500000)
  to   space 18944K, 0% used [0x00000007af500000,0x00000007af500000,0x00000007b0780000)
 ParOldGen       total 437248K, used 40008K [0x0000000541a00000, 0x000000055c500000, 0x00000006eb380000)
  object space 437248K, 9% used [0x0000000541a00000,0x0000000544112008,0x000000055c500000)
 Metaspace       used 14715K, capacity 14927K, committed 15232K, reserved 1062912K
  class space    used 1761K, capacity 1840K, committed 1920K, reserved 1048576K
Event: 38.017 GC heap after
Heap after GC invocations=408 (full 42):
 PSYoungGen      total 3219456K, used 2897K [0x00000006eb380000, 0x00000007b2b00000, 0x00000007c0000000)
  eden space 3200512K, 0% used [0x00000006eb380000,0x00000006eb380000,0x00000007ae900000)
  from space 18944K, 15% used [0x00000007af500000,0x00000007af7d4780,0x00000007b0780000)
  to   space 12288K, 0% used [0x00000007ae900000,0x00000007ae900000,0x00000007af500000)
 ParOldGen       total 437248K, used 40016K [0x0000000541a00000, 0x000000055c500000, 0x00000006eb380000)
  object space 437248K, 9% used [0x0000000541a00000,0x0000000544114008,0x000000055c500000)
 Metaspace       used 14715K, capacity 14927K, committed 15232K, reserved 1062912K
  class space    used 1761K, capacity 1840K, committed 1920K, reserved 1048576K
}
Event: 38.028 GC heap before
{Heap before GC invocations=409 (full 42):
 PSYoungGen      total 3219456K, used 67869K [0x00000006eb380000, 0x00000007b2b00000, 0x00000007c0000000)
  eden space 3200512K, 2% used [0x00000006eb380000,0x00000006ef2f2e88,0x00000007ae900000)
  from space 18944K, 15% used [0x00000007af500000,0x00000007af7d4780,0x00000007b0780000)
  to   space 12288K, 0% used [0x00000007ae900000,0x00000007ae900000,0x00000007af500000)
 ParOldGen       total 437248K, used 40016K [0x0000000541a00000, 0x000000055c500000, 0x00000006eb380000)
  object space 437248K, 9% used [0x0000000541a00000,0x0000000544114008,0x000000055c500000)
 Metaspace       used 14715K, capacity 14927K, committed 15232K, reserved 1062912K
  class space    used 1761K, capacity 1840K, committed 1920K, reserved 1048576K
Event: 38.029 GC heap after
Heap after GC invocations=409 (full 42):
 PSYoungGen      total 3212800K, used 2897K [0x00000006eb380000, 0x00000007b2b00000, 0x00000007c0000000)
  eden space 3200512K, 0% used [0x00000006eb380000,0x00000006eb380000,0x00000007ae900000)
  from space 12288K, 23% used [0x00000007ae900000,0x00000007aebd4780,0x00000007af500000)
  to   space 18944K, 0% used [0x00000007af500000,0x00000007af500000,0x00000007b0780000)
 ParOldGen       total 437248K, used 40024K [0x0000000541a00000, 0x000000055c500000, 0x00000006eb380000)
  object space 437248K, 9% used [0x0000000541a00000,0x0000000544116008,0x000000055c500000)
 Metaspace       used 14715K, capacity 14927K, committed 15232K, reserved 1062912K
  class space    used 1761K, capacity 1840K, committed 1920K, reserved 1048576K
}
Event: 38.041 GC heap before
{Heap before GC invocations=410 (full 42):
 PSYoungGen      total 3212800K, used 67869K [0x00000006eb380000, 0x00000007b2b00000, 0x00000007c0000000)
  eden space 3200512K, 2% used [0x00000006eb380000,0x00000006ef2f2e88,0x00000007ae900000)
  from space 12288K, 23% used [0x00000007ae900000,0x00000007aebd4780,0x00000007af500000)
  to   space 18944K, 0% used [0x00000007af500000,0x00000007af500000,0x00000007b0780000)
 ParOldGen       total 437248K, used 40024K [0x0000000541a00000, 0x000000055c500000, 0x00000006eb380000)
  object space 437248K, 9% used [0x0000000541a00000,0x0000000544116008,0x000000055c500000)
 Metaspace       used 14715K, capacity 14927K, committed 15232K, reserved 1062912K
  class space    used 1761K, capacity 1840K, committed 1920K, reserved 1048576K
Event: 38.042 GC heap after
Heap after GC invocations=410 (full 42):
 PSYoungGen      total 3219456K, used 2865K [0x00000006eb380000, 0x00000007b2b00000, 0x00000007c0000000)
  eden space 3200512K, 0% used [0x00000006eb380000,0x00000006eb380000,0x00000007ae900000)
  from space 18944K, 15% used [0x00000007af500000,0x00000007af7cc780,0x00000007b0780000)
  to   space 12288K, 0% used [0x00000007ae900000,0x00000007ae900000,0x00000007af500000)
 ParOldGen       total 437248K, used 40032K [0x0000000541a00000, 0x000000055c500000, 0x00000006eb380000)
  object space 437248K, 9% used [0x0000000541a00000,0x0000000544118008,0x000000055c500000)
 Metaspace       used 14715K, capacity 14927K, committed 15232K, reserved 1062912K
  class space    used 1761K, capacity 1840K, committed 1920K, reserved 1048576K
}
Event: 38.042 GC heap before
{Heap before GC invocations=411 (full 43):
 PSYoungGen      total 3219456K, used 2865K [0x00000006eb380000, 0x00000007b2b00000, 0x00000007c0000000)
  eden space 3200512K, 0% used [0x00000006eb380000,0x00000006eb380000,0x00000007ae900000)
  from space 18944K, 15% used [0x00000007af500000,0x00000007af7cc780,0x00000007b0780000)
  to   space 12288K, 0% used [0x00000007ae900000,0x00000007ae900000,0x00000007af500000)
 ParOldGen       total 437248K, used 40032K [0x0000000541a00000, 0x000000055c500000, 0x00000006eb380000)
  object space 437248K, 9% used [0x0000000541a00000,0x0000000544118008,0x000000055c500000)
 Metaspace       used 14715K, capacity 14927K, committed 15232K, reserved 1062912K
  class space    used 1761K, capacity 1840K, committed 1920K, reserved 1048576K

