# JRE version: Java(TM) SE Runtime Environment (12.0.2+10) (build 12.0.2+10)
# Java VM: Java HotSpot(TM) 64-Bit Server VM (12.0.2+10, mixed mode, sharing, tiered, compressed oops, g1 gc, windows-amd64)
Heap:
 garbage-first heap   total 215040K, used 98550K [0x0000000581a00000, 0x0000000800000000)
  region size 2048K, 19 young (38912K), 3 survivors (6144K)
 Metaspace       used 16652K, capacity 17059K, committed 17536K, reserved 1064960K
  class space    used 1785K, capacity 1939K, committed 2176K, reserved 1048576K
GC Heap History (10 events):
Event: 31580.332 GC heap before
{Heap before GC invocations=56334 (full 23000):
 garbage-first heap   total 178176K, used 96959K [0x0000000581a00000, 0x0000000800000000)
  region size 2048K, 22 young (45056K), 0 survivors (0K)
 Metaspace       used 16652K, capacity 17059K, committed 17536K, reserved 1064960K
  class space    used 1785K, capacity 1939K, committed 2176K, reserved 1048576K
}
Event: 31580.334 GC heap after
{Heap after GC invocations=56335 (full 23000):
 garbage-first heap   total 178176K, used 53698K [0x0000000581a00000, 0x0000000800000000)
  region size 2048K, 1 young (2048K), 1 survivors (2048K)
 Metaspace       used 16652K, capacity 17059K, committed 17536K, reserved 1064960K
  class space    used 1785K, capacity 1939K, committed 2176K, reserved 1048576K
}
Event: 31581.109 GC heap before
{Heap before GC invocations=56336 (full 23000):
 garbage-first heap   total 178176K, used 104898K [0x0000000581a00000, 0x0000000800000000)
  region size 2048K, 26 young (53248K), 1 survivors (2048K)
 Metaspace       used 16652K, capacity 17059K, committed 17536K, reserved 1064960K
  class space    used 1785K, capacity 1939K, committed 2176K, reserved 1048576K
}
Event: 31581.113 GC heap after
{Heap after GC invocations=56337 (full 23000):
 garbage-first heap   total 178176K, used 76761K [0x0000000581a00000, 0x0000000800000000)
  region size 2048K, 4 young (8192K), 4 survivors (8192K)
 Metaspace       used 16652K, capacity 17059K, committed 17536K, reserved 1064960K
  class space    used 1785K, capacity 1939K, committed 2176K, reserved 1048576K
}
Event: 31581.280 GC heap before
{Heap before GC invocations=56337 (full 23000):
 garbage-first heap   total 178176K, used 99289K [0x0000000581a00000, 0x0000000800000000)
  region size 2048K, 17 young (34816K), 4 survivors (8192K)
 Metaspace       used 16652K, capacity 17059K, committed 17536K, reserved 1064960K
  class space    used 1785K, capacity 1939K, committed 2176K, reserved 1048576K
}
Event: 31581.294 GC heap after
{Heap after GC invocations=56338 (full 23001):
 garbage-first heap   total 178176K, used 51373K [0x0000000581a00000, 0x0000000800000000)
  region size 2048K, 0 young (0K), 0 survivors (0K)
 Metaspace       used 16652K, capacity 17059K, committed 17536K, reserved 1064960K
  class space    used 1785K, capacity 1939K, committed 2176K, reserved 1048576K
}
Event: 31582.399 GC heap before
{Heap before GC invocations=56338 (full 23001):
 garbage-first heap   total 178176K, used 88237K [0x0000000581a00000, 0x0000000800000000)
  region size 2048K, 19 young (38912K), 0 survivors (0K)
 Metaspace       used 16652K, capacity 17059K, committed 17536K, reserved 1064960K
  class space    used 1785K, capacity 1939K, committed 2176K, reserved 1048576K
}
Event: 31582.411 GC heap after
{Heap after GC invocations=56339 (full 23002):
 garbage-first heap   total 178176K, used 51647K [0x0000000581a00000, 0x0000000800000000)
  region size 2048K, 0 young (0K), 0 survivors (0K)
 Metaspace       used 16652K, capacity 17059K, committed 17536K, reserved 1064960K
  class space    used 1785K, capacity 1939K, committed 2176K, reserved 1048576K
}
Event: 31583.420 GC heap before
{Heap before GC invocations=56339 (full 23002):
 garbage-first heap   total 178176K, used 100799K [0x0000000581a00000, 0x0000000800000000)
  region size 2048K, 24 young (49152K), 0 survivors (0K)
 Metaspace       used 16652K, capacity 17059K, committed 17536K, reserved 1064960K
  class space    used 1785K, capacity 1939K, committed 2176K, reserved 1048576K
}
Event: 31583.424 GC heap after
{Heap after GC invocations=56340 (full 23002):
 garbage-first heap   total 215040K, used 69878K [0x0000000581a00000, 0x0000000800000000)
  region size 2048K, 3 young (6144K), 3 survivors (6144K)
 Metaspace       used 16652K, capacity 17059K, committed 17536K, reserved 1064960K
  class space    used 1785K, capacity 1939K, committed 2176K, reserved 1048576K
}

