# JRE version: Java(TM) SE Runtime Environment (8.0_111-b14) (build 1.8.0_111-b14)
# Java VM: Java HotSpot(TM) 64-Bit Server VM (25.111-b14 mixed mode windows-amd64 compressed oops)
Heap:
 PSYoungGen      total 1841664K, used 75096K [0x00000006eb380000, 0x000000075c600000, 0x00000007c0000000)
  eden space 1829376K, 3% used [0x00000006eb380000,0x00000006efaf5c00,0x000000075ae00000)
  from space 12288K, 15% used [0x000000075ae00000,0x000000075afe0500,0x000000075ba00000)
  to   space 11776K, 0% used [0x000000075ba80000,0x000000075ba80000,0x000000075c600000)
 ParOldGen       total 437248K, used 39805K [0x0000000541a00000, 0x000000055c500000, 0x00000006eb380000)
  object space 437248K, 9% used [0x0000000541a00000,0x00000005440df498,0x000000055c500000)
 Metaspace       used 14790K, capacity 15023K, committed 15232K, reserved 1062912K
  class space    used 1784K, capacity 1872K, committed 1920K, reserved 1048576K
GC Heap History (10 events):
Event: 28.414 GC heap before
{Heap before GC invocations=437 (full 139):
 PSYoungGen      total 1841664K, used 75128K [0x00000006eb380000, 0x000000075c600000, 0x00000007c0000000)
  eden space 1829376K, 3% used [0x00000006eb380000,0x00000006efaf5c00,0x000000075ae00000)
  from space 12288K, 15% used [0x000000075ae00000,0x000000075afe8500,0x000000075ba00000)
  to   space 11776K, 0% used [0x000000075ba80000,0x000000075ba80000,0x000000075c600000)
 ParOldGen       total 437248K, used 39804K [0x0000000541a00000, 0x000000055c500000, 0x00000006eb380000)
  object space 437248K, 9% used [0x0000000541a00000,0x00000005440df330,0x000000055c500000)
 Metaspace       used 14782K, capacity 15023K, committed 15232K, reserved 1062912K
  class space    used 1784K, capacity 1872K, committed 1920K, reserved 1048576K
Event: 28.415 GC heap after
Heap after GC invocations=437 (full 139):
 PSYoungGen      total 1841152K, used 1921K [0x00000006eb380000, 0x000000075c600000, 0x00000007c0000000)
  eden space 1829376K, 0% used [0x00000006eb380000,0x00000006eb380000,0x000000075ae00000)
  from space 11776K, 16% used [0x000000075ba80000,0x000000075bc60500,0x000000075c600000)
  to   space 12288K, 0% used [0x000000075ae00000,0x000000075ae00000,0x000000075ba00000)
 ParOldGen       total 437248K, used 39812K [0x0000000541a00000, 0x000000055c500000, 0x00000006eb380000)
  object space 437248K, 9% used [0x0000000541a00000,0x00000005440e1330,0x000000055c500000)
 Metaspace       used 14782K, capacity 15023K, committed 15232K, reserved 1062912K
  class space    used 1784K, capacity 1872K, committed 1920K, reserved 1048576K
}
Event: 28.435 GC heap before
{Heap before GC invocations=438 (full 139):
 PSYoungGen      total 1841152K, used 75096K [0x00000006eb380000, 0x000000075c600000, 0x00000007c0000000)
  eden space 1829376K, 3% used [0x00000006eb380000,0x00000006efaf5c00,0x000000075ae00000)
  from space 11776K, 16% used [0x000000075ba80000,0x000000075bc60500,0x000000075c600000)
  to   space 12288K, 0% used [0x000000075ae00000,0x000000075ae00000,0x000000075ba00000)
 ParOldGen       total 437248K, used 39812K [0x0000000541a00000, 0x000000055c500000, 0x00000006eb380000)
  object space 437248K, 9% used [0x0000000541a00000,0x00000005440e1330,0x000000055c500000)
 Metaspace       used 14788K, capacity 15023K, committed 15232K, reserved 1062912K
  class space    used 1784K, capacity 1872K, committed 1920K, reserved 1048576K
Event: 28.436 GC heap after
Heap after GC invocations=438 (full 139):
 PSYoungGen      total 1841664K, used 1953K [0x00000006eb380000, 0x000000075c600000, 0x00000007c0000000)
  eden space 1829376K, 0% used [0x00000006eb380000,0x00000006eb380000,0x000000075ae00000)
  from space 12288K, 15% used [0x000000075ae00000,0x000000075afe8500,0x000000075ba00000)
  to   space 11776K, 0% used [0x000000075ba80000,0x000000075ba80000,0x000000075c600000)
 ParOldGen       total 437248K, used 39820K [0x0000000541a00000, 0x000000055c500000, 0x00000006eb380000)
  object space 437248K, 9% used [0x0000000541a00000,0x00000005440e3330,0x000000055c500000)
 Metaspace       used 14788K, capacity 15023K, committed 15232K, reserved 1062912K
  class space    used 1784K, capacity 1872K, committed 1920K, reserved 1048576K
}
Event: 28.436 GC heap before
{Heap before GC invocations=439 (full 140):
 PSYoungGen      total 1841664K, used 1953K [0x00000006eb380000, 0x000000075c600000, 0x00000007c0000000)
  eden space 1829376K, 0% used [0x00000006eb380000,0x00000006eb380000,0x000000075ae00000)
  from space 12288K, 15% used [0x000000075ae00000,0x000000075afe8500,0x000000075ba00000)
  to   space 11776K, 0% used [0x000000075ba80000,0x000000075ba80000,0x000000075c600000)
 ParOldGen       total 437248K, used 39820K [0x0000000541a00000, 0x000000055c500000, 0x00000006eb380000)
  object space 437248K, 9% used [0x0000000541a00000,0x00000005440e3330,0x000000055c500000)
 Metaspace       used 14788K, capacity 15023K, committed 15232K, reserved 1062912K
  class space    used 1784K, capacity 1872K, committed 1920K, reserved 1048576K
Event: 28.452 GC heap after
Heap after GC invocations=439 (full 140):
 PSYoungGen      total 1841664K, used 0K [0x00000006eb380000, 0x000000075c600000, 0x00000007c0000000)
  eden space 1829376K, 0% used [0x00000006eb380000,0x00000006eb380000,0x000000075ae00000)
  from space 12288K, 0% used [0x000000075ae00000,0x000000075ae00000,0x000000075ba00000)
  to   space 11776K, 0% used [0x000000075ba80000,0x000000075ba80000,0x000000075c600000)
 ParOldGen       total 437248K, used 39797K [0x0000000541a00000, 0x000000055c500000, 0x00000006eb380000)
  object space 437248K, 9% used [0x0000000541a00000,0x00000005440dd498,0x000000055c500000)
 Metaspace       used 14788K, capacity 15023K, committed 15232K, reserved 1062912K
  class space    used 1784K, capacity 1872K, committed 1920K, reserved 1048576K
}
Event: 28.479 GC heap before
{Heap before GC invocations=440 (full 140):
 PSYoungGen      total 1841664K, used 73175K [0x00000006eb380000, 0x000000075c600000, 0x00000007c0000000)
  eden space 1829376K, 3% used [0x00000006eb380000,0x00000006efaf5c00,0x000000075ae00000)
  from space 12288K, 0% used [0x000000075ae00000,0x000000075ae00000,0x000000075ba00000)
  to   space 11776K, 0% used [0x000000075ba80000,0x000000075ba80000,0x000000075c600000)
 ParOldGen       total 437248K, used 39797K [0x0000000541a00000, 0x000000055c500000, 0x00000006eb380000)
  object space 437248K, 9% used [0x0000000541a00000,0x00000005440dd498,0x000000055c500000)
 Metaspace       used 14790K, capacity 15023K, committed 15232K, reserved 1062912K
  class space    used 1784K, capacity 1872K, committed 1920K, reserved 1048576K
Event: 28.482 GC heap after
Heap after GC invocations=440 (full 140):
 PSYoungGen      total 1841152K, used 976K [0x00000006eb380000, 0x000000075c600000, 0x00000007c0000000)
  eden space 1829376K, 0% used [0x00000006eb380000,0x00000006eb380000,0x000000075ae00000)
  from space 11776K, 8% used [0x000000075ba80000,0x000000075bb74280,0x000000075c600000)
  to   space 12288K, 0% used [0x000000075ae00000,0x000000075ae00000,0x000000075ba00000)
 ParOldGen       total 437248K, used 39797K [0x0000000541a00000, 0x000000055c500000, 0x00000006eb380000)
  object space 437248K, 9% used [0x0000000541a00000,0x00000005440dd498,0x000000055c500000)
 Metaspace       used 14790K, capacity 15023K, committed 15232K, reserved 1062912K
  class space    used 1784K, capacity 1872K, committed 1920K, reserved 1048576K
}
Event: 28.499 GC heap before
{Heap before GC invocations=441 (full 140):
 PSYoungGen      total 1841152K, used 74151K [0x00000006eb380000, 0x000000075c600000, 0x00000007c0000000)
  eden space 1829376K, 3% used [0x00000006eb380000,0x00000006efaf5bf8,0x000000075ae00000)
  from space 11776K, 8% used [0x000000075ba80000,0x000000075bb74280,0x000000075c600000)
  to   space 12288K, 0% used [0x000000075ae00000,0x000000075ae00000,0x000000075ba00000)
 ParOldGen       total 437248K, used 39797K [0x0000000541a00000, 0x000000055c500000, 0x00000006eb380000)
  object space 437248K, 9% used [0x0000000541a00000,0x00000005440dd498,0x000000055c500000)
 Metaspace       used 14790K, capacity 15023K, committed 15232K, reserved 1062912K
  class space    used 1784K, capacity 1872K, committed 1920K, reserved 1048576K
Event: 28.506 GC heap after
Heap after GC invocations=441 (full 140):
 PSYoungGen      total 1841664K, used 1921K [0x00000006eb380000, 0x000000075c600000, 0x00000007c0000000)
  eden space 1829376K, 0% used [0x00000006eb380000,0x00000006eb380000,0x000000075ae00000)
  from space 12288K, 15% used [0x000000075ae00000,0x000000075afe0500,0x000000075ba00000)
  to   space 11776K, 0% used [0x000000075ba80000,0x000000075ba80000,0x000000075c600000)
 ParOldGen       total 437248K, used 39805K [0x0000000541a00000, 0x000000055c500000, 0x00000006eb380000)
  object space 437248K, 9% used [0x0000000541a00000,0x00000005440df498,0x000000055c500000)
 Metaspace       used 14790K, capacity 15023K, committed 15232K, reserved 1062912K
  class space    used 1784K, capacity 1872K, committed 1920K, reserved 1048576K
}

