# JRE version: Java(TM) SE Runtime Environment (15.0.2+7) (build 15.0.2+7-27)
# Java VM: Java HotSpot(TM) 64-Bit Server VM (15.0.2+7-27, mixed mode, sharing, tiered, compressed oops, g1 gc, windows-amd64)
GC Precious Log:
 CPUs: 8 total, 8 available
 Memory: 40849M
 Large Page Support: Disabled
 NUMA Support: Disabled
 Compressed Oops: Enabled (Zero based)
 Heap Region Size: 8M
 Heap Min Capacity: 8M
 Heap Initial Capacity: 640M
 Heap Max Capacity: 10216M
 Pre-touch: Disabled
 Parallel Workers: 8
 Concurrent Workers: 2
 Concurrent Refinement Workers: 8
 Periodic GC: Disabled
Heap:
 garbage-first heap   total 32768K, used 7296K [0x0000000581800000, 0x0000000800000000)
  region size 8192K, 1 young (8192K), 0 survivors (0K)
 Metaspace       used 14127K, capacity 14280K, committed 14336K, reserved 1062912K
  class space    used 1456K, capacity 1522K, committed 1536K, reserved 1048576K
GC Heap History (20 events):
Event: 723.077 GC heap before
{Heap before GC invocations=7194 (full 7188):
 garbage-first heap   total 32768K, used 7335K [0x0000000581800000, 0x0000000800000000)
  region size 8192K, 1 young (8192K), 0 survivors (0K)
 Metaspace       used 14127K, capacity 14280K, committed 14336K, reserved 1062912K
  class space    used 1456K, capacity 1522K, committed 1536K, reserved 1048576K
}
Event: 723.093 GC heap after
{Heap after GC invocations=7195 (full 7189):
 garbage-first heap   total 32768K, used 7305K [0x0000000581800000, 0x0000000800000000)
  region size 8192K, 0 young (0K), 0 survivors (0K)
 Metaspace       used 14127K, capacity 14280K, committed 14336K, reserved 1062912K
  class space    used 1456K, capacity 1522K, committed 1536K, reserved 1048576K
}
Event: 723.168 GC heap before
{Heap before GC invocations=7195 (full 7189):
 garbage-first heap   total 32768K, used 7305K [0x0000000581800000, 0x0000000800000000)
  region size 8192K, 1 young (8192K), 0 survivors (0K)
 Metaspace       used 14127K, capacity 14280K, committed 14336K, reserved 1062912K
  class space    used 1456K, capacity 1522K, committed 1536K, reserved 1048576K
}
Event: 723.183 GC heap after
{Heap after GC invocations=7196 (full 7190):
 garbage-first heap   total 32768K, used 7266K [0x0000000581800000, 0x0000000800000000)
  region size 8192K, 0 young (0K), 0 survivors (0K)
 Metaspace       used 14127K, capacity 14280K, committed 14336K, reserved 1062912K
  class space    used 1456K, capacity 1522K, committed 1536K, reserved 1048576K
}
Event: 723.265 GC heap before
{Heap before GC invocations=7196 (full 7190):
 garbage-first heap   total 32768K, used 7266K [0x0000000581800000, 0x0000000800000000)
  region size 8192K, 1 young (8192K), 0 survivors (0K)
 Metaspace       used 14127K, capacity 14280K, committed 14336K, reserved 1062912K
  class space    used 1456K, capacity 1522K, committed 1536K, reserved 1048576K
}
Event: 723.280 GC heap after
{Heap after GC invocations=7197 (full 7191):
 garbage-first heap   total 32768K, used 7307K [0x0000000581800000, 0x0000000800000000)
  region size 8192K, 0 young (0K), 0 survivors (0K)
 Metaspace       used 14127K, capacity 14280K, committed 14336K, reserved 1062912K
  class space    used 1456K, capacity 1522K, committed 1536K, reserved 1048576K
}
Event: 723.371 GC heap before
{Heap before GC invocations=7197 (full 7191):
 garbage-first heap   total 32768K, used 7307K [0x0000000581800000, 0x0000000800000000)
  region size 8192K, 1 young (8192K), 0 survivors (0K)
 Metaspace       used 14127K, capacity 14280K, committed 14336K, reserved 1062912K
  class space    used 1456K, capacity 1522K, committed 1536K, reserved 1048576K
}
Event: 723.385 GC heap after
{Heap after GC invocations=7198 (full 7192):
 garbage-first heap   total 32768K, used 7277K [0x0000000581800000, 0x0000000800000000)
  region size 8192K, 0 young (0K), 0 survivors (0K)
 Metaspace       used 14127K, capacity 14280K, committed 14336K, reserved 1062912K
  class space    used 1456K, capacity 1522K, committed 1536K, reserved 1048576K
}
Event: 723.458 GC heap before
{Heap before GC invocations=7198 (full 7192):
 garbage-first heap   total 32768K, used 7277K [0x0000000581800000, 0x0000000800000000)
  region size 8192K, 1 young (8192K), 0 survivors (0K)
 Metaspace       used 14127K, capacity 14280K, committed 14336K, reserved 1062912K
  class space    used 1456K, capacity 1522K, committed 1536K, reserved 1048576K
}
Event: 723.472 GC heap after
{Heap after GC invocations=7199 (full 7193):
 garbage-first heap   total 32768K, used 7283K [0x0000000581800000, 0x0000000800000000)
  region size 8192K, 0 young (0K), 0 survivors (0K)
 Metaspace       used 14127K, capacity 14280K, committed 14336K, reserved 1062912K
  class space    used 1456K, capacity 1522K, committed 1536K, reserved 1048576K
}
Event: 723.569 GC heap before
{Heap before GC invocations=7199 (full 7193):
 garbage-first heap   total 32768K, used 7283K [0x0000000581800000, 0x0000000800000000)
  region size 8192K, 1 young (8192K), 0 survivors (0K)
 Metaspace       used 14127K, capacity 14280K, committed 14336K, reserved 1062912K
  class space    used 1456K, capacity 1522K, committed 1536K, reserved 1048576K
}
Event: 723.584 GC heap after
{Heap after GC invocations=7200 (full 7194):
 garbage-first heap   total 32768K, used 7295K [0x0000000581800000, 0x0000000800000000)
  region size 8192K, 0 young (0K), 0 survivors (0K)
 Metaspace       used 14127K, capacity 14280K, committed 14336K, reserved 1062912K
  class space    used 1456K, capacity 1522K, committed 1536K, reserved 1048576K
}
Event: 723.646 GC heap before
{Heap before GC invocations=7200 (full 7194):
 garbage-first heap   total 32768K, used 7295K [0x0000000581800000, 0x0000000800000000)
  region size 8192K, 1 young (8192K), 0 survivors (0K)
 Metaspace       used 14127K, capacity 14280K, committed 14336K, reserved 1062912K
  class space    used 1456K, capacity 1522K, committed 1536K, reserved 1048576K
}
Event: 723.659 GC heap after
{Heap after GC invocations=7201 (full 7195):
 garbage-first heap   total 32768K, used 7281K [0x0000000581800000, 0x0000000800000000)
  region size 8192K, 0 young (0K), 0 survivors (0K)
 Metaspace       used 14127K, capacity 14280K, committed 14336K, reserved 1062912K
  class space    used 1456K, capacity 1522K, committed 1536K, reserved 1048576K
}
Event: 723.746 GC heap before
{Heap before GC invocations=7201 (full 7195):
 garbage-first heap   total 32768K, used 7281K [0x0000000581800000, 0x0000000800000000)
  region size 8192K, 1 young (8192K), 0 survivors (0K)
 Metaspace       used 14127K, capacity 14280K, committed 14336K, reserved 1062912K
  class space    used 1456K, capacity 1522K, committed 1536K, reserved 1048576K
}
Event: 723.762 GC heap after
{Heap after GC invocations=7202 (full 7196):
 garbage-first heap   total 32768K, used 7341K [0x0000000581800000, 0x0000000800000000)
  region size 8192K, 0 young (0K), 0 survivors (0K)
 Metaspace       used 14127K, capacity 14280K, committed 14336K, reserved 1062912K
  class space    used 1456K, capacity 1522K, committed 1536K, reserved 1048576K
}
Event: 723.850 GC heap before
{Heap before GC invocations=7202 (full 7196):
 garbage-first heap   total 32768K, used 7341K [0x0000000581800000, 0x0000000800000000)
  region size 8192K, 1 young (8192K), 0 survivors (0K)
 Metaspace       used 14127K, capacity 14280K, committed 14336K, reserved 1062912K
  class space    used 1456K, capacity 1522K, committed 1536K, reserved 1048576K
}
Event: 723.865 GC heap after
{Heap after GC invocations=7203 (full 7197):
 garbage-first heap   total 32768K, used 7271K [0x0000000581800000, 0x0000000800000000)
  region size 8192K, 0 young (0K), 0 survivors (0K)
 Metaspace       used 14127K, capacity 14280K, committed 14336K, reserved 1062912K
  class space    used 1456K, capacity 1522K, committed 1536K, reserved 1048576K
}
Event: 723.959 GC heap before
{Heap before GC invocations=7203 (full 7197):
 garbage-first heap   total 32768K, used 7271K [0x0000000581800000, 0x0000000800000000)
  region size 8192K, 1 young (8192K), 0 survivors (0K)
 Metaspace       used 14127K, capacity 14280K, committed 14336K, reserved 1062912K
  class space    used 1456K, capacity 1522K, committed 1536K, reserved 1048576K
}
Event: 723.973 GC heap after
{Heap after GC invocations=7204 (full 7198):
 garbage-first heap   total 32768K, used 7296K [0x0000000581800000, 0x0000000800000000)
  region size 8192K, 0 young (0K), 0 survivors (0K)
 Metaspace       used 14127K, capacity 14280K, committed 14336K, reserved 1062912K
  class space    used 1456K, capacity 1522K, committed 1536K, reserved 1048576K
}

